
1-21-2024, 오전 6:46:14: kt9020님이 suicide_bomb 아이템을 사용합니다.
1-21-2024, 오전 6:46:50: kt9020님이 crossbow 아이템을 사용합니다.
1-21-2024, 오전 6:48:20: kt9020님이 double_barrel_shotgun 아이템을 사용합니다.
1-21-2024, 오전 6:49:50: kt9020님이 motor_cycle 아이템을 사용합니다.
1-21-2024, 오전 6:50:25: kt9020님이 mass_bomb 아이템을 사용합니다.
1-21-2024, 오전 6:50:27: kt9020님이 mass_bomb 아이템을 사용합니다.
1-21-2024, 오전 6:51:26: kt9020님이 mine 아이템을 사용합니다.
1-21-2024, 오전 6:51:30: kt9020님이 mine 아이템을 사용합니다.
1-21-2024, 오전 6:51:31: kt9020님이 mine 아이템을 사용합니다.
1-21-2024, 오전 6:51:31: kt9020님이 mine 아이템을 사용합니다.
1-21-2024, 오전 6:51:33: kt9020님이 mine 아이템을 사용합니다.
1-21-2024, 오전 6:51:34: kt9020님이 mine 아이템을 사용합니다.
1-21-2024, 오전 6:51:34: kt9020님이 mine 아이템을 사용합니다.
1-21-2024, 오전 6:51:35: kt9020님이 mine 아이템을 사용합니다.
1-21-2024, 오전 6:51:37: kt9020님이 mine 아이템을 사용합니다.
1-21-2024, 오전 6:51:39: kt9020님이 mine 아이템을 사용합니다.
1-21-2024, 오전 6:51:42: kt9020님이 mine 아이템을 사용합니다.
1-21-2024, 오전 6:51:43: kt9020님이 mine 아이템을 사용합니다.
1-21-2024, 오전 6:51:44: kt9020님이 mine 아이템을 사용합니다.
1-21-2024, 오전 6:51:45: kt9020님이 mine 아이템을 사용합니다.
1-21-2024, 오전 6:51:49: kt9020님이 mine 아이템을 사용합니다.
1-22-2024, 오전 1:45:55: kt9020님이 m8a7_mini_assault_rifle 아이템을 사용합니다.
1-26-2024, 오전 11:01:51: kt9020님이 impact_bomb 아이템을 사용합니다.
1-26-2024, 오전 11:02:00: kt9020님이 impact_bomb 아이템을 사용합니다.
1-26-2024, 오전 11:10:13: kt9020님이 impact_bomb 아이템을 사용합니다.
1-26-2024, 오전 11:13:14: kt9020님이 impact_bomb 아이템을 사용합니다.
1-26-2024, 오전 11:13:35: kt9020님이 impact_bomb 아이템을 사용합니다.
1-26-2024, 오전 11:13:49: kt9020님이 ivan_rocket 아이템을 사용합니다.
1-26-2024, 오전 11:13:54: kt9020님이 ivan_rocket 아이템을 사용합니다.
1-26-2024, 오전 11:13:59: kt9020님이 ivan_rocket 아이템을 사용합니다.
1-26-2024, 오전 11:14:20: kt9020님이 suicide_bomb 아이템을 사용합니다.