
1-22-2024, ¿ÀÀü 7:02:35: kt9020´ÔÀÌ º¸³¿: pipper play ,15,15,15,15
1-22-2024, ¿ÀÀü 7:02:49: kt9021´ÔÀÌ º¸³¿: pipper play 1
1-22-2024, ¿ÀÀü 7:02:52: kt9021´ÔÀÌ º¸³¿: pipper mine
1-22-2024, ¿ÀÀü 7:02:55: kt9020´ÔÀÌ º¸³¿: pipper mine
1-22-2024, ¿ÀÀü 7:03:03: kt9020´ÔÀÌ º¸³¿: pipper play 2
1-22-2024, ¿ÀÀü 7:03:04: kt9021´ÔÀÌ º¸³¿: pipper mine
1-22-2024, ¿ÀÀü 7:03:06: kt9020´ÔÀÌ º¸³¿: pipper mine
1-22-2024, ¿ÀÀü 7:03:13: kt9020´ÔÀÌ º¸³¿: pipper play 3
1-22-2024, ¿ÀÀü 7:03:17: kt9021´ÔÀÌ º¸³¿: pipper mine
1-22-2024, ¿ÀÀü 7:03:21: kt9021´ÔÀÌ º¸³¿: pipper mine
1-22-2024, ¿ÀÀü 7:03:21: kt9021´ÔÀÌ º¸³¿: pipper mine
1-22-2024, ¿ÀÀü 7:03:29: kt9021´ÔÀÌ º¸³¿: pipper play 4
1-22-2024, ¿ÀÀü 7:03:30: kt9020´ÔÀÌ º¸³¿: pipper mine
1-22-2024, ¿ÀÀü 7:03:31: kt9021´ÔÀÌ º¸³¿: pipper mine
1-22-2024, ¿ÀÀü 7:03:31: kt9021´ÔÀÌ º¸³¿: pipper mine
1-22-2024, ¿ÀÀü 7:03:37: kt9021´ÔÀÌ º¸³¿: pipper play 5
1-22-2024, ¿ÀÀü 7:03:37: kt9021´ÔÀÌ º¸³¿: pipper mine
1-22-2024, ¿ÀÀü 7:03:37: kt9021´ÔÀÌ º¸³¿: pipper mine
1-22-2024, ¿ÀÀü 7:03:38: kt9020´ÔÀÌ º¸³¿: pipper mine
1-22-2024, ¿ÀÀü 7:03:38: kt9020´ÔÀÌ º¸³¿: pipper mine
1-22-2024, ¿ÀÀü 7:03:43: kt9020´ÔÀÌ º¸³¿: pipper play 6
1-22-2024, ¿ÀÀü 7:03:43: kt9021´ÔÀÌ º¸³¿: pipper mine
1-22-2024, ¿ÀÀü 7:03:46: kt9021´ÔÀÌ º¸³¿: pipper mine
1-22-2024, ¿ÀÀü 7:03:46: kt9021´ÔÀÌ º¸³¿: pipper mine
1-22-2024, ¿ÀÀü 7:03:55: kt9021´ÔÀÌ º¸³¿: pipper mine
1-22-2024, ¿ÀÀü 7:04:01: kt9021´ÔÀÌ º¸³¿: pipper play 7
1-22-2024, ¿ÀÀü 7:04:06: kt9020´ÔÀÌ º¸³¿: pipper mine
1-22-2024, ¿ÀÀü 7:04:09: kt9021´ÔÀÌ º¸³¿: pipper mine
1-22-2024, ¿ÀÀü 7:04:15: kt9021´ÔÀÌ º¸³¿: pipper play 8
1-22-2024, ¿ÀÀü 7:04:15: kt9021´ÔÀÌ º¸³¿: pipper mine
1-22-2024, ¿ÀÀü 7:04:17: kt9020´ÔÀÌ º¸³¿: pipper mine
1-22-2024, ¿ÀÀü 7:04:21: kt9020´ÔÀÌ º¸³¿: pipper play 9
1-22-2024, ¿ÀÀü 7:04:22: kt9021´ÔÀÌ º¸³¿: pipper mine
1-22-2024, ¿ÀÀü 7:04:23: kt9020´ÔÀÌ º¸³¿: pipper mine
1-22-2024, ¿ÀÀü 7:04:28: kt9020´ÔÀÌ º¸³¿: pipper play 10
1-22-2024, ¿ÀÀü 7:04:28: kt9020´ÔÀÌ º¸³¿: pipper mine
1-22-2024, ¿ÀÀü 7:04:29: kt9021´ÔÀÌ º¸³¿: pipper mine
1-22-2024, ¿ÀÀü 7:04:29: kt9021´ÔÀÌ º¸³¿: pipper mine
1-22-2024, ¿ÀÀü 7:04:57: kt9021´ÔÀÌ º¸³¿: pipper play 11
1-22-2024, ¿ÀÀü 7:04:59: kt9020´ÔÀÌ º¸³¿: pipper mine
1-22-2024, ¿ÀÀü 7:05:01: kt9021´ÔÀÌ º¸³¿: pipper mine
1-22-2024, ¿ÀÀü 7:05:06: kt9020´ÔÀÌ º¸³¿: pipper play ,15,15,15,15
1-22-2024, ¿ÀÀü 7:05:10: kt9021´ÔÀÌ º¸³¿: pipper play 12
1-22-2024, ¿ÀÀü 7:05:11: kt9020´ÔÀÌ º¸³¿: pipper mine
1-22-2024, ¿ÀÀü 7:05:12: kt9020´ÔÀÌ º¸³¿: pipper mine
1-22-2024, ¿ÀÀü 7:05:12: kt9020´ÔÀÌ º¸³¿: pipper mine
1-22-2024, ¿ÀÀü 7:05:18: kt9020´ÔÀÌ º¸³¿: pipper play ,15,15,15,15
1-22-2024, ¿ÀÀü 7:05:22: kt9020´ÔÀÌ º¸³¿: pipper pass
1-22-2024, ¿ÀÀü 7:05:23: kt9021´ÔÀÌ º¸³¿: pipper pass
1-22-2024, ¿ÀÀü 7:05:28: kt9021´ÔÀÌ º¸³¿: pipper play ,14,14,14
1-22-2024, ¿ÀÀü 7:05:33: kt9020´ÔÀÌ º¸³¿: pipper play 14
1-22-2024, ¿ÀÀü 7:05:34: kt9021´ÔÀÌ º¸³¿: pipper mine
1-22-2024, ¿ÀÀü 7:05:37: kt9021´ÔÀÌ º¸³¿: pipper mine
1-22-2024, ¿ÀÀü 7:05:37: kt9021´ÔÀÌ º¸³¿: pipper mine
1-22-2024, ¿ÀÀü 7:05:45: kt9021´ÔÀÌ º¸³¿: pipper play 13
1-22-2024, ¿ÀÀü 7:06:36: kt9020´ÔÀÌ º¸³¿: pipper play ,2,2,3,3,4,4
1-22-2024, ¿ÀÀü 7:06:38: kt9021´ÔÀÌ º¸³¿: pipper pass
1-22-2024, ¿ÀÀü 7:06:39: kt9020´ÔÀÌ º¸³¿: pipper pass
1-22-2024, ¿ÀÀü 7:06:40: kt9021´ÔÀÌ º¸³¿: pipper pass
1-22-2024, ¿ÀÀü 7:06:47: kt9020´ÔÀÌ º¸³¿: pipper play ,2,2,3,3,4,4
1-22-2024, ¿ÀÀü 7:07:03: kt9021´ÔÀÌ º¸³¿: pipper play ,6,6,7,7,8,8
1-22-2024, ¿ÀÀü 7:07:05: kt9020´ÔÀÌ º¸³¿: pipper pass
1-22-2024, ¿ÀÀü 7:07:09: kt9021´ÔÀÌ º¸³¿: pipper play 1
1-22-2024, ¿ÀÀü 7:07:10: kt9020´ÔÀÌ º¸³¿: pipper mine
1-22-2024, ¿ÀÀü 7:07:10: kt9020´ÔÀÌ º¸³¿: pipper mine
1-22-2024, ¿ÀÀü 7:07:10: kt9021´ÔÀÌ º¸³¿: pipper mine
1-22-2024, ¿ÀÀü 7:07:12: kt9020´ÔÀÌ º¸³¿: pipper mine
1-22-2024, ¿ÀÀü 7:07:15: kt9020´ÔÀÌ º¸³¿: pipper play 4
1-22-2024, ¿ÀÀü 7:07:16: kt9021´ÔÀÌ º¸³¿: pipper mine
1-22-2024, ¿ÀÀü 7:07:16: kt9021´ÔÀÌ º¸³¿: pipper mine
1-22-2024, ¿ÀÀü 7:07:17: kt9020´ÔÀÌ º¸³¿: pipper mine
1-22-2024, ¿ÀÀü 7:07:21: kt9020´ÔÀÌ º¸³¿: pipper play 5,5
1-22-2024, ¿ÀÀü 7:07:22: kt9021´ÔÀÌ º¸³¿: pipper mine
1-22-2024, ¿ÀÀü 7:07:28: kt9021´ÔÀÌ º¸³¿: pipper play ,9,9,9,9
1-22-2024, ¿ÀÀü 7:07:35: kt9020´ÔÀÌ º¸³¿: pipper pass
1-22-2024, ¿ÀÀü 7:07:37: kt9021´ÔÀÌ º¸³¿: pipper play 2,2
1-22-2024, ¿ÀÀü 7:07:38: kt9020´ÔÀÌ º¸³¿: pipper pass
1-22-2024, ¿ÀÀü 7:07:41: kt9021´ÔÀÌ º¸³¿: pipper play 3,3
1-22-2024, ¿ÀÀü 7:07:43: kt9020´ÔÀÌ º¸³¿: pipper mine
1-22-2024, ¿ÀÀü 7:07:43: kt9020´ÔÀÌ º¸³¿: pipper mine
1-22-2024, ¿ÀÀü 7:07:43: kt9020´ÔÀÌ º¸³¿: pipper pass
1-22-2024, ¿ÀÀü 7:07:45: kt9021´ÔÀÌ º¸³¿: pipper play 4
1-22-2024, ¿ÀÀü 7:07:47: kt9020´ÔÀÌ º¸³¿: pipper play 5
1-22-2024, ¿ÀÀü 7:07:50: kt9021´ÔÀÌ º¸³¿: pipper play 15
1-22-2024, ¿ÀÀü 7:07:51: kt9020´ÔÀÌ º¸³¿: pipper pass
1-22-2024, ¿ÀÀü 7:07:54: kt9021´ÔÀÌ º¸³¿: pipper play 5,5
1-22-2024, ¿ÀÀü 7:07:55: kt9020´ÔÀÌ º¸³¿: pipper pass
1-22-2024, ¿ÀÀü 7:07:57: kt9021´ÔÀÌ º¸³¿: pipper play 7
1-22-2024, ¿ÀÀü 7:07:58: kt9020´ÔÀÌ º¸³¿: pipper pass
1-22-2024, ¿ÀÀü 7:08:00: kt9021´ÔÀÌ º¸³¿: pipper play 10,10
1-22-2024, ¿ÀÀü 7:08:06: kt9020´ÔÀÌ º¸³¿: pipper play ,100,100
1-22-2024, ¿ÀÀü 7:08:07: kt9021´ÔÀÌ º¸³¿: pipper pass
1-22-2024, ¿ÀÀü 7:08:08: kt9020´ÔÀÌ º¸³¿: pipper play 15
1-22-2024, ¿ÀÀü 7:08:09: kt9021´ÔÀÌ º¸³¿: pipper pass
1-22-2024, ¿ÀÀü 7:08:10: kt9020´ÔÀÌ º¸³¿: pipper play 15
1-22-2024, ¿ÀÀü 7:08:10: kt9021´ÔÀÌ º¸³¿: pipper pass
1-22-2024, ¿ÀÀü 7:08:11: kt9020´ÔÀÌ º¸³¿: pipper play 14
1-22-2024, ¿ÀÀü 7:08:11: kt9021´ÔÀÌ º¸³¿: pipper pass
1-22-2024, ¿ÀÀü 7:08:12: kt9020´ÔÀÌ º¸³¿: pipper play 14
1-22-2024, ¿ÀÀü 7:08:13: kt9021´ÔÀÌ º¸³¿: pipper pass
1-22-2024, ¿ÀÀü 7:08:13: kt9020´ÔÀÌ º¸³¿: pipper play 13
1-22-2024, ¿ÀÀü 7:08:14: kt9021´ÔÀÌ º¸³¿: pipper pass
1-22-2024, ¿ÀÀü 7:08:15: kt9020´ÔÀÌ º¸³¿: pipper play 13
1-22-2024, ¿ÀÀü 7:08:15: kt9021´ÔÀÌ º¸³¿: pipper pass
1-22-2024, ¿ÀÀü 7:08:16: kt9020´ÔÀÌ º¸³¿: pipper play 13
1-22-2024, ¿ÀÀü 7:08:16: kt9021´ÔÀÌ º¸³¿: pipper pass
1-22-2024, ¿ÀÀü 7:08:17: kt9020´ÔÀÌ º¸³¿: pipper play 12
1-22-2024, ¿ÀÀü 7:08:18: kt9021´ÔÀÌ º¸³¿: pipper pass
1-22-2024, ¿ÀÀü 7:08:19: kt9020´ÔÀÌ º¸³¿: pipper play 12
1-22-2024, ¿ÀÀü 7:08:19: kt9021´ÔÀÌ º¸³¿: pipper pass
1-22-2024, ¿ÀÀü 7:08:20: kt9020´ÔÀÌ º¸³¿: pipper play 11
1-22-2024, ¿ÀÀü 7:08:21: kt9021´ÔÀÌ º¸³¿: pipper pass
1-22-2024, ¿ÀÀü 7:08:21: kt9020´ÔÀÌ º¸³¿: pipper play 11
1-22-2024, ¿ÀÀü 7:08:22: kt9021´ÔÀÌ º¸³¿: pipper pass
1-22-2024, ¿ÀÀü 7:08:22: kt9020´ÔÀÌ º¸³¿: pipper play 11
1-22-2024, ¿ÀÀü 7:08:23: kt9021´ÔÀÌ º¸³¿: pipper pass
1-22-2024, ¿ÀÀü 7:08:25: kt9020´ÔÀÌ º¸³¿: pipper play ,10,10
1-22-2024, ¿ÀÀü 7:08:26: kt9021´ÔÀÌ º¸³¿: pipper pass
1-22-2024, ¿ÀÀü 7:08:27: kt9020´ÔÀÌ º¸³¿: pipper play 8
1-22-2024, ¿ÀÀü 7:08:27: kt9021´ÔÀÌ º¸³¿: pipper pass
1-22-2024, ¿ÀÀü 7:08:29: kt9020´ÔÀÌ º¸³¿: pipper play 8
1-22-2024, ¿ÀÀü 7:08:30: kt9021´ÔÀÌ º¸³¿: pipper pass
1-22-2024, ¿ÀÀü 7:08:30: kt9020´ÔÀÌ º¸³¿: pipper play 7
1-22-2024, ¿ÀÀü 7:08:31: kt9021´ÔÀÌ º¸³¿: pipper pass
1-22-2024, ¿ÀÀü 7:08:32: kt9020´ÔÀÌ º¸³¿: pipper play 6
1-22-2024, ¿ÀÀü 7:08:32: kt9021´ÔÀÌ º¸³¿: pipper pass
1-22-2024, ¿ÀÀü 7:08:33: kt9020´ÔÀÌ º¸³¿: pipper play 6
1-22-2024, ¿ÀÀü 7:08:34: kt9021´ÔÀÌ º¸³¿: pipper pass
1-22-2024, ¿ÀÀü 7:08:35: kt9020´ÔÀÌ º¸³¿: pipper play 5
1-22-2024, ¿ÀÀü 7:09:00: kt9020´ÔÀÌ º¸³¿: pipper play 1
1-22-2024, ¿ÀÀü 7:09:01: kt9021´ÔÀÌ º¸³¿: pipper mine
1-22-2024, ¿ÀÀü 7:09:02: kt9021´ÔÀÌ º¸³¿: pipper mine
1-22-2024, ¿ÀÀü 7:09:03: kt9020´ÔÀÌ º¸³¿: pipper mine
1-22-2024, ¿ÀÀü 7:09:03: kt9020´ÔÀÌ º¸³¿: pipper mine
1-22-2024, ¿ÀÀü 7:09:07: kt9020´ÔÀÌ º¸³¿: pipper play 2
1-22-2024, ¿ÀÀü 7:09:08: kt9021´ÔÀÌ º¸³¿: pipper mine
1-22-2024, ¿ÀÀü 7:09:08: kt9021´ÔÀÌ º¸³¿: pipper mine
1-22-2024, ¿ÀÀü 7:09:09: kt9021´ÔÀÌ º¸³¿: pipper mine
1-22-2024, ¿ÀÀü 7:09:12: kt9020´ÔÀÌ º¸³¿: pipper mine
1-22-2024, ¿ÀÀü 7:09:13: kt9020´ÔÀÌ º¸³¿: pipper mine
1-22-2024, ¿ÀÀü 7:09:18: kt9020´ÔÀÌ º¸³¿: pipper play 3,3,3
1-22-2024, ¿ÀÀü 7:09:21: kt9021´ÔÀÌ º¸³¿: pipper play 3
1-22-2024, ¿ÀÀü 7:09:22: kt9020´ÔÀÌ º¸³¿: pipper mine
1-22-2024, ¿ÀÀü 7:09:23: kt9020´ÔÀÌ º¸³¿: pipper mine
1-22-2024, ¿ÀÀü 7:09:27: kt9020´ÔÀÌ º¸³¿: pipper play 4
1-22-2024, ¿ÀÀü 7:09:27: kt9021´ÔÀÌ º¸³¿: pipper mine
1-22-2024, ¿ÀÀü 7:09:28: kt9021´ÔÀÌ º¸³¿: pipper mine
1-22-2024, ¿ÀÀü 7:09:32: kt9021´ÔÀÌ º¸³¿: pipper play 5
1-22-2024, ¿ÀÀü 7:09:33: kt9020´ÔÀÌ º¸³¿: pipper mine
1-22-2024, ¿ÀÀü 7:09:34: kt9020´ÔÀÌ º¸³¿: pipper mine
1-22-2024, ¿ÀÀü 7:09:38: kt9020´ÔÀÌ º¸³¿: pipper play 6
1-22-2024, ¿ÀÀü 7:09:39: kt9021´ÔÀÌ º¸³¿: pipper mine
1-22-2024, ¿ÀÀü 7:09:39: kt9021´ÔÀÌ º¸³¿: pipper mine
1-22-2024, ¿ÀÀü 7:09:40: kt9020´ÔÀÌ º¸³¿: pipper mine
1-22-2024, ¿ÀÀü 7:09:40: kt9020´ÔÀÌ º¸³¿: pipper mine
1-22-2024, ¿ÀÀü 7:09:42: kt9020´ÔÀÌ º¸³¿: pipper play 7
1-22-2024, ¿ÀÀü 7:09:43: kt9020´ÔÀÌ º¸³¿: pipper mine
1-22-2024, ¿ÀÀü 7:09:44: kt9021´ÔÀÌ º¸³¿: pipper mine
1-22-2024, ¿ÀÀü 7:09:45: kt9021´ÔÀÌ º¸³¿: pipper mine
1-22-2024, ¿ÀÀü 7:09:49: kt9021´ÔÀÌ º¸³¿: pipper play 8
1-22-2024, ¿ÀÀü 7:09:49: kt9020´ÔÀÌ º¸³¿: pipper mine
1-22-2024, ¿ÀÀü 7:09:51: kt9021´ÔÀÌ º¸³¿: pipper mine
1-22-2024, ¿ÀÀü 7:09:54: kt9021´ÔÀÌ º¸³¿: pipper play 9
1-22-2024, ¿ÀÀü 7:09:55: kt9021´ÔÀÌ º¸³¿: pipper mine
1-22-2024, ¿ÀÀü 7:09:55: kt9020´ÔÀÌ º¸³¿: pipper mine
1-22-2024, ¿ÀÀü 7:10:01: kt9020´ÔÀÌ º¸³¿: pipper play 10
1-22-2024, ¿ÀÀü 7:10:01: kt9021´ÔÀÌ º¸³¿: pipper mine
1-22-2024, ¿ÀÀü 7:10:02: kt9021´ÔÀÌ º¸³¿: pipper mine
1-22-2024, ¿ÀÀü 7:10:02: kt9021´ÔÀÌ º¸³¿: pipper mine
1-22-2024, ¿ÀÀü 7:10:10: kt9020´ÔÀÌ º¸³¿: pipper play 11
1-22-2024, ¿ÀÀü 7:10:11: kt9020´ÔÀÌ º¸³¿: pipper mine
1-22-2024, ¿ÀÀü 7:10:15: kt9021´ÔÀÌ º¸³¿: pipper play 11
1-22-2024, ¿ÀÀü 7:10:16: kt9020´ÔÀÌ º¸³¿: pipper mine
1-22-2024, ¿ÀÀü 7:10:16: kt9021´ÔÀÌ º¸³¿: pipper mine
1-22-2024, ¿ÀÀü 7:10:21: kt9021´ÔÀÌ º¸³¿: pipper play 12
1-22-2024, ¿ÀÀü 7:10:22: kt9020´ÔÀÌ º¸³¿: pipper mine
1-22-2024, ¿ÀÀü 7:10:24: kt9021´ÔÀÌ º¸³¿: pipper mine
1-22-2024, ¿ÀÀü 7:10:35: kt9021´ÔÀÌ º¸³¿: pipper play 13
1-22-2024, ¿ÀÀü 7:10:36: kt9020´ÔÀÌ º¸³¿: pipper mine
1-22-2024, ¿ÀÀü 7:10:37: kt9020´ÔÀÌ º¸³¿: pipper mine
1-22-2024, ¿ÀÀü 7:10:41: kt9020´ÔÀÌ º¸³¿: pipper play 14
1-22-2024, ¿ÀÀü 7:10:41: kt9021´ÔÀÌ º¸³¿: pipper mine
1-22-2024, ¿ÀÀü 7:10:43: kt9020´ÔÀÌ º¸³¿: pipper mine
1-22-2024, ¿ÀÀü 7:10:49: kt9020´ÔÀÌ º¸³¿: pipper play 15
1-22-2024, ¿ÀÀü 7:10:50: kt9020´ÔÀÌ º¸³¿: pipper mine
1-22-2024, ¿ÀÀü 7:10:52: kt9021´ÔÀÌ º¸³¿: pipper mine
1-22-2024, ¿ÀÀü 7:11:36: kt9020´ÔÀÌ º¸³¿: pipper play 1
1-22-2024, ¿ÀÀü 7:11:37: kt9021´ÔÀÌ º¸³¿: pipper mine
1-22-2024, ¿ÀÀü 7:11:38: kt9021´ÔÀÌ º¸³¿: pipper mine
1-22-2024, ¿ÀÀü 7:11:39: kt9020´ÔÀÌ º¸³¿: pipper mine
1-22-2024, ¿ÀÀü 7:11:48: kt9020´ÔÀÌ º¸³¿: pipper play 2
1-22-2024, ¿ÀÀü 7:11:49: kt9021´ÔÀÌ º¸³¿: pipper mine
1-22-2024, ¿ÀÀü 7:11:50: kt9021´ÔÀÌ º¸³¿: pipper mine
1-22-2024, ¿ÀÀü 7:11:52: kt9021´ÔÀÌ º¸³¿: pipper pass
1-22-2024, ¿ÀÀü 7:11:54: kt9020´ÔÀÌ º¸³¿: pipper pass
1-22-2024, ¿ÀÀü 7:12:06: kt9020´ÔÀÌ º¸³¿: pipper play 3
1-22-2024, ¿ÀÀü 7:12:09: kt9021´ÔÀÌ º¸³¿: pipper pass
1-22-2024, ¿ÀÀü 7:12:12: kt9020´ÔÀÌ º¸³¿: pipper play 3
1-22-2024, ¿ÀÀü 7:12:13: kt9020´ÔÀÌ º¸³¿: pipper mine
1-22-2024, ¿ÀÀü 7:12:13: kt9020´ÔÀÌ º¸³¿: pipper mine
1-22-2024, ¿ÀÀü 7:12:13: kt9020´ÔÀÌ º¸³¿: pipper mine
1-22-2024, ¿ÀÀü 7:12:16: kt9020´ÔÀÌ º¸³¿: pipper play 4,4,4,4
1-22-2024, ¿ÀÀü 7:12:29: kt9020´ÔÀÌ º¸³¿: pipper pass
1-22-2024, ¿ÀÀü 7:12:30: kt9021´ÔÀÌ º¸³¿: pipper pass
1-22-2024, ¿ÀÀü 7:12:32: kt9020´ÔÀÌ º¸³¿: pipper play 5
1-22-2024, ¿ÀÀü 7:12:32: kt9021´ÔÀÌ º¸³¿: pipper mine
1-22-2024, ¿ÀÀü 7:12:33: kt9021´ÔÀÌ º¸³¿: pipper mine
1-22-2024, ¿ÀÀü 7:12:33: kt9020´ÔÀÌ º¸³¿: pipper mine
1-22-2024, ¿ÀÀü 7:12:33: kt9020´ÔÀÌ º¸³¿: pipper mine
1-22-2024, ¿ÀÀü 7:12:37: kt9020´ÔÀÌ º¸³¿: pipper play 6
1-22-2024, ¿ÀÀü 7:12:38: kt9021´ÔÀÌ º¸³¿: pipper mine
1-22-2024, ¿ÀÀü 7:12:39: kt9020´ÔÀÌ º¸³¿: pipper mine
1-22-2024, ¿ÀÀü 7:12:39: kt9020´ÔÀÌ º¸³¿: pipper mine
1-22-2024, ¿ÀÀü 7:12:41: kt9020´ÔÀÌ º¸³¿: pipper play 7
1-22-2024, ¿ÀÀü 7:12:42: kt9021´ÔÀÌ º¸³¿: pipper mine
1-22-2024, ¿ÀÀü 7:12:44: kt9021´ÔÀÌ º¸³¿: pipper mine
1-22-2024, ¿ÀÀü 7:12:49: kt9021´ÔÀÌ º¸³¿: pipper play 8
1-22-2024, ¿ÀÀü 7:12:50: kt9020´ÔÀÌ º¸³¿: pipper mine
1-22-2024, ¿ÀÀü 7:12:52: kt9021´ÔÀÌ º¸³¿: pipper mine
1-22-2024, ¿ÀÀü 7:12:56: kt9021´ÔÀÌ º¸³¿: pipper play 9
1-22-2024, ¿ÀÀü 7:12:56: kt9020´ÔÀÌ º¸³¿: pipper mine
1-22-2024, ¿ÀÀü 7:12:57: kt9020´ÔÀÌ º¸³¿: pipper mine
1-22-2024, ¿ÀÀü 7:13:01: kt9020´ÔÀÌ º¸³¿: pipper play 10
1-22-2024, ¿ÀÀü 7:13:02: kt9021´ÔÀÌ º¸³¿: pipper mine
1-22-2024, ¿ÀÀü 7:13:03: kt9021´ÔÀÌ º¸³¿: pipper mine
1-22-2024, ¿ÀÀü 7:13:06: kt9021´ÔÀÌ º¸³¿: pipper play 11
1-22-2024, ¿ÀÀü 7:13:07: kt9020´ÔÀÌ º¸³¿: pipper mine
1-22-2024, ¿ÀÀü 7:13:08: kt9021´ÔÀÌ º¸³¿: pipper mine
1-22-2024, ¿ÀÀü 7:13:10: kt9021´ÔÀÌ º¸³¿: pipper play 12
1-22-2024, ¿ÀÀü 7:13:11: kt9020´ÔÀÌ º¸³¿: pipper mine
1-22-2024, ¿ÀÀü 7:13:12: kt9020´ÔÀÌ º¸³¿: pipper mine
1-22-2024, ¿ÀÀü 7:13:13: kt9021´ÔÀÌ º¸³¿: pipper mine
1-22-2024, ¿ÀÀü 7:13:16: kt9021´ÔÀÌ º¸³¿: pipper play 13
1-22-2024, ¿ÀÀü 7:13:16: kt9021´ÔÀÌ º¸³¿: pipper mine
1-22-2024, ¿ÀÀü 7:13:17: kt9020´ÔÀÌ º¸³¿: pipper mine
1-22-2024, ¿ÀÀü 7:13:19: kt9020´ÔÀÌ º¸³¿: pipper mine
1-22-2024, ¿ÀÀü 7:13:19: kt9020´ÔÀÌ º¸³¿: pipper mine
1-22-2024, ¿ÀÀü 7:13:19: kt9021´ÔÀÌ º¸³¿: pipper mine
1-22-2024, ¿ÀÀü 7:13:21: kt9021´ÔÀÌ º¸³¿: pipper play 14
1-22-2024, ¿ÀÀü 7:13:22: kt9020´ÔÀÌ º¸³¿: pipper mine
1-22-2024, ¿ÀÀü 7:13:23: kt9020´ÔÀÌ º¸³¿: pipper mine
1-22-2024, ¿ÀÀü 7:13:24: kt9021´ÔÀÌ º¸³¿: pipper mine
1-22-2024, ¿ÀÀü 7:13:27: kt9021´ÔÀÌ º¸³¿: pipper play 15
1-22-2024, ¿ÀÀü 7:13:27: kt9020´ÔÀÌ º¸³¿: pipper mine
1-22-2024, ¿ÀÀü 7:13:28: kt9021´ÔÀÌ º¸³¿: pipper mine
1-22-2024, ¿ÀÀü 7:13:29: kt9021´ÔÀÌ º¸³¿: pipper mine
1-22-2024, ¿ÀÀü 7:13:29: kt9020´ÔÀÌ º¸³¿: pipper mine