
1-22-2024, 오전 3:40:30: kt9020님이 보냄: back
1-22-2024, 오전 3:40:43: kt9021님이 보냄: back
1-22-2024, 오전 3:50:41: kt9020님이 보냄: create
1-22-2024, 오전 3:50:43: kt9020님이 보냄: create 1
1-22-2024, 오전 3:50:43: kt9020님이 보냄: back
1-22-2024, 오전 3:50:46: kt9021님이 보냄: join
1-22-2024, 오전 3:50:46: kt9021님이 보냄: join 25531
1-22-2024, 오전 3:50:47: kt9021님이 보냄: back
1-22-2024, 오전 3:53:04: kt9021님이 보냄: move
1-22-2024, 오전 3:53:13: kt9021님이 보냄: back
1-22-2024, 오전 3:53:17: kt9020님이 보냄: move
1-22-2024, 오전 3:53:22: kt9020님이 보냄: option
1-22-2024, 오전 3:53:25: kt9020님이 보냄: option stadium
1-22-2024, 오전 3:53:32: kt9020님이 보냄: option pipper_adv
1-22-2024, 오전 3:53:35: kt9020님이 보냄: option pipper_adv
1-22-2024, 오전 3:53:37: kt9020님이 보냄: option stadium
1-22-2024, 오전 3:53:46: kt9020님이 보냄: option back
1-22-2024, 오전 3:53:47: kt9020님이 보냄: back
1-22-2024, 오전 7:02:07: kt9020님이 보냄: option
1-22-2024, 오전 7:02:09: kt9020님이 보냄: option stadium
1-22-2024, 오전 7:02:10: kt9020님이 보냄: option back
1-22-2024, 오전 7:02:11: kt9020님이 보냄: start
1-22-2024, 오전 7:06:03: kt9021님이 보냄: back
1-22-2024, 오전 7:06:18: kt9020님이 보냄: back
1-22-2024, 오전 7:06:22: kt9020님이 보냄: start
1-22-2024, 오전 7:08:48: kt9020님이 보냄: start
1-22-2024, 오전 7:11:09: kt9021님이 보냄: back
1-22-2024, 오전 7:11:26: kt9020님이 보냄: start
1-22-2024, 오전 7:13:45: kt9020님이 보냄: start