
1-21-2024, 오전 6:49:40: kt9020님이 보냄: describe motor_cycle
1-21-2024, 오전 6:49:52: kt9020님이 보냄: ridevehicle bwar368c
1-21-2024, 오전 6:50:28: kt9020님이 보냄: describe mass_bomb
1-21-2024, 오전 6:50:37: kt9020님이 보냄: describe mass_bomb
1-21-2024, 오전 6:50:50: kt9020님이 보냄: describe mass_bomb
1-22-2024, 오전 3:40:30: kt9020님이 보냄: build
1-22-2024, 오전 3:40:39: kt9021님이 보냄: build
1-22-2024, 오전 3:40:40: kt9021님이 보냄: build
1-22-2024, 오전 3:40:40: kt9021님이 보냄: build
1-22-2024, 오전 3:40:41: kt9021님이 보냄: build
1-22-2024, 오전 3:40:41: kt9021님이 보냄: build
1-22-2024, 오전 3:42:28: kt9020님이 보냄: track pkt9021
1-22-2024, 오전 3:43:29: kt9021님이 보냄: draw fists
1-22-2024, 오전 3:43:39: kt9021님이 보냄: track pkt9020
1-22-2024, 오전 3:44:11: kt9020님이 보냄: track pkt9021
1-22-2024, 오전 3:44:31: kt9020님이 보냄: track pkt9021
1-22-2024, 오전 3:48:07: kt9020님이 보냄: build
1-22-2024, 오전 3:48:49: kt9020님이 보냄: buildnow 
src:0:0:0:0:0:0:musicm18:100
1-22-2024, 오전 3:50:37: kt9020님이 보냄: build
1-22-2024, 오전 3:50:38: kt9020님이 보냄: mapdelete 
src:0:0:0:0:0:0:musicm18:100
[]
1-26-2024, 오전 11:01:54: kt9020님이 보냄: draw fists
1-26-2024, 오전 11:10:17: kt9020님이 보냄: draw fists
1-26-2024, 오전 11:10:17: kt9020님이 보냄: draw fists