
1-21-2024, ¿ÀÀü 6:46:45: kt9020´ÔÀÌ º¸³¿: trackmenu
1-21-2024, ¿ÀÀü 6:48:31: kt9020´ÔÀÌ º¸³¿: ammocheck double_barrel_shotgun
1-21-2024, ¿ÀÀü 6:48:42: kt9020´ÔÀÌ º¸³¿: ammocheck double_barrel_shotgun
1-21-2024, ¿ÀÀü 6:49:07: kt9020´ÔÀÌ º¸³¿: ammocheck double_barrel_shotgun
1-21-2024, ¿ÀÀü 6:49:23: kt9020´ÔÀÌ º¸³¿: ammocheck double_barrel_shotgun
1-21-2024, ¿ÀÀü 6:49:51: kt9020´ÔÀÌ º¸³¿: vehicleinfo
1-21-2024, ¿ÀÀü 6:51:58: kt9020´ÔÀÌ º¸³¿: healthcheck
1-21-2024, ¿ÀÀü 7:01:23: kt9020´ÔÀÌ º¸³¿: whoonline
1-22-2024, ¿ÀÀü 3:40:45: kt9021´ÔÀÌ º¸³¿: trackinfo
1-22-2024, ¿ÀÀü 3:41:24: kt9021´ÔÀÌ º¸³¿: overheatcheck
1-22-2024, ¿ÀÀü 3:41:27: kt9021´ÔÀÌ º¸³¿: trackinfo
1-22-2024, ¿ÀÀü 3:42:21: kt9020´ÔÀÌ º¸³¿: trackmenu
1-22-2024, ¿ÀÀü 3:42:25: kt9020´ÔÀÌ º¸³¿: trackinfo
1-22-2024, ¿ÀÀü 3:42:27: kt9020´ÔÀÌ º¸³¿: trackinfo
1-22-2024, ¿ÀÀü 3:42:28: kt9020´ÔÀÌ º¸³¿: trackmenu
1-22-2024, ¿ÀÀü 3:42:29: kt9020´ÔÀÌ º¸³¿: trackinfo
1-22-2024, ¿ÀÀü 3:42:33: kt9020´ÔÀÌ º¸³¿: trackinfo
1-22-2024, ¿ÀÀü 3:43:38: kt9021´ÔÀÌ º¸³¿: trackmenu
1-22-2024, ¿ÀÀü 3:44:11: kt9020´ÔÀÌ º¸³¿: trackmenu
1-22-2024, ¿ÀÀü 3:44:12: kt9020´ÔÀÌ º¸³¿: trackinfo
1-22-2024, ¿ÀÀü 3:44:31: kt9020´ÔÀÌ º¸³¿: trackmenu
1-22-2024, ¿ÀÀü 7:02:03: kt9020´ÔÀÌ º¸³¿: whoonline
1-26-2024, ¿ÀÀü 11:02:50: kt9020´ÔÀÌ º¸³¿: trackmenu
1-26-2024, ¿ÀÀü 11:08:31: kt9020´ÔÀÌ º¸³¿: trackmenu
1-26-2024, ¿ÀÀü 11:09:11: kt9020´ÔÀÌ º¸³¿: trackmenu
1-26-2024, ¿ÀÀü 11:13:34: kt9020´ÔÀÌ º¸³¿: foodcheck
1-26-2024, ¿ÀÀü 11:14:33: kt9020´ÔÀÌ º¸³¿: trackmenu