
1-21-2024, 오전 6:46:38: kt9020님이 보냄: move_to 0 1 0 carpet
1-21-2024, 오전 6:46:38: kt9020님이 보냄: move_to 0 2 0 carpet
1-21-2024, 오전 6:46:38: kt9020님이 보냄: move_to 0 1 0 carpet
1-21-2024, 오전 6:46:38: kt9020님이 보냄: move_to 0 0 0 carpet
1-21-2024, 오전 6:46:38: kt9020님이 보냄: move_to 0 0 0 carpet
1-21-2024, 오전 6:46:38: kt9020님이 보냄: move_to 0 0 0 carpet
1-21-2024, 오전 6:46:39: kt9020님이 보냄: move_to 0 0 0 carpet
1-21-2024, 오전 6:46:39: kt9020님이 보냄: move_to 0 0 0 carpet
1-21-2024, 오전 6:46:39: kt9020님이 보냄: move_to 0 0 0 carpet
1-21-2024, 오전 6:46:39: kt9020님이 보냄: move_to 0 0 0 carpet
1-21-2024, 오전 6:46:39: kt9020님이 보냄: move_to 1 0 0 carpet
1-21-2024, 오전 6:46:40: kt9020님이 보냄: move_to 0 0 0 carpet
1-21-2024, 오전 6:46:40: kt9020님이 보냄: move_to 0 0 0 carpet
1-21-2024, 오전 6:46:49: kt9020님이 보냄: invrequest
1-21-2024, 오전 6:46:52: kt9020님이 보냄: reload
1-21-2024, 오전 6:46:54: kt9020님이 보냄: fire
1-21-2024, 오전 6:46:55: kt9020님이 보냄: firestop
1-21-2024, 오전 6:46:55: kt9020님이 보냄: fire
1-21-2024, 오전 6:46:55: kt9020님이 보냄: firestop
1-21-2024, 오전 6:46:55: kt9020님이 보냄: fire
1-21-2024, 오전 6:46:55: kt9020님이 보냄: firestop
1-21-2024, 오전 6:46:55: kt9020님이 보냄: fire
1-21-2024, 오전 6:46:55: kt9020님이 보냄: firestop
1-21-2024, 오전 6:46:56: kt9020님이 보냄: fire
1-21-2024, 오전 6:46:56: kt9020님이 보냄: firestop
1-21-2024, 오전 6:46:56: kt9020님이 보냄: fire
1-21-2024, 오전 6:46:56: kt9020님이 보냄: firestop
1-21-2024, 오전 6:46:56: kt9020님이 보냄: fire
1-21-2024, 오전 6:46:56: kt9020님이 보냄: firestop
1-21-2024, 오전 6:46:56: kt9020님이 보냄: fire
1-21-2024, 오전 6:46:56: kt9020님이 보냄: firestop
1-21-2024, 오전 6:46:56: kt9020님이 보냄: fire
1-21-2024, 오전 6:46:57: kt9020님이 보냄: firestop
1-21-2024, 오전 6:47:26: kt9020님이 보냄: invrequest
1-21-2024, 오전 6:48:12: kt9020님이 보냄: invrequest
1-21-2024, 오전 6:48:19: kt9020님이 보냄: invrequest
1-21-2024, 오전 6:48:21: kt9020님이 보냄: fire
1-21-2024, 오전 6:48:21: kt9020님이 보냄: firestop
1-21-2024, 오전 6:48:21: kt9020님이 보냄: reload
1-21-2024, 오전 6:48:24: kt9020님이 보냄: fire
1-21-2024, 오전 6:48:24: kt9020님이 보냄: firestop
1-21-2024, 오전 6:48:24: kt9020님이 보냄: fire
1-21-2024, 오전 6:48:24: kt9020님이 보냄: firestop
1-21-2024, 오전 6:48:24: kt9020님이 보냄: fire
1-21-2024, 오전 6:48:24: kt9020님이 보냄: firestop
1-21-2024, 오전 6:48:25: kt9020님이 보냄: fire
1-21-2024, 오전 6:48:25: kt9020님이 보냄: firestop
1-21-2024, 오전 6:48:25: kt9020님이 보냄: fire
1-21-2024, 오전 6:48:25: kt9020님이 보냄: firestop
1-21-2024, 오전 6:48:25: kt9020님이 보냄: fire
1-21-2024, 오전 6:48:25: kt9020님이 보냄: firestop
1-21-2024, 오전 6:48:25: kt9020님이 보냄: fire
1-21-2024, 오전 6:48:25: kt9020님이 보냄: firestop
1-21-2024, 오전 6:48:25: kt9020님이 보냄: fire
1-21-2024, 오전 6:48:25: kt9020님이 보냄: firestop
1-21-2024, 오전 6:48:25: kt9020님이 보냄: fire
1-21-2024, 오전 6:48:26: kt9020님이 보냄: firestop
1-21-2024, 오전 6:48:26: kt9020님이 보냄: fire
1-21-2024, 오전 6:48:26: kt9020님이 보냄: firestop
1-21-2024, 오전 6:48:26: kt9020님이 보냄: fire
1-21-2024, 오전 6:48:26: kt9020님이 보냄: firestop
1-21-2024, 오전 6:48:26: kt9020님이 보냄: fire
1-21-2024, 오전 6:48:26: kt9020님이 보냄: firestop
1-21-2024, 오전 6:48:26: kt9020님이 보냄: fire
1-21-2024, 오전 6:48:26: kt9020님이 보냄: firestop
1-21-2024, 오전 6:48:26: kt9020님이 보냄: fire
1-21-2024, 오전 6:48:26: kt9020님이 보냄: firestop
1-21-2024, 오전 6:48:26: kt9020님이 보냄: fire
1-21-2024, 오전 6:48:26: kt9020님이 보냄: firestop
1-21-2024, 오전 6:48:26: kt9020님이 보냄: fire
1-21-2024, 오전 6:48:27: kt9020님이 보냄: firestop
1-21-2024, 오전 6:48:27: kt9020님이 보냄: fire
1-21-2024, 오전 6:48:27: kt9020님이 보냄: firestop
1-21-2024, 오전 6:48:27: kt9020님이 보냄: reload
1-21-2024, 오전 6:48:32: kt9020님이 보냄: fire
1-21-2024, 오전 6:48:32: kt9020님이 보냄: firestop
1-21-2024, 오전 6:48:32: kt9020님이 보냄: fire
1-21-2024, 오전 6:48:32: kt9020님이 보냄: firestop
1-21-2024, 오전 6:48:32: kt9020님이 보냄: fire
1-21-2024, 오전 6:48:32: kt9020님이 보냄: firestop
1-21-2024, 오전 6:48:32: kt9020님이 보냄: fire
1-21-2024, 오전 6:48:33: kt9020님이 보냄: firestop
1-21-2024, 오전 6:48:33: kt9020님이 보냄: reload
1-21-2024, 오전 6:48:36: kt9020님이 보냄: fire
1-21-2024, 오전 6:48:36: kt9020님이 보냄: firestop
1-21-2024, 오전 6:48:36: kt9020님이 보냄: fire
1-21-2024, 오전 6:48:36: kt9020님이 보냄: firestop
1-21-2024, 오전 6:48:36: kt9020님이 보냄: reload
1-21-2024, 오전 6:48:39: kt9020님이 보냄: fire
1-21-2024, 오전 6:48:39: kt9020님이 보냄: firestop
1-21-2024, 오전 6:48:39: kt9020님이 보냄: fire
1-21-2024, 오전 6:48:39: kt9020님이 보냄: firestop
1-21-2024, 오전 6:48:39: kt9020님이 보냄: fire
1-21-2024, 오전 6:48:39: kt9020님이 보냄: firestop
1-21-2024, 오전 6:48:39: kt9020님이 보냄: fire
1-21-2024, 오전 6:48:39: kt9020님이 보냄: firestop
1-21-2024, 오전 6:48:39: kt9020님이 보냄: fire
1-21-2024, 오전 6:48:40: kt9020님이 보냄: firestop
1-21-2024, 오전 6:48:40: kt9020님이 보냄: fire
1-21-2024, 오전 6:48:40: kt9020님이 보냄: firestop
1-21-2024, 오전 6:48:40: kt9020님이 보냄: fire
1-21-2024, 오전 6:48:40: kt9020님이 보냄: firestop
1-21-2024, 오전 6:48:40: kt9020님이 보냄: fire
1-21-2024, 오전 6:48:40: kt9020님이 보냄: firestop
1-21-2024, 오전 6:48:40: kt9020님이 보냄: fire
1-21-2024, 오전 6:48:40: kt9020님이 보냄: firestop
1-21-2024, 오전 6:48:40: kt9020님이 보냄: fire
1-21-2024, 오전 6:48:40: kt9020님이 보냄: firestop
1-21-2024, 오전 6:48:40: kt9020님이 보냄: fire
1-21-2024, 오전 6:48:41: kt9020님이 보냄: firestop
1-21-2024, 오전 6:48:41: kt9020님이 보냄: fire
1-21-2024, 오전 6:48:41: kt9020님이 보냄: firestop
1-21-2024, 오전 6:48:41: kt9020님이 보냄: fire
1-21-2024, 오전 6:48:41: kt9020님이 보냄: firestop
1-21-2024, 오전 6:48:41: kt9020님이 보냄: fire
1-21-2024, 오전 6:48:41: kt9020님이 보냄: firestop
1-21-2024, 오전 6:48:41: kt9020님이 보냄: fire
1-21-2024, 오전 6:48:41: kt9020님이 보냄: firestop
1-21-2024, 오전 6:48:41: kt9020님이 보냄: fire
1-21-2024, 오전 6:48:41: kt9020님이 보냄: firestop
1-21-2024, 오전 6:48:41: kt9020님이 보냄: fire
1-21-2024, 오전 6:48:41: kt9020님이 보냄: firestop
1-21-2024, 오전 6:48:42: kt9020님이 보냄: fire
1-21-2024, 오전 6:48:42: kt9020님이 보냄: firestop
1-21-2024, 오전 6:48:42: kt9020님이 보냄: fire
1-21-2024, 오전 6:48:42: kt9020님이 보냄: firestop
1-21-2024, 오전 6:48:42: kt9020님이 보냄: fire
1-21-2024, 오전 6:48:42: kt9020님이 보냄: firestop
1-21-2024, 오전 6:48:43: kt9020님이 보냄: reload
1-21-2024, 오전 6:48:47: kt9020님이 보냄: unload
1-21-2024, 오전 6:48:48: kt9020님이 보냄: reload
1-21-2024, 오전 6:48:51: kt9020님이 보냄: unload
1-21-2024, 오전 6:48:52: kt9020님이 보냄: reload
1-21-2024, 오전 6:48:55: kt9020님이 보냄: unload
1-21-2024, 오전 6:48:57: kt9020님이 보냄: reload
1-21-2024, 오전 6:49:00: kt9020님이 보냄: fire
1-21-2024, 오전 6:49:00: kt9020님이 보냄: firestop
1-21-2024, 오전 6:49:01: kt9020님이 보냄: fire
1-21-2024, 오전 6:49:01: kt9020님이 보냄: firestop
1-21-2024, 오전 6:49:01: kt9020님이 보냄: fire
1-21-2024, 오전 6:49:01: kt9020님이 보냄: firestop
1-21-2024, 오전 6:49:01: kt9020님이 보냄: fire
1-21-2024, 오전 6:49:01: kt9020님이 보냄: firestop
1-21-2024, 오전 6:49:02: kt9020님이 보냄: fire
1-21-2024, 오전 6:49:02: kt9020님이 보냄: firestop
1-21-2024, 오전 6:49:02: kt9020님이 보냄: fire
1-21-2024, 오전 6:49:02: kt9020님이 보냄: firestop
1-21-2024, 오전 6:49:02: kt9020님이 보냄: fire
1-21-2024, 오전 6:49:03: kt9020님이 보냄: firestop
1-21-2024, 오전 6:49:03: kt9020님이 보냄: fire
1-21-2024, 오전 6:49:03: kt9020님이 보냄: firestop
1-21-2024, 오전 6:49:04: kt9020님이 보냄: fire
1-21-2024, 오전 6:49:04: kt9020님이 보냄: firestop
1-21-2024, 오전 6:49:04: kt9020님이 보냄: fire
1-21-2024, 오전 6:49:04: kt9020님이 보냄: firestop
1-21-2024, 오전 6:49:04: kt9020님이 보냄: fire
1-21-2024, 오전 6:49:04: kt9020님이 보냄: firestop
1-21-2024, 오전 6:49:04: kt9020님이 보냄: fire
1-21-2024, 오전 6:49:04: kt9020님이 보냄: firestop
1-21-2024, 오전 6:49:04: kt9020님이 보냄: fire
1-21-2024, 오전 6:49:04: kt9020님이 보냄: firestop
1-21-2024, 오전 6:49:04: kt9020님이 보냄: fire
1-21-2024, 오전 6:49:05: kt9020님이 보냄: firestop
1-21-2024, 오전 6:49:05: kt9020님이 보냄: fire
1-21-2024, 오전 6:49:05: kt9020님이 보냄: firestop
1-21-2024, 오전 6:49:05: kt9020님이 보냄: fire
1-21-2024, 오전 6:49:05: kt9020님이 보냄: firestop
1-21-2024, 오전 6:49:05: kt9020님이 보냄: fire
1-21-2024, 오전 6:49:05: kt9020님이 보냄: firestop
1-21-2024, 오전 6:49:05: kt9020님이 보냄: fire
1-21-2024, 오전 6:49:05: kt9020님이 보냄: firestop
1-21-2024, 오전 6:49:05: kt9020님이 보냄: fire
1-21-2024, 오전 6:49:05: kt9020님이 보냄: firestop
1-21-2024, 오전 6:49:06: kt9020님이 보냄: fire
1-21-2024, 오전 6:49:06: kt9020님이 보냄: firestop
1-21-2024, 오전 6:49:07: kt9020님이 보냄: reload
1-21-2024, 오전 6:49:20: kt9020님이 보냄: fire
1-21-2024, 오전 6:49:20: kt9020님이 보냄: firestop
1-21-2024, 오전 6:49:22: kt9020님이 보냄: fire
1-21-2024, 오전 6:49:22: kt9020님이 보냄: firestop
1-21-2024, 오전 6:49:28: kt9020님이 보냄: fire
1-21-2024, 오전 6:49:30: kt9020님이 보냄: firestop
1-21-2024, 오전 6:49:30: kt9020님이 보냄: fire
1-21-2024, 오전 6:49:31: kt9020님이 보냄: firestop
1-21-2024, 오전 6:49:31: kt9020님이 보냄: unload
1-21-2024, 오전 6:49:33: kt9020님이 보냄: fire
1-21-2024, 오전 6:49:33: kt9020님이 보냄: firestop
1-21-2024, 오전 6:49:33: kt9020님이 보냄: fire
1-21-2024, 오전 6:49:33: kt9020님이 보냄: firestop
1-21-2024, 오전 6:49:34: kt9020님이 보냄: fire
1-21-2024, 오전 6:49:34: kt9020님이 보냄: firestop
1-21-2024, 오전 6:49:34: kt9020님이 보냄: fire
1-21-2024, 오전 6:49:34: kt9020님이 보냄: firestop
1-21-2024, 오전 6:49:35: kt9020님이 보냄: fire
1-21-2024, 오전 6:49:35: kt9020님이 보냄: firestop
1-21-2024, 오전 6:49:35: kt9020님이 보냄: fire
1-21-2024, 오전 6:49:35: kt9020님이 보냄: firestop
1-21-2024, 오전 6:49:36: kt9020님이 보냄: fire
1-21-2024, 오전 6:49:36: kt9020님이 보냄: firestop
1-21-2024, 오전 6:49:36: kt9020님이 보냄: fire
1-21-2024, 오전 6:49:36: kt9020님이 보냄: firestop
1-21-2024, 오전 6:49:36: kt9020님이 보냄: fire
1-21-2024, 오전 6:49:36: kt9020님이 보냄: firestop
1-21-2024, 오전 6:49:36: kt9020님이 보냄: fire
1-21-2024, 오전 6:49:36: kt9020님이 보냄: firestop
1-21-2024, 오전 6:49:36: kt9020님이 보냄: fire
1-21-2024, 오전 6:49:36: kt9020님이 보냄: firestop
1-21-2024, 오전 6:49:37: kt9020님이 보냄: fire
1-21-2024, 오전 6:49:37: kt9020님이 보냄: firestop
1-21-2024, 오전 6:49:38: kt9020님이 보냄: invrequest
1-21-2024, 오전 6:50:21: kt9020님이 보냄: invrequest
1-21-2024, 오전 6:50:28: kt9020님이 보냄: invrequest
1-21-2024, 오전 6:51:37: kt9020님이 보냄: move_to 0 71 0 carpet
1-21-2024, 오전 6:51:48: kt9020님이 보냄: move_to 0 72 0 carpet
1-21-2024, 오전 7:01:48: kt9020님이 보냄: move_to 0 71 0 carpet
1-21-2024, 오전 7:01:48: kt9020님이 보냄: move_to 0 72 0 carpet
1-22-2024, 오전 1:45:53: kt9020님이 보냄: invrequest
1-22-2024, 오전 1:45:56: kt9020님이 보냄: fire
1-22-2024, 오전 1:45:56: kt9020님이 보냄: firestop
1-22-2024, 오전 1:45:56: kt9020님이 보냄: reload
1-22-2024, 오전 1:45:59: kt9020님이 보냄: unload
1-22-2024, 오전 1:46:00: kt9020님이 보냄: reload
1-22-2024, 오전 1:46:03: kt9020님이 보냄: unload
1-22-2024, 오전 1:46:04: kt9020님이 보냄: reload
1-22-2024, 오전 1:46:06: kt9020님이 보냄: unload
1-22-2024, 오전 1:46:07: kt9020님이 보냄: reload
1-22-2024, 오전 3:40:15: kt9020님이 보냄: move_to 0 0 0 carpet
1-22-2024, 오전 3:40:15: kt9020님이 보냄: move_to 0 1 0 carpet
1-22-2024, 오전 3:40:15: kt9020님이 보냄: move_to 0 2 0 carpet
1-22-2024, 오전 3:40:16: kt9020님이 보냄: turn 225
1-22-2024, 오전 3:40:16: kt9020님이 보냄: turn 180
1-22-2024, 오전 3:40:16: kt9020님이 보냄: turn 135
1-22-2024, 오전 3:40:16: kt9020님이 보냄: turn 90
1-22-2024, 오전 3:40:17: kt9020님이 보냄: turn 45
1-22-2024, 오전 3:40:17: kt9020님이 보냄: turn 0
1-22-2024, 오전 3:40:18: kt9020님이 보냄: move_to 0 1 0 carpet
1-22-2024, 오전 3:40:18: kt9020님이 보냄: move_to 0 0 0 carpet
1-22-2024, 오전 3:40:19: kt9020님이 보냄: move_to 0 0 0 carpet
1-22-2024, 오전 3:40:19: kt9020님이 보냄: move_to 0 0 0 carpet
1-22-2024, 오전 3:40:19: kt9020님이 보냄: move_to 0 0 0 carpet
1-22-2024, 오전 3:40:19: kt9020님이 보냄: move_to 0 0 0 carpet
1-22-2024, 오전 3:40:25: kt9020님이 보냄: enter
1-22-2024, 오전 3:40:37: kt9020님이 보냄: move_to 0 1 0 carpet
1-22-2024, 오전 3:40:37: kt9020님이 보냄: move_to 0 0 0 carpet
1-22-2024, 오전 3:40:41: kt9021님이 보냄: enter
1-22-2024, 오전 3:42:08: kt9021님이 보냄: move_to 0 0 0 carpet
1-22-2024, 오전 3:42:09: kt9021님이 보냄: move_to 0 0 0 carpet
1-22-2024, 오전 3:42:31: kt9020님이 보냄: move_to 0 1 0 carpet
1-22-2024, 오전 3:42:31: kt9020님이 보냄: move_to 0 2 0 carpet
1-22-2024, 오전 3:42:31: kt9020님이 보냄: move_to 0 3 0 carpet
1-22-2024, 오전 3:42:32: kt9020님이 보냄: move_to 0 4 0 carpet
1-22-2024, 오전 3:42:32: kt9020님이 보냄: move_to 0 5 0 carpet
1-22-2024, 오전 3:42:32: kt9020님이 보냄: move_to 0 6 0 carpet
1-22-2024, 오전 3:42:32: kt9020님이 보냄: move_to 0 7 0 carpet
1-22-2024, 오전 3:42:32: kt9020님이 보냄: move_to 0 8 0 carpet
1-22-2024, 오전 3:42:33: kt9020님이 보냄: move_to 0 9 0 carpet
1-22-2024, 오전 3:42:33: kt9020님이 보냄: move_to 0 10 0 carpet
1-22-2024, 오전 3:42:33: kt9020님이 보냄: move_to 0 9 0 carpet
1-22-2024, 오전 3:42:33: kt9020님이 보냄: move_to 0 8 0 carpet
1-22-2024, 오전 3:42:33: kt9020님이 보냄: move_to 0 7 0 carpet
1-22-2024, 오전 3:42:34: kt9020님이 보냄: move_to 0 6 0 carpet
1-22-2024, 오전 3:42:34: kt9020님이 보냄: move_to 0 5 0 carpet
1-22-2024, 오전 3:42:34: kt9020님이 보냄: move_to 0 4 0 carpet
1-22-2024, 오전 3:42:34: kt9020님이 보냄: move_to 0 3 0 carpet
1-22-2024, 오전 3:42:34: kt9020님이 보냄: move_to 0 2 0 carpet
1-22-2024, 오전 3:42:35: kt9020님이 보냄: move_to 0 1 0 carpet
1-22-2024, 오전 3:42:35: kt9020님이 보냄: move_to 0 0 0 carpet
1-22-2024, 오전 3:42:35: kt9020님이 보냄: move_to 0 0 0 carpet
1-22-2024, 오전 3:42:35: kt9020님이 보냄: move_to 0 0 0 carpet
1-22-2024, 오전 3:42:35: kt9020님이 보냄: move_to 0 0 0 carpet
1-22-2024, 오전 3:43:30: kt9021님이 보냄: move_to 0 1 0 carpet
1-22-2024, 오전 3:43:30: kt9021님이 보냄: move_to 0 0 0 carpet
1-22-2024, 오전 3:43:30: kt9021님이 보냄: move_to 0 1 0 carpet
1-22-2024, 오전 3:43:31: kt9021님이 보냄: move_to 0 2 0 carpet
1-22-2024, 오전 3:43:31: kt9021님이 보냄: move_to 0 3 0 carpet
1-22-2024, 오전 3:43:31: kt9021님이 보냄: move_to 0 4 0 carpet
1-22-2024, 오전 3:43:31: kt9021님이 보냄: move_to 0 5 0 carpet
1-22-2024, 오전 3:43:32: kt9021님이 보냄: move_to 0 6 0 carpet
1-22-2024, 오전 3:43:32: kt9021님이 보냄: move_to 0 5 0 carpet
1-22-2024, 오전 3:43:32: kt9021님이 보냄: move_to 0 4 0 carpet
1-22-2024, 오전 3:43:33: kt9021님이 보냄: move_to 0 3 0 carpet
1-22-2024, 오전 3:43:33: kt9021님이 보냄: move_to 0 2 0 carpet
1-22-2024, 오전 3:43:33: kt9021님이 보냄: move_to 0 1 0 carpet
1-22-2024, 오전 3:43:33: kt9021님이 보냄: move_to 0 0 0 carpet
1-22-2024, 오전 3:43:34: kt9021님이 보냄: move_to 0 0 0 carpet
1-22-2024, 오전 3:43:34: kt9021님이 보냄: move_to 0 0 0 carpet
1-22-2024, 오전 3:43:39: kt9021님이 보냄: move_to 0 1 0 carpet
1-22-2024, 오전 3:43:40: kt9021님이 보냄: move_to 0 2 0 carpet
1-22-2024, 오전 3:43:40: kt9021님이 보냄: move_to 0 3 0 carpet
1-22-2024, 오전 3:43:40: kt9021님이 보냄: move_to 0 4 0 carpet
1-22-2024, 오전 3:43:40: kt9021님이 보냄: move_to 0 5 0 carpet
1-22-2024, 오전 3:43:41: kt9021님이 보냄: move_to 0 6 0 carpet
1-22-2024, 오전 3:43:41: kt9021님이 보냄: move_to 0 7 0 carpet
1-22-2024, 오전 3:43:41: kt9021님이 보냄: move_to 0 6 0 carpet
1-22-2024, 오전 3:43:41: kt9021님이 보냄: move_to 0 5 0 carpet
1-22-2024, 오전 3:43:42: kt9021님이 보냄: move_to 0 4 0 carpet
1-22-2024, 오전 3:43:43: kt9021님이 보냄: move_to 1 4 0 carpet
1-22-2024, 오전 3:43:43: kt9021님이 보냄: move_to 2 4 0 carpet
1-22-2024, 오전 3:43:44: kt9021님이 보냄: move_to 3 4 0 carpet
1-22-2024, 오전 3:43:44: kt9021님이 보냄: move_to 4 4 0 carpet
1-22-2024, 오전 3:43:44: kt9021님이 보냄: move_to 5 4 0 carpet
1-22-2024, 오전 3:43:45: kt9021님이 보냄: move_to 4 4 0 carpet
1-22-2024, 오전 3:43:45: kt9021님이 보냄: move_to 3 4 0 carpet
1-22-2024, 오전 3:43:45: kt9021님이 보냄: move_to 2 4 0 carpet
1-22-2024, 오전 3:43:45: kt9021님이 보냄: move_to 1 4 0 carpet
1-22-2024, 오전 3:43:46: kt9021님이 보냄: move_to 0 4 0 carpet
1-22-2024, 오전 3:43:46: kt9021님이 보냄: move_to 0 4 0 carpet
1-22-2024, 오전 3:43:46: kt9021님이 보냄: move_to 0 4 0 carpet
1-22-2024, 오전 3:43:46: kt9021님이 보냄: move_to 0 3 0 carpet
1-22-2024, 오전 3:43:47: kt9021님이 보냄: move_to 0 2 0 carpet
1-22-2024, 오전 3:43:47: kt9021님이 보냄: move_to 0 1 0 carpet
1-22-2024, 오전 3:43:47: kt9021님이 보냄: move_to 0 0 0 carpet
1-22-2024, 오전 3:43:47: kt9021님이 보냄: move_to 0 0 0 carpet
1-22-2024, 오전 3:43:48: kt9021님이 보냄: move_to 0 0 0 carpet
1-22-2024, 오전 3:43:48: kt9021님이 보냄: move_to 0 1 0 carpet
1-22-2024, 오전 3:43:59: kt9021님이 보냄: move_to 0 0 0 carpet
1-22-2024, 오전 3:44:09: kt9020님이 보냄: move_to 0 1 0 carpet
1-22-2024, 오전 3:44:14: kt9020님이 보냄: move_to 0 0 0 carpet
1-22-2024, 오전 3:44:15: kt9020님이 보냄: move_to 0 0 0 carpet
1-22-2024, 오전 3:44:15: kt9020님이 보냄: move_to 0 0 0 carpet
1-22-2024, 오전 3:44:15: kt9020님이 보냄: move_to 0 0 0 carpet
1-22-2024, 오전 3:44:15: kt9020님이 보냄: move_to 0 1 0 carpet
1-22-2024, 오전 3:44:15: kt9020님이 보냄: move_to 0 2 0 carpet
1-22-2024, 오전 3:44:16: kt9020님이 보냄: move_to 0 3 0 carpet
1-22-2024, 오전 3:44:16: kt9020님이 보냄: move_to 0 4 0 carpet
1-22-2024, 오전 3:44:16: kt9020님이 보냄: move_to 0 5 0 carpet
1-22-2024, 오전 3:44:16: kt9020님이 보냄: move_to 0 4 0 carpet
1-22-2024, 오전 3:44:16: kt9020님이 보냄: move_to 0 3 0 carpet
1-22-2024, 오전 3:44:17: kt9020님이 보냄: move_to 0 2 0 carpet
1-22-2024, 오전 3:44:17: kt9020님이 보냄: move_to 0 1 0 carpet
1-22-2024, 오전 3:44:17: kt9020님이 보냄: move_to 0 0 0 carpet
1-22-2024, 오전 3:44:17: kt9020님이 보냄: move_to 0 0 0 carpet
1-22-2024, 오전 3:44:17: kt9020님이 보냄: move_to 0 0 0 carpet
1-22-2024, 오전 3:44:27: kt9020님이 보냄: move_to 0 1 0 carpet
1-22-2024, 오전 3:44:28: kt9020님이 보냄: move_to 0 0 0 carpet
1-22-2024, 오전 3:44:32: kt9020님이 보냄: move_to 0 1 0 carpet
1-22-2024, 오전 3:44:32: kt9020님이 보냄: move_to 1 1 0 carpet
1-22-2024, 오전 3:44:33: kt9020님이 보냄: move_to 1 0 0 carpet
1-22-2024, 오전 3:44:34: kt9020님이 보냄: move_to 0 0 0 carpet
1-22-2024, 오전 3:44:34: kt9020님이 보냄: move_to 0 0 0 carpet
1-22-2024, 오전 3:44:34: kt9020님이 보냄: move_to 0 0 0 carpet
1-22-2024, 오전 3:44:55: kt9020님이 보냄: move_to 0 0 0 carpet
1-22-2024, 오전 3:44:55: kt9020님이 보냄: move_to 1 0 0 carpet
1-22-2024, 오전 3:44:55: kt9020님이 보냄: move_to 2 0 0 carpet
1-22-2024, 오전 3:44:56: kt9020님이 보냄: move_to 3 0 0 carpet
1-22-2024, 오전 3:44:56: kt9020님이 보냄: move_to 4 0 0 carpet
1-22-2024, 오전 3:44:56: kt9020님이 보냄: move_to 5 0 0 carpet
1-22-2024, 오전 3:44:56: kt9020님이 보냄: move_to 6 0 0 carpet
1-22-2024, 오전 3:44:56: kt9020님이 보냄: move_to 7 0 0 carpet
1-22-2024, 오전 3:44:57: kt9020님이 보냄: move_to 8 0 0 carpet
1-22-2024, 오전 3:44:57: kt9020님이 보냄: move_to 9 0 0 carpet
1-22-2024, 오전 3:44:57: kt9020님이 보냄: move_to 10 0 0 carpet
1-22-2024, 오전 3:44:57: kt9020님이 보냄: move_to 11 0 0 carpet
1-22-2024, 오전 3:44:57: kt9020님이 보냄: move_to 12 0 0 carpet
1-22-2024, 오전 3:44:57: kt9020님이 보냄: move_to 13 0 0 carpet
1-22-2024, 오전 3:44:58: kt9020님이 보냄: move_to 14 0 0 carpet
1-22-2024, 오전 3:44:58: kt9020님이 보냄: move_to 15 0 0 carpet
1-22-2024, 오전 3:44:58: kt9020님이 보냄: move_to 16 0 0 carpet
1-22-2024, 오전 3:44:58: kt9020님이 보냄: move_to 17 0 0 carpet
1-22-2024, 오전 3:44:58: kt9020님이 보냄: move_to 18 0 0 carpet
1-22-2024, 오전 3:44:59: kt9020님이 보냄: move_to 17 0 0 carpet
1-22-2024, 오전 3:44:59: kt9020님이 보냄: move_to 16 0 0 carpet
1-22-2024, 오전 3:44:59: kt9020님이 보냄: move_to 15 0 0 carpet
1-22-2024, 오전 3:44:59: kt9020님이 보냄: zmove 1
1-22-2024, 오전 3:44:59: kt9020님이 보냄: move_to 14 0 1 air
1-22-2024, 오전 3:44:59: kt9020님이 보냄: zmove 1
1-22-2024, 오전 3:44:59: kt9020님이 보냄: move_to 13 0 2 air
1-22-2024, 오전 3:44:59: kt9020님이 보냄: move_to 12 0 2 air
1-22-2024, 오전 3:44:59: kt9020님이 보냄: zmove 1
1-22-2024, 오전 3:44:59: kt9020님이 보냄: move_to 11 0 3 air
1-22-2024, 오전 3:45:00: kt9020님이 보냄: zmove 1
1-22-2024, 오전 3:45:00: kt9020님이 보냄: move_to 10 0 4 air
1-22-2024, 오전 3:45:00: kt9020님이 보냄: zmove 1
1-22-2024, 오전 3:45:00: kt9020님이 보냄: move_to 9 0 5 air
1-22-2024, 오전 3:45:00: kt9020님이 보냄: zmove 1
1-22-2024, 오전 3:45:00: kt9020님이 보냄: move_to 8 0 6 air
1-22-2024, 오전 3:45:00: kt9020님이 보냄: move_to 7 0 6 air
1-22-2024, 오전 3:45:00: kt9020님이 보냄: move_to 6 0 6 air
1-22-2024, 오전 3:45:00: kt9020님이 보냄: zmove -1
1-22-2024, 오전 3:45:00: kt9020님이 보냄: move_to 5 0 5 air
1-22-2024, 오전 3:45:00: kt9020님이 보냄: zmove -1
1-22-2024, 오전 3:45:00: kt9020님이 보냄: move_to 4 0 4 air
1-22-2024, 오전 3:45:00: kt9020님이 보냄: move_to 3 0 4 air
1-22-2024, 오전 3:45:00: kt9020님이 보냄: zmove -1
1-22-2024, 오전 3:45:00: kt9020님이 보냄: move_to 2 0 3 air
1-22-2024, 오전 3:45:00: kt9020님이 보냄: zmove -1
1-22-2024, 오전 3:45:00: kt9020님이 보냄: move_to 1 0 2 air
1-22-2024, 오전 3:45:01: kt9020님이 보냄: zmove -1
1-22-2024, 오전 3:45:01: kt9020님이 보냄: move_to 0 0 1 air
1-22-2024, 오전 3:45:01: kt9020님이 보냄: move_to 0 0 1 air
1-22-2024, 오전 3:45:01: kt9020님이 보냄: zmove -1
1-22-2024, 오전 3:45:01: kt9020님이 보냄: move_to 0 0 0 carpet
1-22-2024, 오전 3:45:01: kt9020님이 보냄: fallstop 1 carpet
1-22-2024, 오전 3:45:01: kt9020님이 보냄: move_to 0 0 0 carpet
1-22-2024, 오전 3:45:01: kt9020님이 보냄: move_to 0 0 0 carpet
1-22-2024, 오전 3:45:01: kt9020님이 보냄: move_to 0 0 0 carpet
1-22-2024, 오전 3:45:02: kt9020님이 보냄: move_to 0 1 0 carpet
1-22-2024, 오전 3:45:02: kt9020님이 보냄: move_to 0 2 0 carpet
1-22-2024, 오전 3:45:02: kt9020님이 보냄: move_to 0 3 0 carpet
1-22-2024, 오전 3:45:02: kt9020님이 보냄: move_to 0 4 0 carpet
1-22-2024, 오전 3:45:02: kt9020님이 보냄: move_to 0 5 0 carpet
1-22-2024, 오전 3:45:02: kt9020님이 보냄: move_to 0 6 0 carpet
1-22-2024, 오전 3:45:02: kt9020님이 보냄: zmove 1
1-22-2024, 오전 3:45:02: kt9020님이 보냄: move_to 0 7 1 air
1-22-2024, 오전 3:45:03: kt9020님이 보냄: zmove 1
1-22-2024, 오전 3:45:03: kt9020님이 보냄: move_to 0 8 2 air
1-22-2024, 오전 3:45:03: kt9020님이 보냄: zmove 1
1-22-2024, 오전 3:45:03: kt9020님이 보냄: move_to 0 9 3 air
1-22-2024, 오전 3:45:03: kt9020님이 보냄: move_to 0 10 3 air
1-22-2024, 오전 3:45:03: kt9020님이 보냄: zmove 1
1-22-2024, 오전 3:45:03: kt9020님이 보냄: move_to 0 11 4 air
1-22-2024, 오전 3:45:03: kt9020님이 보냄: zmove 1
1-22-2024, 오전 3:45:03: kt9020님이 보냄: move_to 0 12 5 air
1-22-2024, 오전 3:45:03: kt9020님이 보냄: zmove 1
1-22-2024, 오전 3:45:03: kt9020님이 보냄: move_to 0 13 6 air
1-22-2024, 오전 3:45:03: kt9020님이 보냄: move_to 0 14 6 air
1-22-2024, 오전 3:45:03: kt9020님이 보냄: move_to 0 15 6 air
1-22-2024, 오전 3:45:03: kt9020님이 보냄: zmove -1
1-22-2024, 오전 3:45:03: kt9020님이 보냄: move_to 0 16 5 air
1-22-2024, 오전 3:45:03: kt9020님이 보냄: zmove -1
1-22-2024, 오전 3:45:03: kt9020님이 보냄: move_to 0 17 4 air
1-22-2024, 오전 3:45:04: kt9020님이 보냄: zmove -1
1-22-2024, 오전 3:45:04: kt9020님이 보냄: move_to 0 18 3 air
1-22-2024, 오전 3:45:04: kt9020님이 보냄: move_to 0 19 3 air
1-22-2024, 오전 3:45:04: kt9020님이 보냄: zmove -1
1-22-2024, 오전 3:45:04: kt9020님이 보냄: move_to 0 20 2 air
1-22-2024, 오전 3:45:04: kt9020님이 보냄: zmove -1
1-22-2024, 오전 3:45:04: kt9020님이 보냄: move_to 0 21 1 air
1-22-2024, 오전 3:45:04: kt9020님이 보냄: zmove -1
1-22-2024, 오전 3:45:04: kt9020님이 보냄: move_to 0 22 0 carpet
1-22-2024, 오전 3:45:04: kt9020님이 보냄: move_to 0 23 0 carpet
1-22-2024, 오전 3:45:04: kt9020님이 보냄: fallstop 1 carpet
1-22-2024, 오전 3:45:04: kt9020님이 보냄: move_to 0 24 0 carpet
1-22-2024, 오전 3:45:04: kt9020님이 보냄: move_to 0 25 0 carpet
1-22-2024, 오전 3:45:05: kt9020님이 보냄: move_to 0 26 0 carpet
1-22-2024, 오전 3:45:05: kt9020님이 보냄: move_to 0 27 0 carpet
1-22-2024, 오전 3:45:05: kt9020님이 보냄: move_to 0 28 0 carpet
1-22-2024, 오전 3:45:05: kt9020님이 보냄: zmove 1
1-22-2024, 오전 3:45:05: kt9020님이 보냄: move_to 0 29 1 air
1-22-2024, 오전 3:45:05: kt9020님이 보냄: zmove 1
1-22-2024, 오전 3:45:05: kt9020님이 보냄: move_to 0 30 2 air
1-22-2024, 오전 3:45:05: kt9020님이 보냄: move_to 0 31 2 air
1-22-2024, 오전 3:45:05: kt9020님이 보냄: zmove 1
1-22-2024, 오전 3:45:05: kt9020님이 보냄: move_to 0 32 3 air
1-22-2024, 오전 3:45:05: kt9020님이 보냄: zmove 1
1-22-2024, 오전 3:45:05: kt9020님이 보냄: move_to 0 33 4 air
1-22-2024, 오전 3:45:06: kt9020님이 보냄: zmove 1
1-22-2024, 오전 3:45:06: kt9020님이 보냄: move_to 0 34 5 air
1-22-2024, 오전 3:45:06: kt9020님이 보냄: zmove 1
1-22-2024, 오전 3:45:06: kt9020님이 보냄: move_to 0 35 6 air
1-22-2024, 오전 3:45:06: kt9020님이 보냄: move_to 0 36 6 air
1-22-2024, 오전 3:45:06: kt9020님이 보냄: move_to 0 37 6 air
1-22-2024, 오전 3:45:06: kt9020님이 보냄: zmove -1
1-22-2024, 오전 3:45:06: kt9020님이 보냄: move_to 0 38 5 air
1-22-2024, 오전 3:45:06: kt9020님이 보냄: zmove -1
1-22-2024, 오전 3:45:06: kt9020님이 보냄: move_to 0 39 4 air
1-22-2024, 오전 3:45:06: kt9020님이 보냄: move_to 0 40 4 air
1-22-2024, 오전 3:45:06: kt9020님이 보냄: zmove -1
1-22-2024, 오전 3:45:06: kt9020님이 보냄: move_to 0 41 3 air
1-22-2024, 오전 3:45:06: kt9020님이 보냄: zmove -1
1-22-2024, 오전 3:45:06: kt9020님이 보냄: move_to 0 42 2 air
1-22-2024, 오전 3:45:06: kt9020님이 보냄: zmove -1
1-22-2024, 오전 3:45:06: kt9020님이 보냄: move_to 0 43 1 air
1-22-2024, 오전 3:45:07: kt9020님이 보냄: move_to 0 44 1 air
1-22-2024, 오전 3:45:07: kt9020님이 보냄: zmove -1
1-22-2024, 오전 3:45:07: kt9020님이 보냄: move_to 0 45 0 carpet
1-22-2024, 오전 3:45:07: kt9020님이 보냄: fallstop 1 carpet
1-22-2024, 오전 3:45:07: kt9020님이 보냄: move_to 0 46 0 carpet
1-22-2024, 오전 3:45:07: kt9020님이 보냄: move_to 0 47 0 carpet
1-22-2024, 오전 3:45:07: kt9020님이 보냄: move_to 0 46 0 carpet
1-22-2024, 오전 3:45:07: kt9020님이 보냄: move_to 0 45 0 carpet
1-22-2024, 오전 3:45:08: kt9020님이 보냄: move_to 0 44 0 carpet
1-22-2024, 오전 3:45:08: kt9020님이 보냄: move_to 0 43 0 carpet
1-22-2024, 오전 3:45:08: kt9020님이 보냄: zmove 1
1-22-2024, 오전 3:45:08: kt9020님이 보냄: move_to 0 42 1 air
1-22-2024, 오전 3:45:08: kt9020님이 보냄: zmove 1
1-22-2024, 오전 3:45:08: kt9020님이 보냄: move_to 0 41 2 air
1-22-2024, 오전 3:45:08: kt9020님이 보냄: zmove 1
1-22-2024, 오전 3:45:08: kt9020님이 보냄: move_to 0 40 3 air
1-22-2024, 오전 3:45:08: kt9020님이 보냄: move_to 0 39 3 air
1-22-2024, 오전 3:45:08: kt9020님이 보냄: zmove 1
1-22-2024, 오전 3:45:08: kt9020님이 보냄: move_to 0 38 4 air
1-22-2024, 오전 3:45:08: kt9020님이 보냄: zmove 1
1-22-2024, 오전 3:45:08: kt9020님이 보냄: move_to 0 37 5 air
1-22-2024, 오전 3:45:08: kt9020님이 보냄: zmove 1
1-22-2024, 오전 3:45:08: kt9020님이 보냄: move_to 0 36 6 air
1-22-2024, 오전 3:45:08: kt9020님이 보냄: move_to 0 35 6 air
1-22-2024, 오전 3:45:09: kt9020님이 보냄: move_to 0 34 6 air
1-22-2024, 오전 3:45:09: kt9020님이 보냄: zmove -1
1-22-2024, 오전 3:45:09: kt9020님이 보냄: move_to 0 33 5 air
1-22-2024, 오전 3:45:09: kt9020님이 보냄: zmove -1
1-22-2024, 오전 3:45:09: kt9020님이 보냄: move_to 0 32 4 air
1-22-2024, 오전 3:45:09: kt9020님이 보냄: zmove -1
1-22-2024, 오전 3:45:09: kt9020님이 보냄: move_to 0 31 3 air
1-22-2024, 오전 3:45:09: kt9020님이 보냄: move_to 0 30 3 air
1-22-2024, 오전 3:45:09: kt9020님이 보냄: zmove -1
1-22-2024, 오전 3:45:09: kt9020님이 보냄: move_to 0 29 2 air
1-22-2024, 오전 3:45:09: kt9020님이 보냄: zmove -1
1-22-2024, 오전 3:45:09: kt9020님이 보냄: move_to 0 28 1 air
1-22-2024, 오전 3:45:09: kt9020님이 보냄: zmove -1
1-22-2024, 오전 3:45:09: kt9020님이 보냄: move_to 0 27 0 carpet
1-22-2024, 오전 3:45:09: kt9020님이 보냄: move_to 0 26 0 carpet
1-22-2024, 오전 3:45:09: kt9020님이 보냄: fallstop 1 carpet
1-22-2024, 오전 3:45:10: kt9020님이 보냄: move_to 0 25 0 carpet
1-22-2024, 오전 3:45:10: kt9020님이 보냄: move_to 0 24 0 carpet
1-22-2024, 오전 3:45:10: kt9020님이 보냄: move_to 0 23 0 carpet
1-22-2024, 오전 3:45:10: kt9020님이 보냄: zmove 1
1-22-2024, 오전 3:45:10: kt9020님이 보냄: move_to 0 22 1 air
1-22-2024, 오전 3:45:10: kt9020님이 보냄: zmove 1
1-22-2024, 오전 3:45:10: kt9020님이 보냄: move_to 0 21 2 air
1-22-2024, 오전 3:45:10: kt9020님이 보냄: zmove 1
1-22-2024, 오전 3:45:10: kt9020님이 보냄: move_to 0 20 3 air
1-22-2024, 오전 3:45:10: kt9020님이 보냄: move_to 0 19 3 air
1-22-2024, 오전 3:45:10: kt9020님이 보냄: zmove 1
1-22-2024, 오전 3:45:10: kt9020님이 보냄: move_to 0 18 4 air
1-22-2024, 오전 3:45:10: kt9020님이 보냄: zmove 1
1-22-2024, 오전 3:45:10: kt9020님이 보냄: move_to 0 17 5 air
1-22-2024, 오전 3:45:10: kt9020님이 보냄: zmove 1
1-22-2024, 오전 3:45:10: kt9020님이 보냄: move_to 0 16 6 air
1-22-2024, 오전 3:45:11: kt9020님이 보냄: move_to 0 15 6 air
1-22-2024, 오전 3:45:11: kt9020님이 보냄: move_to 0 14 6 air
1-22-2024, 오전 3:45:11: kt9020님이 보냄: zmove -1
1-22-2024, 오전 3:45:11: kt9020님이 보냄: move_to 0 13 5 air
1-22-2024, 오전 3:45:11: kt9020님이 보냄: zmove -1
1-22-2024, 오전 3:45:11: kt9020님이 보냄: move_to 0 12 4 air
1-22-2024, 오전 3:45:11: kt9020님이 보냄: zmove -1
1-22-2024, 오전 3:45:11: kt9020님이 보냄: move_to 0 11 3 air
1-22-2024, 오전 3:45:11: kt9020님이 보냄: move_to 0 10 3 air
1-22-2024, 오전 3:45:11: kt9020님이 보냄: zmove -1
1-22-2024, 오전 3:45:11: kt9020님이 보냄: move_to 0 9 2 air
1-22-2024, 오전 3:45:11: kt9020님이 보냄: zmove -1
1-22-2024, 오전 3:45:11: kt9020님이 보냄: move_to 0 8 1 air
1-22-2024, 오전 3:45:11: kt9020님이 보냄: zmove -1
1-22-2024, 오전 3:45:11: kt9020님이 보냄: move_to 0 7 0 carpet
1-22-2024, 오전 3:45:11: kt9020님이 보냄: move_to 0 6 0 carpet
1-22-2024, 오전 3:45:11: kt9020님이 보냄: fallstop 1 carpet
1-22-2024, 오전 3:45:12: kt9020님이 보냄: move_to 0 5 0 carpet
1-22-2024, 오전 3:45:12: kt9020님이 보냄: move_to 0 4 0 carpet
1-22-2024, 오전 3:45:12: kt9020님이 보냄: move_to 0 3 0 carpet
1-22-2024, 오전 3:45:12: kt9020님이 보냄: move_to 0 2 0 carpet
1-22-2024, 오전 3:45:12: kt9020님이 보냄: move_to 0 1 0 carpet
1-22-2024, 오전 3:45:13: kt9020님이 보냄: move_to 0 0 0 carpet
1-22-2024, 오전 3:45:13: kt9020님이 보냄: move_to 0 0 0 carpet
1-22-2024, 오전 3:45:13: kt9020님이 보냄: fire
1-22-2024, 오전 3:45:13: kt9020님이 보냄: move_to 0 0 0 carpet
1-22-2024, 오전 3:45:13: kt9020님이 보냄: firestop
1-22-2024, 오전 3:45:13: kt9020님이 보냄: move_to 0 0 0 carpet
1-22-2024, 오전 3:45:13: kt9020님이 보냄: move_to 0 0 0 carpet
1-22-2024, 오전 3:45:14: kt9020님이 보냄: fire
1-22-2024, 오전 3:45:14: kt9020님이 보냄: move_to 0 0 0 carpet
1-22-2024, 오전 3:45:14: kt9020님이 보냄: firestop
1-22-2024, 오전 3:45:14: kt9020님이 보냄: move_to 1 0 0 carpet
1-22-2024, 오전 3:45:14: kt9020님이 보냄: move_to 2 0 0 carpet
1-22-2024, 오전 3:45:14: kt9020님이 보냄: move_to 3 0 0 carpet
1-22-2024, 오전 3:45:14: kt9020님이 보냄: move_to 4 0 0 carpet
1-22-2024, 오전 3:45:14: kt9020님이 보냄: move_to 5 0 0 carpet
1-22-2024, 오전 3:45:14: kt9020님이 보냄: zmove 1
1-22-2024, 오전 3:45:15: kt9020님이 보냄: zmove 1
1-22-2024, 오전 3:45:15: kt9020님이 보냄: zmove 1
1-22-2024, 오전 3:45:15: kt9020님이 보냄: move_to 4 0 3 air
1-22-2024, 오전 3:45:15: kt9020님이 보냄: zmove 1
1-22-2024, 오전 3:45:15: kt9020님이 보냄: move_to 3 0 4 air
1-22-2024, 오전 3:45:15: kt9020님이 보냄: zmove 1
1-22-2024, 오전 3:45:15: kt9020님이 보냄: move_to 2 0 5 air
1-22-2024, 오전 3:45:15: kt9020님이 보냄: zmove 1
1-22-2024, 오전 3:45:15: kt9020님이 보냄: move_to 1 0 6 air
1-22-2024, 오전 3:45:15: kt9020님이 보냄: move_to 0 0 6 air
1-22-2024, 오전 3:45:15: kt9020님이 보냄: move_to 0 0 6 air
1-22-2024, 오전 3:45:15: kt9020님이 보냄: zmove -1
1-22-2024, 오전 3:45:15: kt9020님이 보냄: move_to 0 0 5 air
1-22-2024, 오전 3:45:15: kt9020님이 보냄: zmove -1
1-22-2024, 오전 3:45:16: kt9020님이 보냄: move_to 0 0 4 air
1-22-2024, 오전 3:45:16: kt9020님이 보냄: zmove -1
1-22-2024, 오전 3:45:16: kt9020님이 보냄: move_to 0 0 3 air
1-22-2024, 오전 3:45:16: kt9020님이 보냄: move_to 0 0 3 air
1-22-2024, 오전 3:45:16: kt9020님이 보냄: zmove -1
1-22-2024, 오전 3:45:16: kt9020님이 보냄: zmove -1
1-22-2024, 오전 3:45:16: kt9020님이 보냄: zmove -1
1-22-2024, 오전 3:45:16: kt9020님이 보냄: fallstop 1 carpet
1-22-2024, 오전 3:45:17: kt9020님이 보냄: zmove 1
1-22-2024, 오전 3:45:17: kt9020님이 보냄: zmove 1
1-22-2024, 오전 3:45:17: kt9020님이 보냄: zmove 1
1-22-2024, 오전 3:45:17: kt9020님이 보냄: zmove 1
1-22-2024, 오전 3:45:17: kt9020님이 보냄: zmove 1
1-22-2024, 오전 3:45:17: kt9020님이 보냄: zmove 1
1-22-2024, 오전 3:45:18: kt9020님이 보냄: zmove -1
1-22-2024, 오전 3:45:18: kt9020님이 보냄: zmove -1
1-22-2024, 오전 3:45:18: kt9020님이 보냄: zmove -1
1-22-2024, 오전 3:45:18: kt9020님이 보냄: zmove -1
1-22-2024, 오전 3:45:18: kt9020님이 보냄: zmove -1
1-22-2024, 오전 3:45:18: kt9020님이 보냄: zmove -1
1-22-2024, 오전 3:45:18: kt9020님이 보냄: fallstop 1 carpet
1-22-2024, 오전 3:45:19: kt9020님이 보냄: move_to 1 0 0 carpet
1-22-2024, 오전 3:45:19: kt9020님이 보냄: zmove 1
1-22-2024, 오전 3:45:20: kt9020님이 보냄: zmove 1
1-22-2024, 오전 3:45:20: kt9020님이 보냄: zmove 1
1-22-2024, 오전 3:45:20: kt9020님이 보냄: zmove 1
1-22-2024, 오전 3:45:20: kt9020님이 보냄: zmove 1
1-22-2024, 오전 3:45:20: kt9020님이 보냄: zmove 1
1-22-2024, 오전 3:45:20: kt9020님이 보냄: zmove -1
1-22-2024, 오전 3:45:20: kt9020님이 보냄: zmove -1
1-22-2024, 오전 3:45:21: kt9020님이 보냄: zmove -1
1-22-2024, 오전 3:45:21: kt9020님이 보냄: zmove -1
1-22-2024, 오전 3:45:21: kt9020님이 보냄: zmove -1
1-22-2024, 오전 3:45:21: kt9020님이 보냄: zmove -1
1-22-2024, 오전 3:45:21: kt9020님이 보냄: fallstop 1 carpet
1-22-2024, 오전 3:45:25: kt9020님이 보냄: move_to 0 0 0 carpet
1-22-2024, 오전 3:45:25: kt9020님이 보냄: move_to 0 0 0 carpet
1-22-2024, 오전 3:45:25: kt9020님이 보냄: move_to 0 0 0 carpet
1-22-2024, 오전 3:50:39: kt9020님이 보냄: move_to 0 0 0 carpet
1-22-2024, 오전 3:50:40: kt9020님이 보냄: enter
1-22-2024, 오전 3:50:45: kt9021님이 보냄: enter
1-22-2024, 오전 3:52:59: kt9021님이 보냄: move_to 11689 29041 0 carpet
1-22-2024, 오전 3:52:59: kt9021님이 보냄: move_to 11689 29040 0 carpet
1-22-2024, 오전 3:53:00: kt9021님이 보냄: enter
1-22-2024, 오전 3:53:14: kt9020님이 보냄: enter
1-22-2024, 오전 3:57:47: kt9020님이 보냄: move_to 11689 29041 0 carpet
1-22-2024, 오전 3:57:47: kt9020님이 보냄: move_to 11689 29040 0 carpet
1-22-2024, 오전 3:57:47: kt9020님이 보냄: move_to 11689 29039 0 carpet
1-22-2024, 오전 3:57:47: kt9020님이 보냄: move_to 11689 29038 0 carpet
1-22-2024, 오전 7:02:05: kt9020님이 보냄: move_to 11689 29039 0 carpet
1-22-2024, 오전 7:02:05: kt9020님이 보냄: move_to 11689 29038 0 carpet
1-22-2024, 오전 7:02:06: kt9020님이 보냄: enter
1-22-2024, 오전 7:03:57: kt9021님이 보냄: move_to 11690 29040 0 carpet
1-22-2024, 오전 7:03:58: kt9021님이 보냄: move_to 11689 29040 0 carpet
1-22-2024, 오전 7:03:58: kt9021님이 보냄: enter
1-22-2024, 오전 7:06:04: kt9021님이 보냄: move_to 11688 29040 0 carpet
1-22-2024, 오전 7:06:04: kt9021님이 보냄: move_to 11689 29040 0 carpet
1-22-2024, 오전 7:06:20: kt9020님이 보냄: enter
1-22-2024, 오전 7:11:09: kt9021님이 보냄: move_to 11689 29039 0 carpet
1-22-2024, 오전 7:11:09: kt9021님이 보냄: move_to 11689 29038 0 carpet
1-22-2024, 오전 7:11:09: kt9021님이 보냄: move_to 11689 29037 0 carpet
1-22-2024, 오전 7:11:10: kt9021님이 보냄: move_to 11689 29036 0 carpet
1-22-2024, 오전 7:11:10: kt9021님이 보냄: move_to 11689 29035 0 carpet
1-22-2024, 오전 7:11:10: kt9021님이 보냄: zmove 1
1-22-2024, 오전 7:11:10: kt9021님이 보냄: move_to 11689 29034 1 air
1-22-2024, 오전 7:11:10: kt9021님이 보냄: zmove 1
1-22-2024, 오전 7:11:10: kt9021님이 보냄: move_to 11689 29033 2 air
1-22-2024, 오전 7:11:11: kt9021님이 보냄: zmove 1
1-22-2024, 오전 7:11:11: kt9021님이 보냄: move_to 11689 29032 3 air
1-22-2024, 오전 7:11:11: kt9021님이 보냄: zmove 1
1-22-2024, 오전 7:11:11: kt9021님이 보냄: zmove 1
1-22-2024, 오전 7:11:11: kt9021님이 보냄: move_to 11689 29031 5 air
1-22-2024, 오전 7:11:11: kt9021님이 보냄: zmove 1
1-22-2024, 오전 7:11:11: kt9021님이 보냄: move_to 11689 29030 6 air
1-22-2024, 오전 7:11:11: kt9021님이 보냄: move_to 11689 29029 6 air
1-22-2024, 오전 7:11:11: kt9021님이 보냄: zmove -1
1-22-2024, 오전 7:11:11: kt9021님이 보냄: zmove -1
1-22-2024, 오전 7:11:11: kt9021님이 보냄: move_to 11689 29028 4 air
1-22-2024, 오전 7:11:11: kt9021님이 보냄: zmove -1
1-22-2024, 오전 7:11:11: kt9021님이 보냄: move_to 11689 29027 3 air
1-22-2024, 오전 7:11:12: kt9021님이 보냄: zmove -1
1-22-2024, 오전 7:11:12: kt9021님이 보냄: move_to 11689 29026 2 air
1-22-2024, 오전 7:11:12: kt9021님이 보냄: zmove -1
1-22-2024, 오전 7:11:12: kt9021님이 보냄: move_to 11689 29025 1 air
1-22-2024, 오전 7:11:12: kt9021님이 보냄: zmove -1
1-22-2024, 오전 7:11:12: kt9021님이 보냄: fallstop 1 carpet
1-22-2024, 오전 7:11:12: kt9021님이 보냄: move_to 11689 29024 0 carpet
1-22-2024, 오전 7:11:12: kt9021님이 보냄: move_to 11689 29023 0 carpet
1-22-2024, 오전 7:11:13: kt9021님이 보냄: move_to 11689 29022 0 carpet
1-22-2024, 오전 7:11:13: kt9021님이 보냄: move_to 11689 29021 0 carpet
1-22-2024, 오전 7:11:13: kt9021님이 보냄: zmove 1
1-22-2024, 오전 7:11:13: kt9021님이 보냄: move_to 11689 29020 1 air
1-22-2024, 오전 7:11:13: kt9021님이 보냄: zmove 1
1-22-2024, 오전 7:11:13: kt9021님이 보냄: move_to 11689 29019 2 air
1-22-2024, 오전 7:11:13: kt9021님이 보냄: zmove 1
1-22-2024, 오전 7:11:14: kt9021님이 보냄: zmove 1
1-22-2024, 오전 7:11:14: kt9021님이 보냄: move_to 11689 29018 4 air
1-22-2024, 오전 7:11:14: kt9021님이 보냄: zmove 1
1-22-2024, 오전 7:11:14: kt9021님이 보냄: move_to 11689 29017 5 air
1-22-2024, 오전 7:11:14: kt9021님이 보냄: zmove 1
1-22-2024, 오전 7:11:14: kt9021님이 보냄: move_to 11689 29016 6 air
1-22-2024, 오전 7:11:14: kt9021님이 보냄: move_to 11689 29015 6 air
1-22-2024, 오전 7:11:14: kt9021님이 보냄: zmove -1
1-22-2024, 오전 7:11:14: kt9021님이 보냄: zmove -1
1-22-2024, 오전 7:11:14: kt9021님이 보냄: move_to 11689 29014 4 air
1-22-2024, 오전 7:11:14: kt9021님이 보냄: zmove -1
1-22-2024, 오전 7:11:14: kt9021님이 보냄: move_to 11689 29013 3 air
1-22-2024, 오전 7:11:14: kt9021님이 보냄: zmove -1
1-22-2024, 오전 7:11:15: kt9021님이 보냄: move_to 11689 29012 2 air
1-22-2024, 오전 7:11:15: kt9021님이 보냄: zmove -1
1-22-2024, 오전 7:11:15: kt9021님이 보냄: zmove -1
1-22-2024, 오전 7:11:15: kt9021님이 보냄: move_to 11689 29011 0 carpet
1-22-2024, 오전 7:11:15: kt9021님이 보냄: fallstop 1 carpet
1-22-2024, 오전 7:11:15: kt9021님이 보냄: move_to 11689 29010 0 carpet
1-22-2024, 오전 7:11:15: kt9021님이 보냄: move_to 11689 29009 0 carpet
1-22-2024, 오전 7:11:16: kt9021님이 보냄: zmove 1
1-22-2024, 오전 7:11:16: kt9021님이 보냄: move_to 11689 29008 1 air
1-22-2024, 오전 7:11:16: kt9021님이 보냄: zmove 1
1-22-2024, 오전 7:11:16: kt9021님이 보냄: move_to 11689 29007 2 air
1-22-2024, 오전 7:11:16: kt9021님이 보냄: zmove 1
1-22-2024, 오전 7:11:16: kt9021님이 보냄: move_to 11689 29006 3 air
1-22-2024, 오전 7:11:16: kt9021님이 보냄: zmove 1
1-22-2024, 오전 7:11:16: kt9021님이 보냄: zmove 1
1-22-2024, 오전 7:11:16: kt9021님이 보냄: move_to 11689 29005 5 air
1-22-2024, 오전 7:11:16: kt9021님이 보냄: zmove 1
1-22-2024, 오전 7:11:16: kt9021님이 보냄: move_to 11689 29004 6 air
1-22-2024, 오전 7:11:16: kt9021님이 보냄: move_to 11689 29003 6 air
1-22-2024, 오전 7:11:16: kt9021님이 보냄: zmove -1
1-22-2024, 오전 7:11:17: kt9021님이 보냄: zmove -1
1-22-2024, 오전 7:11:17: kt9021님이 보냄: move_to 11689 29002 4 air
1-22-2024, 오전 7:11:17: kt9021님이 보냄: zmove -1
1-22-2024, 오전 7:11:17: kt9021님이 보냄: move_to 11689 29001 3 air
1-22-2024, 오전 7:11:17: kt9021님이 보냄: zmove -1
1-22-2024, 오전 7:11:17: kt9021님이 보냄: move_to 11689 29000 2 air
1-22-2024, 오전 7:11:17: kt9021님이 보냄: zmove -1
1-22-2024, 오전 7:11:17: kt9021님이 보냄: zmove -1
1-22-2024, 오전 7:11:17: kt9021님이 보냄: move_to 11689 28999 0 carpet
1-22-2024, 오전 7:11:17: kt9021님이 보냄: fallstop 1 carpet
1-22-2024, 오전 7:11:17: kt9021님이 보냄: move_to 11689 28998 0 carpet
1-22-2024, 오전 7:11:18: kt9021님이 보냄: move_to 11689 28997 0 carpet
1-22-2024, 오전 7:11:18: kt9021님이 보냄: zmove 1
1-22-2024, 오전 7:11:18: kt9021님이 보냄: zmove 1
1-22-2024, 오전 7:11:18: kt9021님이 보냄: move_to 11689 28996 2 air
1-22-2024, 오전 7:11:18: kt9021님이 보냄: zmove 1
1-22-2024, 오전 7:11:18: kt9021님이 보냄: move_to 11689 28995 3 air
1-22-2024, 오전 7:11:18: kt9021님이 보냄: zmove 1
1-22-2024, 오전 7:11:18: kt9021님이 보냄: move_to 11689 28994 4 air
1-22-2024, 오전 7:11:18: kt9021님이 보냄: zmove 1
1-22-2024, 오전 7:11:18: kt9021님이 보냄: zmove 1
1-22-2024, 오전 7:11:18: kt9021님이 보냄: move_to 11689 28993 6 air
1-22-2024, 오전 7:11:18: kt9021님이 보냄: move_to 11689 28992 6 air
1-22-2024, 오전 7:11:19: kt9021님이 보냄: zmove -1
1-22-2024, 오전 7:11:19: kt9021님이 보냄: move_to 11689 28991 5 air
1-22-2024, 오전 7:11:19: kt9021님이 보냄: zmove -1
1-22-2024, 오전 7:11:19: kt9021님이 보냄: zmove -1
1-22-2024, 오전 7:11:19: kt9021님이 보냄: move_to 11689 28990 3 air
1-22-2024, 오전 7:11:19: kt9021님이 보냄: zmove -1
1-22-2024, 오전 7:11:19: kt9021님이 보냄: move_to 11689 28989 2 air
1-22-2024, 오전 7:11:19: kt9021님이 보냄: zmove -1
1-22-2024, 오전 7:11:19: kt9021님이 보냄: move_to 11689 28988 1 air
1-22-2024, 오전 7:11:19: kt9021님이 보냄: zmove -1
1-22-2024, 오전 7:11:19: kt9021님이 보냄: fallstop 1 carpet
1-22-2024, 오전 7:11:19: kt9021님이 보냄: move_to 11689 28987 0 carpet
1-22-2024, 오전 7:11:20: kt9021님이 보냄: move_to 11689 28986 0 carpet
1-22-2024, 오전 7:11:20: kt9021님이 보냄: move_to 11689 28985 0 carpet
1-22-2024, 오전 7:11:20: kt9021님이 보냄: move_to 11689 28984 0 carpet
1-22-2024, 오전 7:11:21: kt9021님이 보냄: move_to 11689 28983 0 carpet
1-22-2024, 오전 7:11:21: kt9021님이 보냄: move_to 11689 28982 0 carpet
1-22-2024, 오전 7:11:21: kt9021님이 보냄: move_to 11689 28981 0 carpet
1-22-2024, 오전 7:11:22: kt9021님이 보냄: move_to 11689 28980 0 carpet
1-22-2024, 오전 7:11:22: kt9021님이 보냄: move_to 11689 28979 0 carpet
1-22-2024, 오전 7:11:22: kt9021님이 보냄: move_to 11689 28978 0 carpet
1-22-2024, 오전 7:11:23: kt9021님이 보냄: move_to 11689 28977 0 carpet
1-22-2024, 오전 7:11:23: kt9021님이 보냄: enter
1-26-2024, 오전 11:01:03: kt9020님이 보냄: move_to 680 386 0 rocks
1-26-2024, 오전 11:01:04: kt9020님이 보냄: move_to 681 386 0 rocks
1-26-2024, 오전 11:01:04: kt9020님이 보냄: move_to 682 386 0 rocks
1-26-2024, 오전 11:01:04: kt9020님이 보냄: move_to 683 386 0 rocks
1-26-2024, 오전 11:01:04: kt9020님이 보냄: move_to 684 386 0 rocks
1-26-2024, 오전 11:01:04: kt9020님이 보냄: move_to 685 386 0 rocks
1-26-2024, 오전 11:01:04: kt9020님이 보냄: move_to 686 386 0 rocks
1-26-2024, 오전 11:01:05: kt9020님이 보냄: move_to 687 386 0 rocks
1-26-2024, 오전 11:01:05: kt9020님이 보냄: move_to 688 386 0 rocks
1-26-2024, 오전 11:01:05: kt9020님이 보냄: move_to 689 386 0 rocks
1-26-2024, 오전 11:01:05: kt9020님이 보냄: move_to 690 386 0 rocks
1-26-2024, 오전 11:01:05: kt9020님이 보냄: move_to 691 386 0 rocks
1-26-2024, 오전 11:01:05: kt9020님이 보냄: move_to 692 386 0 rocks
1-26-2024, 오전 11:01:06: kt9020님이 보냄: move_to 693 386 0 rocks
1-26-2024, 오전 11:01:06: kt9020님이 보냄: move_to 694 386 0 rocks
1-26-2024, 오전 11:01:06: kt9020님이 보냄: move_to 695 386 0 rocks
1-26-2024, 오전 11:01:06: kt9020님이 보냄: move_to 696 386 0 rocks
1-26-2024, 오전 11:01:06: kt9020님이 보냄: move_to 697 386 0 rocks
1-26-2024, 오전 11:01:06: kt9020님이 보냄: move_to 698 386 0 rocks
1-26-2024, 오전 11:01:07: kt9020님이 보냄: move_to 699 386 0 rocks
1-26-2024, 오전 11:01:07: kt9020님이 보냄: move_to 700 386 0 rocks
1-26-2024, 오전 11:01:07: kt9020님이 보냄: move_to 701 386 0 rocks
1-26-2024, 오전 11:01:07: kt9020님이 보냄: move_to 702 386 0 rocks
1-26-2024, 오전 11:01:08: kt9020님이 보냄: move_to 701 386 0 rocks
1-26-2024, 오전 11:01:09: kt9020님이 보냄: move_to 700 386 0 rocks
1-26-2024, 오전 11:01:09: kt9020님이 보냄: move_to 699 386 0 rocks
1-26-2024, 오전 11:01:09: kt9020님이 보냄: move_to 698 386 0 rocks
1-26-2024, 오전 11:01:09: kt9020님이 보냄: move_to 697 386 0 rocks
1-26-2024, 오전 11:01:09: kt9020님이 보냄: move_to 696 386 0 rocks
1-26-2024, 오전 11:01:09: kt9020님이 보냄: move_to 695 386 0 rocks
1-26-2024, 오전 11:01:10: kt9020님이 보냄: move_to 694 386 0 rocks
1-26-2024, 오전 11:01:10: kt9020님이 보냄: move_to 693 386 0 rocks
1-26-2024, 오전 11:01:10: kt9020님이 보냄: move_to 692 386 0 rocks
1-26-2024, 오전 11:01:10: kt9020님이 보냄: move_to 691 386 0 rocks
1-26-2024, 오전 11:01:13: kt9020님이 보냄: move_to 692 386 0 rocks
1-26-2024, 오전 11:01:13: kt9020님이 보냄: move_to 693 386 0 rocks
1-26-2024, 오전 11:01:14: kt9020님이 보냄: move_to 694 386 0 rocks
1-26-2024, 오전 11:01:14: kt9020님이 보냄: move_to 695 386 0 rocks
1-26-2024, 오전 11:01:14: kt9020님이 보냄: move_to 696 386 0 rocks
1-26-2024, 오전 11:01:14: kt9020님이 보냄: move_to 697 386 0 rocks
1-26-2024, 오전 11:01:42: kt9020님이 보냄: move_to 697 387 0 rocks
1-26-2024, 오전 11:01:48: kt9020님이 보냄: invrequest
1-26-2024, 오전 11:01:53: kt9020님이 보냄: fire
1-26-2024, 오전 11:01:53: kt9020님이 보냄: firestop
1-26-2024, 오전 11:01:53: kt9020님이 보냄: fire
1-26-2024, 오전 11:01:53: kt9020님이 보냄: firestop
1-26-2024, 오전 11:01:54: kt9020님이 보냄: fire
1-26-2024, 오전 11:01:54: kt9020님이 보냄: firestop
1-26-2024, 오전 11:01:54: kt9020님이 보냄: fire
1-26-2024, 오전 11:01:54: kt9020님이 보냄: firestop
1-26-2024, 오전 11:01:54: kt9020님이 보냄: fire
1-26-2024, 오전 11:01:54: kt9020님이 보냄: firestop
1-26-2024, 오전 11:01:54: kt9020님이 보냄: fire
1-26-2024, 오전 11:01:55: kt9020님이 보냄: firestop
1-26-2024, 오전 11:01:55: kt9020님이 보냄: fire
1-26-2024, 오전 11:01:55: kt9020님이 보냄: firestop
1-26-2024, 오전 11:01:55: kt9020님이 보냄: fire
1-26-2024, 오전 11:01:55: kt9020님이 보냄: firestop
1-26-2024, 오전 11:01:55: kt9020님이 보냄: fire
1-26-2024, 오전 11:01:55: kt9020님이 보냄: firestop
1-26-2024, 오전 11:01:57: kt9020님이 보냄: move_to 698 387 0 rocks
1-26-2024, 오전 11:01:57: kt9020님이 보냄: move_to 699 387 0 rocks
1-26-2024, 오전 11:01:57: kt9020님이 보냄: move_to 700 387 0 rocks
1-26-2024, 오전 11:01:57: kt9020님이 보냄: move_to 701 387 0 rocks
1-26-2024, 오전 11:01:58: kt9020님이 보냄: move_to 701 386 0 rocks
1-26-2024, 오전 11:01:58: kt9020님이 보냄: zmove 1
1-26-2024, 오전 11:01:58: kt9020님이 보냄: move_to 701 385 1 air
1-26-2024, 오전 11:01:58: kt9020님이 보냄: move_to 701 384 1 air
1-26-2024, 오전 11:01:58: kt9020님이 보냄: zmove 1
1-26-2024, 오전 11:01:58: kt9020님이 보냄: move_to 701 383 2 air
1-26-2024, 오전 11:01:58: kt9020님이 보냄: zmove 1
1-26-2024, 오전 11:01:58: kt9020님이 보냄: move_to 701 382 3 air
1-26-2024, 오전 11:01:58: kt9020님이 보냄: zmove 1
1-26-2024, 오전 11:01:58: kt9020님이 보냄: move_to 701 381 4 air
1-26-2024, 오전 11:01:58: kt9020님이 보냄: move_to 701 380 4 air
1-26-2024, 오전 11:01:58: kt9020님이 보냄: zmove 1
1-26-2024, 오전 11:01:58: kt9020님이 보냄: move_to 701 379 5 air
1-26-2024, 오전 11:01:58: kt9020님이 보냄: zmove 1
1-26-2024, 오전 11:01:58: kt9020님이 보냄: move_to 701 378 6 air
1-26-2024, 오전 11:01:58: kt9020님이 보냄: move_to 701 377 6 air
1-26-2024, 오전 11:01:59: kt9020님이 보냄: move_to 701 376 6 air
1-26-2024, 오전 11:01:59: kt9020님이 보냄: fire
1-26-2024, 오전 11:01:59: kt9020님이 보냄: zmove -1
1-26-2024, 오전 11:01:59: kt9020님이 보냄: move_to 701 375 5 air
1-26-2024, 오전 11:01:59: kt9020님이 보냄: firestop
1-26-2024, 오전 11:01:59: kt9020님이 보냄: move_to 701 374 5 air
1-26-2024, 오전 11:01:59: kt9020님이 보냄: zmove -1
1-26-2024, 오전 11:01:59: kt9020님이 보냄: move_to 701 373 4 air
1-26-2024, 오전 11:01:59: kt9020님이 보냄: fire
1-26-2024, 오전 11:01:59: kt9020님이 보냄: firestop
1-26-2024, 오전 11:01:59: kt9020님이 보냄: zmove -1
1-26-2024, 오전 11:01:59: kt9020님이 보냄: fire
1-26-2024, 오전 11:01:59: kt9020님이 보냄: move_to 701 372 3 air
1-26-2024, 오전 11:01:59: kt9020님이 보냄: move_to 701 371 3 air
1-26-2024, 오전 11:01:59: kt9020님이 보냄: zmove -1
1-26-2024, 오전 11:01:59: kt9020님이 보냄: firestop
1-26-2024, 오전 11:01:59: kt9020님이 보냄: move_to 701 370 2 air
1-26-2024, 오전 11:01:59: kt9020님이 보냄: fire
1-26-2024, 오전 11:01:59: kt9020님이 보냄: zmove -1
1-26-2024, 오전 11:01:59: kt9020님이 보냄: move_to 701 369 1 air
1-26-2024, 오전 11:01:59: kt9020님이 보냄: firestop
1-26-2024, 오전 11:01:59: kt9020님이 보냄: zmove -1
1-26-2024, 오전 11:01:59: kt9020님이 보냄: move_to 701 368 0 rocks
1-26-2024, 오전 11:01:59: kt9020님이 보냄: fire
1-26-2024, 오전 11:01:59: kt9020님이 보냄: firestop
1-26-2024, 오전 11:01:59: kt9020님이 보냄: move_to 701 367 0 rocks
1-26-2024, 오전 11:01:59: kt9020님이 보냄: fallstop 1 rocks
1-26-2024, 오전 11:01:59: kt9020님이 보냄: fire
1-26-2024, 오전 11:01:59: kt9020님이 보냄: firestop
1-26-2024, 오전 11:02:00: kt9020님이 보냄: fire
1-26-2024, 오전 11:02:00: kt9020님이 보냄: move_to 701 366 0 rocks
1-26-2024, 오전 11:02:00: kt9020님이 보냄: move_to 701 365 0 rocks
1-26-2024, 오전 11:02:00: kt9020님이 보냄: firestop
1-26-2024, 오전 11:02:00: kt9020님이 보냄: fire
1-26-2024, 오전 11:02:00: kt9020님이 보냄: firestop
1-26-2024, 오전 11:02:00: kt9020님이 보냄: move_to 701 364 0 rocks
1-26-2024, 오전 11:02:00: kt9020님이 보냄: move_to 701 363 0 rocks
1-26-2024, 오전 11:02:00: kt9020님이 보냄: move_to 701 362 0 rocks
1-26-2024, 오전 11:02:00: kt9020님이 보냄: fire
1-26-2024, 오전 11:02:00: kt9020님이 보냄: firestop
1-26-2024, 오전 11:02:03: kt9020님이 보냄: fire
1-26-2024, 오전 11:02:03: kt9020님이 보냄: firestop
1-26-2024, 오전 11:02:03: kt9020님이 보냄: fire
1-26-2024, 오전 11:02:03: kt9020님이 보냄: firestop
1-26-2024, 오전 11:02:03: kt9020님이 보냄: fire
1-26-2024, 오전 11:02:03: kt9020님이 보냄: firestop
1-26-2024, 오전 11:02:03: kt9020님이 보냄: fire
1-26-2024, 오전 11:02:03: kt9020님이 보냄: firestop
1-26-2024, 오전 11:02:31: kt9020님이 보냄: move_to 700 362 0 rocks
1-26-2024, 오전 11:02:32: kt9020님이 보냄: move_to 699 362 0 rocks
1-26-2024, 오전 11:02:32: kt9020님이 보냄: move_to 698 362 0 rocks
1-26-2024, 오전 11:02:32: kt9020님이 보냄: move_to 697 362 0 rocks
1-26-2024, 오전 11:02:32: kt9020님이 보냄: move_to 696 362 0 rocks
1-26-2024, 오전 11:02:32: kt9020님이 보냄: move_to 695 362 0 rocks
1-26-2024, 오전 11:02:32: kt9020님이 보냄: move_to 694 362 0 rocks
1-26-2024, 오전 11:02:33: kt9020님이 보냄: move_to 693 362 0 rocks
1-26-2024, 오전 11:02:34: kt9020님이 보냄: move_to 692 362 0 rocks
1-26-2024, 오전 11:02:34: kt9020님이 보냄: zmove 1
1-26-2024, 오전 11:02:34: kt9020님이 보냄: move_to 691 362 1 air
1-26-2024, 오전 11:02:34: kt9020님이 보냄: zmove 1
1-26-2024, 오전 11:02:34: kt9020님이 보냄: move_to 690 362 2 air
1-26-2024, 오전 11:02:34: kt9020님이 보냄: move_to 689 362 2 air
1-26-2024, 오전 11:02:34: kt9020님이 보냄: zmove 1
1-26-2024, 오전 11:02:34: kt9020님이 보냄: move_to 688 362 3 air
1-26-2024, 오전 11:02:34: kt9020님이 보냄: zmove 1
1-26-2024, 오전 11:02:34: kt9020님이 보냄: move_to 687 362 4 air
1-26-2024, 오전 11:02:34: kt9020님이 보냄: move_to 686 362 4 air
1-26-2024, 오전 11:02:34: kt9020님이 보냄: zmove 1
1-26-2024, 오전 11:02:34: kt9020님이 보냄: move_to 685 362 5 air
1-26-2024, 오전 11:02:34: kt9020님이 보냄: zmove 1
1-26-2024, 오전 11:02:34: kt9020님이 보냄: move_to 684 362 6 air
1-26-2024, 오전 11:02:34: kt9020님이 보냄: move_to 683 362 6 air
1-26-2024, 오전 11:02:34: kt9020님이 보냄: move_to 682 362 6 air
1-26-2024, 오전 11:02:35: kt9020님이 보냄: zmove -1
1-26-2024, 오전 11:02:35: kt9020님이 보냄: move_to 681 362 5 air
1-26-2024, 오전 11:02:35: kt9020님이 보냄: move_to 680 362 5 air
1-26-2024, 오전 11:02:35: kt9020님이 보냄: zmove -1
1-26-2024, 오전 11:02:35: kt9020님이 보냄: move_to 679 362 4 air
1-26-2024, 오전 11:02:35: kt9020님이 보냄: zmove -1
1-26-2024, 오전 11:02:35: kt9020님이 보냄: move_to 678 362 3 air
1-26-2024, 오전 11:02:35: kt9020님이 보냄: zmove -1
1-26-2024, 오전 11:02:35: kt9020님이 보냄: move_to 677 362 2 air
1-26-2024, 오전 11:02:35: kt9020님이 보냄: move_to 676 362 2 air
1-26-2024, 오전 11:02:35: kt9020님이 보냄: zmove -1
1-26-2024, 오전 11:02:35: kt9020님이 보냄: move_to 675 362 1 air
1-26-2024, 오전 11:02:35: kt9020님이 보냄: zmove -1
1-26-2024, 오전 11:02:35: kt9020님이 보냄: move_to 674 362 0 rocks
1-26-2024, 오전 11:02:35: kt9020님이 보냄: move_to 673 362 0 rocks
1-26-2024, 오전 11:02:35: kt9020님이 보냄: fallstop 1 rocks
1-26-2024, 오전 11:02:35: kt9020님이 보냄: move_to 672 362 0 rocks
1-26-2024, 오전 11:02:36: kt9020님이 보냄: move_to 671 362 0 rocks
1-26-2024, 오전 11:02:36: kt9020님이 보냄: move_to 670 362 0 rocks
1-26-2024, 오전 11:02:36: kt9020님이 보냄: move_to 669 362 0 rocks
1-26-2024, 오전 11:02:36: kt9020님이 보냄: move_to 668 362 0 rocks
1-26-2024, 오전 11:02:36: kt9020님이 보냄: move_to 667 362 0 rocks
1-26-2024, 오전 11:02:40: kt9020님이 보냄: move_to 666 362 0 rocks
1-26-2024, 오전 11:02:40: kt9020님이 보냄: move_to 665 362 0 rocks
1-26-2024, 오전 11:02:40: kt9020님이 보냄: move_to 665 363 0 rocks
1-26-2024, 오전 11:02:40: kt9020님이 보냄: zmove 1
1-26-2024, 오전 11:02:40: kt9020님이 보냄: move_to 665 364 1 air
1-26-2024, 오전 11:02:41: kt9020님이 보냄: zmove 1
1-26-2024, 오전 11:02:41: kt9020님이 보냄: move_to 665 365 2 air
1-26-2024, 오전 11:02:41: kt9020님이 보냄: move_to 665 366 2 air
1-26-2024, 오전 11:02:41: kt9020님이 보냄: zmove 1
1-26-2024, 오전 11:02:41: kt9020님이 보냄: move_to 665 367 3 air
1-26-2024, 오전 11:02:41: kt9020님이 보냄: zmove 1
1-26-2024, 오전 11:02:41: kt9020님이 보냄: move_to 665 368 4 air
1-26-2024, 오전 11:02:41: kt9020님이 보냄: move_to 665 369 4 air
1-26-2024, 오전 11:02:41: kt9020님이 보냄: zmove 1
1-26-2024, 오전 11:02:41: kt9020님이 보냄: move_to 665 370 5 air
1-26-2024, 오전 11:02:41: kt9020님이 보냄: zmove 1
1-26-2024, 오전 11:02:41: kt9020님이 보냄: move_to 665 371 6 air
1-26-2024, 오전 11:02:41: kt9020님이 보냄: move_to 665 372 6 air
1-26-2024, 오전 11:02:41: kt9020님이 보냄: move_to 665 373 6 air
1-26-2024, 오전 11:02:41: kt9020님이 보냄: zmove -1
1-26-2024, 오전 11:02:41: kt9020님이 보냄: move_to 665 374 5 air
1-26-2024, 오전 11:02:41: kt9020님이 보냄: zmove -1
1-26-2024, 오전 11:02:41: kt9020님이 보냄: move_to 665 375 4 air
1-26-2024, 오전 11:02:42: kt9020님이 보냄: move_to 665 376 4 air
1-26-2024, 오전 11:02:42: kt9020님이 보냄: zmove -1
1-26-2024, 오전 11:02:42: kt9020님이 보냄: move_to 665 377 3 air
1-26-2024, 오전 11:02:42: kt9020님이 보냄: zmove -1
1-26-2024, 오전 11:02:42: kt9020님이 보냄: move_to 665 378 2 air
1-26-2024, 오전 11:02:42: kt9020님이 보냄: move_to 665 379 2 air
1-26-2024, 오전 11:02:42: kt9020님이 보냄: zmove -1
1-26-2024, 오전 11:02:42: kt9020님이 보냄: move_to 665 380 1 air
1-26-2024, 오전 11:02:42: kt9020님이 보냄: zmove -1
1-26-2024, 오전 11:02:42: kt9020님이 보냄: move_to 665 381 0 rocks
1-26-2024, 오전 11:02:42: kt9020님이 보냄: move_to 665 382 0 rocks
1-26-2024, 오전 11:02:42: kt9020님이 보냄: fallstop 1 rocks
1-26-2024, 오전 11:02:42: kt9020님이 보냄: move_to 665 383 0 rocks
1-26-2024, 오전 11:02:53: kt9020님이 보냄: move_to 666 383 0 rocks
1-26-2024, 오전 11:02:53: kt9020님이 보냄: move_to 667 383 0 rocks
1-26-2024, 오전 11:02:53: kt9020님이 보냄: move_to 668 383 0 rocks
1-26-2024, 오전 11:02:53: kt9020님이 보냄: move_to 669 383 0 rocks
1-26-2024, 오전 11:02:54: kt9020님이 보냄: move_to 669 382 0 rocks
1-26-2024, 오전 11:02:54: kt9020님이 보냄: fire
1-26-2024, 오전 11:02:54: kt9020님이 보냄: move_to 669 381 0 rocks
1-26-2024, 오전 11:02:54: kt9020님이 보냄: firestop
1-26-2024, 오전 11:02:54: kt9020님이 보냄: move_to 669 380 0 rocks
1-26-2024, 오전 11:02:54: kt9020님이 보냄: fire
1-26-2024, 오전 11:02:54: kt9020님이 보냄: move_to 669 379 0 rocks
1-26-2024, 오전 11:02:54: kt9020님이 보냄: firestop
1-26-2024, 오전 11:02:54: kt9020님이 보냄: fire
1-26-2024, 오전 11:02:54: kt9020님이 보냄: move_to 669 378 0 rocks
1-26-2024, 오전 11:02:55: kt9020님이 보냄: firestop
1-26-2024, 오전 11:02:55: kt9020님이 보냄: fire
1-26-2024, 오전 11:02:55: kt9020님이 보냄: firestop
1-26-2024, 오전 11:02:55: kt9020님이 보냄: fire
1-26-2024, 오전 11:02:55: kt9020님이 보냄: firestop
1-26-2024, 오전 11:02:55: kt9020님이 보냄: fire
1-26-2024, 오전 11:02:55: kt9020님이 보냄: firestop
1-26-2024, 오전 11:02:55: kt9020님이 보냄: fire
1-26-2024, 오전 11:02:55: kt9020님이 보냄: firestop
1-26-2024, 오전 11:02:55: kt9020님이 보냄: fire
1-26-2024, 오전 11:02:56: kt9020님이 보냄: firestop
1-26-2024, 오전 11:03:10: kt9020님이 보냄: move_to 670 378 0 rocks
1-26-2024, 오전 11:03:10: kt9020님이 보냄: move_to 671 378 0 rocks
1-26-2024, 오전 11:03:10: kt9020님이 보냄: move_to 672 378 0 rocks
1-26-2024, 오전 11:03:11: kt9020님이 보냄: move_to 673 378 0 rocks
1-26-2024, 오전 11:03:11: kt9020님이 보냄: move_to 674 378 0 rocks
1-26-2024, 오전 11:03:11: kt9020님이 보냄: zmove 1
1-26-2024, 오전 11:03:11: kt9020님이 보냄: move_to 675 378 1 air
1-26-2024, 오전 11:03:11: kt9020님이 보냄: zmove 1
1-26-2024, 오전 11:03:11: kt9020님이 보냄: move_to 676 378 2 air
1-26-2024, 오전 11:03:11: kt9020님이 보냄: move_to 677 378 2 air
1-26-2024, 오전 11:03:11: kt9020님이 보냄: zmove 1
1-26-2024, 오전 11:03:11: kt9020님이 보냄: move_to 678 378 3 air
1-26-2024, 오전 11:03:11: kt9020님이 보냄: zmove 1
1-26-2024, 오전 11:03:11: kt9020님이 보냄: move_to 679 378 4 air
1-26-2024, 오전 11:03:11: kt9020님이 보냄: move_to 680 378 4 air
1-26-2024, 오전 11:03:11: kt9020님이 보냄: zmove 1
1-26-2024, 오전 11:03:11: kt9020님이 보냄: move_to 681 378 5 air
1-26-2024, 오전 11:03:11: kt9020님이 보냄: zmove 1
1-26-2024, 오전 11:03:11: kt9020님이 보냄: move_to 682 378 6 air
1-26-2024, 오전 11:03:11: kt9020님이 보냄: move_to 683 378 6 air
1-26-2024, 오전 11:03:12: kt9020님이 보냄: move_to 684 378 6 air
1-26-2024, 오전 11:03:12: kt9020님이 보냄: zmove -1
1-26-2024, 오전 11:03:12: kt9020님이 보냄: move_to 685 378 5 air
1-26-2024, 오전 11:03:12: kt9020님이 보냄: zmove -1
1-26-2024, 오전 11:03:12: kt9020님이 보냄: move_to 686 378 4 air
1-26-2024, 오전 11:03:12: kt9020님이 보냄: zmove -1
1-26-2024, 오전 11:03:12: kt9020님이 보냄: move_to 686 377 3 air
1-26-2024, 오전 11:03:12: kt9020님이 보냄: zmove -1
1-26-2024, 오전 11:03:12: kt9020님이 보냄: move_to 686 376 2 air
1-26-2024, 오전 11:03:12: kt9020님이 보냄: move_to 686 375 2 air
1-26-2024, 오전 11:03:12: kt9020님이 보냄: zmove -1
1-26-2024, 오전 11:03:12: kt9020님이 보냄: move_to 686 374 1 air
1-26-2024, 오전 11:03:12: kt9020님이 보냄: zmove -1
1-26-2024, 오전 11:03:12: kt9020님이 보냄: move_to 686 373 0 rocks
1-26-2024, 오전 11:03:12: kt9020님이 보냄: fallstop 1 rocks
1-26-2024, 오전 11:03:13: kt9020님이 보냄: move_to 685 373 0 rocks
1-26-2024, 오전 11:03:14: kt9020님이 보냄: move_to 684 373 0 rocks
1-26-2024, 오전 11:03:17: kt9020님이 보냄: move_to 684 374 0 rocks
1-26-2024, 오전 11:06:17: kt9020님이 보냄: invrequest
1-26-2024, 오전 11:10:05: kt9020님이 보냄: invrequest
1-26-2024, 오전 11:10:05: kt9020님이 보냄: invrequest
1-26-2024, 오전 11:10:17: kt9020님이 보냄: fire
1-26-2024, 오전 11:10:17: kt9020님이 보냄: firestop
1-26-2024, 오전 11:10:20: kt9020님이 보냄: fire
1-26-2024, 오전 11:10:21: kt9020님이 보냄: firestop
1-26-2024, 오전 11:10:21: kt9020님이 보냄: fire
1-26-2024, 오전 11:10:21: kt9020님이 보냄: firestop
1-26-2024, 오전 11:10:21: kt9020님이 보냄: fire
1-26-2024, 오전 11:10:21: kt9020님이 보냄: firestop
1-26-2024, 오전 11:10:22: kt9020님이 보냄: fire
1-26-2024, 오전 11:10:23: kt9020님이 보냄: firestop
1-26-2024, 오전 11:10:26: kt9020님이 보냄: move_to 684 373 0 rocks
1-26-2024, 오전 11:10:26: kt9020님이 보냄: move_to 684 372 0 rocks
1-26-2024, 오전 11:10:26: kt9020님이 보냄: move_to 684 371 0 rocks
1-26-2024, 오전 11:10:26: kt9020님이 보냄: move_to 684 370 0 rocks
1-26-2024, 오전 11:10:26: kt9020님이 보냄: move_to 684 369 0 rocks
1-26-2024, 오전 11:10:26: kt9020님이 보냄: move_to 684 368 0 rocks
1-26-2024, 오전 11:10:27: kt9020님이 보냄: fire
1-26-2024, 오전 11:10:27: kt9020님이 보냄: firestop
1-26-2024, 오전 11:12:58: kt9020님이 보냄: fire
1-26-2024, 오전 11:12:58: kt9020님이 보냄: firestop
1-26-2024, 오전 11:12:59: kt9020님이 보냄: fire
1-26-2024, 오전 11:12:59: kt9020님이 보냄: firestop
1-26-2024, 오전 11:13:00: kt9020님이 보냄: fire
1-26-2024, 오전 11:13:00: kt9020님이 보냄: firestop
1-26-2024, 오전 11:13:01: kt9020님이 보냄: fire
1-26-2024, 오전 11:13:01: kt9020님이 보냄: firestop
1-26-2024, 오전 11:13:03: kt9020님이 보냄: fire
1-26-2024, 오전 11:13:03: kt9020님이 보냄: firestop
1-26-2024, 오전 11:13:04: kt9020님이 보냄: move_to 684 367 0 rocks
1-26-2024, 오전 11:13:04: kt9020님이 보냄: move_to 684 366 0 rocks
1-26-2024, 오전 11:13:04: kt9020님이 보냄: move_to 684 365 0 rocks
1-26-2024, 오전 11:13:05: kt9020님이 보냄: move_to 684 364 0 rocks
1-26-2024, 오전 11:13:05: kt9020님이 보냄: move_to 684 363 0 rocks
1-26-2024, 오전 11:13:06: kt9020님이 보냄: fire
1-26-2024, 오전 11:13:06: kt9020님이 보냄: firestop
1-26-2024, 오전 11:13:07: kt9020님이 보냄: move_to 685 363 0 rocks
1-26-2024, 오전 11:13:08: kt9020님이 보냄: move_to 686 363 0 rocks
1-26-2024, 오전 11:13:08: kt9020님이 보냄: move_to 687 363 0 rocks
1-26-2024, 오전 11:13:08: kt9020님이 보냄: move_to 688 363 0 rocks
1-26-2024, 오전 11:13:08: kt9020님이 보냄: move_to 689 363 0 rocks
1-26-2024, 오전 11:13:08: kt9020님이 보냄: move_to 690 363 0 rocks
1-26-2024, 오전 11:13:08: kt9020님이 보냄: move_to 691 363 0 rocks
1-26-2024, 오전 11:13:09: kt9020님이 보냄: move_to 692 363 0 rocks
1-26-2024, 오전 11:13:09: kt9020님이 보냄: fire
1-26-2024, 오전 11:13:09: kt9020님이 보냄: firestop
1-26-2024, 오전 11:13:09: kt9020님이 보냄: move_to 693 363 0 rocks
1-26-2024, 오전 11:13:09: kt9020님이 보냄: move_to 694 363 0 rocks
1-26-2024, 오전 11:13:09: kt9020님이 보냄: move_to 695 363 0 rocks
1-26-2024, 오전 11:13:09: kt9020님이 보냄: move_to 696 363 0 rocks
1-26-2024, 오전 11:13:09: kt9020님이 보냄: fire
1-26-2024, 오전 11:13:09: kt9020님이 보냄: move_to 697 363 0 rocks
1-26-2024, 오전 11:13:10: kt9020님이 보냄: move_to 698 363 0 rocks
1-26-2024, 오전 11:13:10: kt9020님이 보냄: move_to 699 363 0 rocks
1-26-2024, 오전 11:13:10: kt9020님이 보냄: move_to 700 363 0 rocks
1-26-2024, 오전 11:13:10: kt9020님이 보냄: move_to 701 363 0 rocks
1-26-2024, 오전 11:13:10: kt9020님이 보냄: move_to 702 363 0 rocks
1-26-2024, 오전 11:13:10: kt9020님이 보냄: firestop
1-26-2024, 오전 11:13:10: kt9020님이 보냄: move_to 703 363 0 rocks
1-26-2024, 오전 11:13:11: kt9020님이 보냄: move_to 704 363 0 rocks
1-26-2024, 오전 11:13:11: kt9020님이 보냄: fire
1-26-2024, 오전 11:13:11: kt9020님이 보냄: move_to 705 363 0 rocks
1-26-2024, 오전 11:13:11: kt9020님이 보냄: move_to 706 363 0 rocks
1-26-2024, 오전 11:13:11: kt9020님이 보냄: move_to 707 363 0 rocks
1-26-2024, 오전 11:13:11: kt9020님이 보냄: firestop
1-26-2024, 오전 11:13:11: kt9020님이 보냄: move_to 708 363 0 rocks
1-26-2024, 오전 11:13:11: kt9020님이 보냄: move_to 709 363 0 rocks
1-26-2024, 오전 11:13:12: kt9020님이 보냄: move_to 710 363 0 rocks
1-26-2024, 오전 11:13:12: kt9020님이 보냄: move_to 709 363 0 rocks
1-26-2024, 오전 11:13:12: kt9020님이 보냄: move_to 708 363 0 rocks
1-26-2024, 오전 11:13:12: kt9020님이 보냄: fire
1-26-2024, 오전 11:13:13: kt9020님이 보냄: firestop
1-26-2024, 오전 11:13:17: kt9020님이 보냄: fire
1-26-2024, 오전 11:13:18: kt9020님이 보냄: firestop
1-26-2024, 오전 11:13:19: kt9020님이 보냄: fire
1-26-2024, 오전 11:13:19: kt9020님이 보냄: firestop
1-26-2024, 오전 11:13:21: kt9020님이 보냄: fire
1-26-2024, 오전 11:13:21: kt9020님이 보냄: firestop
1-26-2024, 오전 11:13:27: kt9020님이 보냄: fire
1-26-2024, 오전 11:13:27: kt9020님이 보냄: firestop
1-26-2024, 오전 11:13:32: kt9020님이 보냄: fire
1-26-2024, 오전 11:13:32: kt9020님이 보냄: firestop
1-26-2024, 오전 11:13:33: kt9020님이 보냄: move_to 708 364 0 rocks
1-26-2024, 오전 11:13:35: kt9020님이 보냄: fire
1-26-2024, 오전 11:13:35: kt9020님이 보냄: firestop
1-26-2024, 오전 11:13:39: kt9020님이 보냄: fire
1-26-2024, 오전 11:13:39: kt9020님이 보냄: firestop
1-26-2024, 오전 11:13:39: kt9020님이 보냄: fire
1-26-2024, 오전 11:13:39: kt9020님이 보냄: firestop
1-26-2024, 오전 11:13:41: kt9020님이 보냄: fire
1-26-2024, 오전 11:13:41: kt9020님이 보냄: firestop
1-26-2024, 오전 11:13:47: kt9020님이 보냄: invrequest
1-26-2024, 오전 11:13:49: kt9020님이 보냄: move_to 709 364 0 rocks
1-26-2024, 오전 11:13:49: kt9020님이 보냄: move_to 710 364 0 rocks
1-26-2024, 오전 11:13:49: kt9020님이 보냄: zmove 1
1-26-2024, 오전 11:13:49: kt9020님이 보냄: move_to 711 364 1 air
1-26-2024, 오전 11:13:50: kt9020님이 보냄: zmove 1
1-26-2024, 오전 11:13:50: kt9020님이 보냄: move_to 712 364 2 air
1-26-2024, 오전 11:13:50: kt9020님이 보냄: move_to 713 364 2 air
1-26-2024, 오전 11:13:50: kt9020님이 보냄: zmove 1
1-26-2024, 오전 11:13:50: kt9020님이 보냄: move_to 714 364 3 air
1-26-2024, 오전 11:13:50: kt9020님이 보냄: zmove 1
1-26-2024, 오전 11:13:50: kt9020님이 보냄: move_to 715 364 4 air
1-26-2024, 오전 11:13:50: kt9020님이 보냄: move_to 716 364 4 air
1-26-2024, 오전 11:13:50: kt9020님이 보냄: zmove 1
1-26-2024, 오전 11:13:50: kt9020님이 보냄: move_to 717 364 5 air
1-26-2024, 오전 11:13:50: kt9020님이 보냄: zmove 1
1-26-2024, 오전 11:13:50: kt9020님이 보냄: move_to 718 364 6 air
1-26-2024, 오전 11:13:50: kt9020님이 보냄: move_to 719 364 6 air
1-26-2024, 오전 11:13:50: kt9020님이 보냄: move_to 720 364 6 air
1-26-2024, 오전 11:13:50: kt9020님이 보냄: zmove -1
1-26-2024, 오전 11:13:50: kt9020님이 보냄: move_to 721 364 5 air
1-26-2024, 오전 11:13:50: kt9020님이 보냄: zmove -1
1-26-2024, 오전 11:13:51: kt9020님이 보냄: zmove -1
1-26-2024, 오전 11:13:51: kt9020님이 보냄: zmove -1
1-26-2024, 오전 11:13:51: kt9020님이 보냄: zmove -1
1-26-2024, 오전 11:13:51: kt9020님이 보냄: zmove -1
1-26-2024, 오전 11:13:51: kt9020님이 보냄: fallstop 1 rocks
1-26-2024, 오전 11:13:53: kt9020님이 보냄: move_to 721 365 0 rocks
1-26-2024, 오전 11:13:53: kt9020님이 보냄: move_to 721 366 0 rocks
1-26-2024, 오전 11:13:53: kt9020님이 보냄: move_to 721 367 0 rocks
1-26-2024, 오전 11:13:53: kt9020님이 보냄: move_to 721 368 0 rocks
1-26-2024, 오전 11:13:53: kt9020님이 보냄: move_to 721 369 0 rocks
1-26-2024, 오전 11:13:54: kt9020님이 보냄: move_to 721 370 0 rocks
1-26-2024, 오전 11:13:54: kt9020님이 보냄: move_to 721 371 0 rocks
1-26-2024, 오전 11:13:54: kt9020님이 보냄: move_to 721 372 0 rocks
1-26-2024, 오전 11:13:54: kt9020님이 보냄: move_to 721 373 0 rocks
1-26-2024, 오전 11:13:54: kt9020님이 보냄: move_to 721 374 0 rocks
1-26-2024, 오전 11:13:54: kt9020님이 보냄: move_to 721 375 0 rocks
1-26-2024, 오전 11:13:54: kt9020님이 보냄: move_to 721 376 0 rocks
1-26-2024, 오전 11:13:54: kt9020님이 보냄: move_to 721 377 0 rocks
1-26-2024, 오전 11:13:55: kt9020님이 보냄: move_to 721 378 0 rocks
1-26-2024, 오전 11:13:55: kt9020님이 보냄: move_to 721 379 0 rocks
1-26-2024, 오전 11:13:55: kt9020님이 보냄: move_to 721 380 0 rocks
1-26-2024, 오전 11:13:55: kt9020님이 보냄: zmove 1
1-26-2024, 오전 11:13:55: kt9020님이 보냄: move_to 721 381 1 air
1-26-2024, 오전 11:13:55: kt9020님이 보냄: zmove 1
1-26-2024, 오전 11:13:55: kt9020님이 보냄: move_to 721 382 2 air
1-26-2024, 오전 11:13:55: kt9020님이 보냄: move_to 721 383 2 air
1-26-2024, 오전 11:13:55: kt9020님이 보냄: zmove 1
1-26-2024, 오전 11:13:55: kt9020님이 보냄: move_to 721 384 3 air
1-26-2024, 오전 11:13:55: kt9020님이 보냄: zmove 1
1-26-2024, 오전 11:13:55: kt9020님이 보냄: move_to 721 385 4 air
1-26-2024, 오전 11:13:56: kt9020님이 보냄: zmove 1
1-26-2024, 오전 11:13:56: kt9020님이 보냄: move_to 721 386 5 air
1-26-2024, 오전 11:13:56: kt9020님이 보냄: move_to 721 387 5 air
1-26-2024, 오전 11:13:56: kt9020님이 보냄: zmove 1
1-26-2024, 오전 11:13:56: kt9020님이 보냄: move_to 721 388 6 air
1-26-2024, 오전 11:13:56: kt9020님이 보냄: move_to 721 389 6 air
1-26-2024, 오전 11:13:56: kt9020님이 보냄: zmove -1
1-26-2024, 오전 11:13:56: kt9020님이 보냄: zmove -1
1-26-2024, 오전 11:13:56: kt9020님이 보냄: zmove -1
1-26-2024, 오전 11:13:56: kt9020님이 보냄: zmove -1
1-26-2024, 오전 11:13:56: kt9020님이 보냄: zmove -1
1-26-2024, 오전 11:13:56: kt9020님이 보냄: zmove -1
1-26-2024, 오전 11:13:57: kt9020님이 보냄: fallstop 1 rocks
1-26-2024, 오전 11:13:57: kt9020님이 보냄: move_to 720 389 0 rocks
1-26-2024, 오전 11:13:57: kt9020님이 보냄: move_to 719 389 0 rocks
1-26-2024, 오전 11:13:57: kt9020님이 보냄: move_to 718 389 0 rocks
1-26-2024, 오전 11:13:57: kt9020님이 보냄: move_to 717 389 0 rocks
1-26-2024, 오전 11:13:57: kt9020님이 보냄: zmove 1
1-26-2024, 오전 11:13:57: kt9020님이 보냄: move_to 716 389 1 air
1-26-2024, 오전 11:13:58: kt9020님이 보냄: zmove 1
1-26-2024, 오전 11:13:58: kt9020님이 보냄: move_to 715 389 2 air
1-26-2024, 오전 11:13:58: kt9020님이 보냄: move_to 714 389 2 air
1-26-2024, 오전 11:13:58: kt9020님이 보냄: zmove 1
1-26-2024, 오전 11:13:58: kt9020님이 보냄: move_to 713 389 3 air
1-26-2024, 오전 11:13:58: kt9020님이 보냄: zmove 1
1-26-2024, 오전 11:13:58: kt9020님이 보냄: move_to 712 389 4 air
1-26-2024, 오전 11:13:58: kt9020님이 보냄: move_to 711 389 4 air
1-26-2024, 오전 11:13:58: kt9020님이 보냄: zmove 1
1-26-2024, 오전 11:13:58: kt9020님이 보냄: move_to 710 389 5 air
1-26-2024, 오전 11:13:58: kt9020님이 보냄: zmove 1
1-26-2024, 오전 11:13:58: kt9020님이 보냄: move_to 709 389 6 air
1-26-2024, 오전 11:13:58: kt9020님이 보냄: move_to 708 389 6 air
1-26-2024, 오전 11:13:58: kt9020님이 보냄: move_to 707 389 6 air
1-26-2024, 오전 11:13:58: kt9020님이 보냄: zmove -1
1-26-2024, 오전 11:13:58: kt9020님이 보냄: move_to 706 389 5 air
1-26-2024, 오전 11:13:58: kt9020님이 보냄: zmove -1
1-26-2024, 오전 11:13:58: kt9020님이 보냄: move_to 705 389 4 air
1-26-2024, 오전 11:13:58: kt9020님이 보냄: move_to 704 389 4 air
1-26-2024, 오전 11:13:58: kt9020님이 보냄: zmove -1
1-26-2024, 오전 11:13:58: kt9020님이 보냄: move_to 703 389 3 air
1-26-2024, 오전 11:13:59: kt9020님이 보냄: zmove -1
1-26-2024, 오전 11:13:59: kt9020님이 보냄: move_to 702 389 2 air
1-26-2024, 오전 11:13:59: kt9020님이 보냄: move_to 701 389 2 air
1-26-2024, 오전 11:13:59: kt9020님이 보냄: zmove -1
1-26-2024, 오전 11:13:59: kt9020님이 보냄: move_to 700 389 1 air
1-26-2024, 오전 11:13:59: kt9020님이 보냄: zmove -1
1-26-2024, 오전 11:13:59: kt9020님이 보냄: move_to 699 389 0 rocks
1-26-2024, 오전 11:13:59: kt9020님이 보냄: move_to 698 389 0 rocks
1-26-2024, 오전 11:13:59: kt9020님이 보냄: fallstop 1 rocks
1-26-2024, 오전 11:13:59: kt9020님이 보냄: move_to 697 389 0 rocks
1-26-2024, 오전 11:14:00: kt9020님이 보냄: move_to 696 389 0 rocks
1-26-2024, 오전 11:14:00: kt9020님이 보냄: move_to 695 389 0 rocks
1-26-2024, 오전 11:14:00: kt9020님이 보냄: move_to 694 389 0 rocks
1-26-2024, 오전 11:14:00: kt9020님이 보냄: move_to 693 389 0 rocks
1-26-2024, 오전 11:14:04: kt9020님이 보냄: invrequest
1-26-2024, 오전 11:16:06: kt9020님이 보냄: move_to 692 389 0 rocks
1-26-2024, 오전 11:16:06: kt9020님이 보냄: zmove 1
1-26-2024, 오전 11:16:06: kt9020님이 보냄: move_to 691 389 1 air
1-26-2024, 오전 11:16:06: kt9020님이 보냄: zmove 1
1-26-2024, 오전 11:16:06: kt9020님이 보냄: move_to 690 389 2 air
1-26-2024, 오전 11:16:06: kt9020님이 보냄: move_to 689 389 2 air
1-26-2024, 오전 11:16:06: kt9020님이 보냄: zmove 1
1-26-2024, 오전 11:16:06: kt9020님이 보냄: move_to 688 389 3 air
1-26-2024, 오전 11:16:07: kt9020님이 보냄: zmove 1
1-26-2024, 오전 11:16:07: kt9020님이 보냄: move_to 687 389 4 air
1-26-2024, 오전 11:16:07: kt9020님이 보냄: move_to 686 389 4 air
1-26-2024, 오전 11:16:07: kt9020님이 보냄: zmove 1
1-26-2024, 오전 11:16:07: kt9020님이 보냄: move_to 685 389 5 air
1-26-2024, 오전 11:16:07: kt9020님이 보냄: zmove 1
1-26-2024, 오전 11:16:07: kt9020님이 보냄: move_to 684 389 6 air
1-26-2024, 오전 11:16:07: kt9020님이 보냄: move_to 683 389 6 air
1-26-2024, 오전 11:16:07: kt9020님이 보냄: move_to 682 389 6 air
1-26-2024, 오전 11:16:07: kt9020님이 보냄: zmove -1
1-26-2024, 오전 11:16:07: kt9020님이 보냄: move_to 681 389 5 air
1-26-2024, 오전 11:16:07: kt9020님이 보냄: move_to 680 389 5 air
1-26-2024, 오전 11:16:07: kt9020님이 보냄: zmove -1
1-26-2024, 오전 11:16:07: kt9020님이 보냄: move_to 679 389 4 air
1-26-2024, 오전 11:16:07: kt9020님이 보냄: zmove -1
1-26-2024, 오전 11:16:07: kt9020님이 보냄: move_to 678 389 3 air
1-26-2024, 오전 11:16:07: kt9020님이 보냄: zmove -1
1-26-2024, 오전 11:16:07: kt9020님이 보냄: move_to 677 389 2 air
1-26-2024, 오전 11:16:08: kt9020님이 보냄: move_to 676 389 2 air
1-26-2024, 오전 11:16:08: kt9020님이 보냄: zmove -1
1-26-2024, 오전 11:16:08: kt9020님이 보냄: move_to 675 389 1 air
1-26-2024, 오전 11:16:08: kt9020님이 보냄: zmove -1
1-26-2024, 오전 11:16:08: kt9020님이 보냄: move_to 674 389 0 rocks
1-26-2024, 오전 11:16:08: kt9020님이 보냄: move_to 673 389 0 rocks
1-26-2024, 오전 11:16:08: kt9020님이 보냄: fallstop 1 rocks
1-26-2024, 오전 11:16:08: kt9020님이 보냄: move_to 672 389 0 rocks
1-26-2024, 오전 11:16:08: kt9020님이 보냄: move_to 671 389 0 rocks
1-26-2024, 오전 11:16:48: kt9020님이 보냄: move_to 671 388 0 rocks
1-26-2024, 오전 11:16:48: kt9020님이 보냄: move_to 671 387 0 rocks
1-26-2024, 오전 11:16:48: kt9020님이 보냄: move_to 671 386 0 rocks
1-26-2024, 오전 11:16:48: kt9020님이 보냄: move_to 671 385 0 rocks
1-26-2024, 오전 11:17:27: kt9020님이 보냄: move_to 670 385 0 rocks
1-26-2024, 오전 11:17:27: kt9020님이 보냄: move_to 669 385 0 rocks
1-26-2024, 오전 11:17:28: kt9020님이 보냄: move_to 668 385 0 rocks
1-26-2024, 오전 11:17:28: kt9020님이 보냄: move_to 667 385 0 rocks
1-26-2024, 오전 11:17:28: kt9020님이 보냄: move_to 666 385 0 rocks
1-26-2024, 오전 11:20:38: kt9020님이 보냄: move_to 665 385 0 rocks
1-26-2024, 오전 11:20:38: kt9020님이 보냄: move_to 664 385 0 rocks
1-26-2024, 오전 11:20:38: kt9020님이 보냄: move_to 663 385 0 rocks
1-26-2024, 오전 11:20:38: kt9020님이 보냄: move_to 662 385 0 rocks
1-26-2024, 오전 11:20:38: kt9020님이 보냄: move_to 661 385 0 rocks
1-26-2024, 오전 11:20:38: kt9020님이 보냄: zmove 1
1-26-2024, 오전 11:20:38: kt9020님이 보냄: move_to 660 385 1 air
1-26-2024, 오전 11:20:38: kt9020님이 보냄: zmove 1
1-26-2024, 오전 11:20:38: kt9020님이 보냄: move_to 659 385 2 air
1-26-2024, 오전 11:20:38: kt9020님이 보냄: move_to 658 385 2 air
1-26-2024, 오전 11:20:38: kt9020님이 보냄: zmove 1
1-26-2024, 오전 11:20:38: kt9020님이 보냄: move_to 657 385 3 air
1-26-2024, 오전 11:20:38: kt9020님이 보냄: zmove 1
1-26-2024, 오전 11:20:38: kt9020님이 보냄: move_to 656 385 4 air
1-26-2024, 오전 11:20:38: kt9020님이 보냄: zmove 1
1-26-2024, 오전 11:20:38: kt9020님이 보냄: move_to 655 385 5 air
1-26-2024, 오전 11:20:38: kt9020님이 보냄: move_to 654 385 5 air
1-26-2024, 오전 11:20:38: kt9020님이 보냄: zmove 1
1-26-2024, 오전 11:20:38: kt9020님이 보냄: move_to 653 385 6 air
1-26-2024, 오전 11:20:38: kt9020님이 보냄: move_to 652 385 6 air
1-26-2024, 오전 11:20:38: kt9020님이 보냄: move_to 651 385 6 air
1-26-2024, 오전 11:20:39: kt9020님이 보냄: zmove -1
1-26-2024, 오전 11:20:39: kt9020님이 보냄: move_to 650 385 5 air
1-26-2024, 오전 11:20:39: kt9020님이 보냄: zmove -1
1-26-2024, 오전 11:20:39: kt9020님이 보냄: move_to 649 385 4 air
1-26-2024, 오전 11:20:39: kt9020님이 보냄: move_to 648 385 4 air
1-26-2024, 오전 11:20:39: kt9020님이 보냄: zmove -1
1-26-2024, 오전 11:20:39: kt9020님이 보냄: move_to 647 385 3 air
1-26-2024, 오전 11:20:39: kt9020님이 보냄: zmove -1
1-26-2024, 오전 11:20:39: kt9020님이 보냄: move_to 646 385 2 air
1-26-2024, 오전 11:20:39: kt9020님이 보냄: move_to 645 385 2 air
1-26-2024, 오전 11:20:39: kt9020님이 보냄: zmove -1
1-26-2024, 오전 11:20:39: kt9020님이 보냄: move_to 644 385 1 air
1-26-2024, 오전 11:20:39: kt9020님이 보냄: zmove -1
1-26-2024, 오전 11:20:39: kt9020님이 보냄: move_to 643 385 0 rocks
1-26-2024, 오전 11:20:39: kt9020님이 보냄: fallstop 1 rocks
1-26-2024, 오전 11:20:39: kt9020님이 보냄: move_to 642 385 0 rocks
1-26-2024, 오전 11:20:39: kt9020님이 보냄: move_to 641 385 0 rocks
1-26-2024, 오전 11:20:39: kt9020님이 보냄: move_to 640 385 0 rocks
1-26-2024, 오전 11:20:39: kt9020님이 보냄: zmove 1
1-26-2024, 오전 11:20:39: kt9020님이 보냄: move_to 639 385 1 air
1-26-2024, 오전 11:20:39: kt9020님이 보냄: zmove 1
1-26-2024, 오전 11:20:39: kt9020님이 보냄: move_to 638 385 2 air
1-26-2024, 오전 11:20:39: kt9020님이 보냄: move_to 637 385 2 air
1-26-2024, 오전 11:20:39: kt9020님이 보냄: zmove 1
1-26-2024, 오전 11:20:39: kt9020님이 보냄: move_to 636 385 3 air
1-26-2024, 오전 11:20:39: kt9020님이 보냄: zmove 1
1-26-2024, 오전 11:20:39: kt9020님이 보냄: move_to 635 385 4 air
1-26-2024, 오전 11:20:39: kt9020님이 보냄: move_to 634 385 4 air
1-26-2024, 오전 11:20:39: kt9020님이 보냄: zmove 1
1-26-2024, 오전 11:20:39: kt9020님이 보냄: move_to 633 385 5 air
1-26-2024, 오전 11:20:39: kt9020님이 보냄: zmove 1
1-26-2024, 오전 11:20:39: kt9020님이 보냄: move_to 632 385 6 air
1-26-2024, 오전 11:20:39: kt9020님이 보냄: move_to 631 385 6 air
1-26-2024, 오전 11:20:39: kt9020님이 보냄: move_to 630 385 6 air
1-26-2024, 오전 11:20:39: kt9020님이 보냄: zmove -1
1-26-2024, 오전 11:20:39: kt9020님이 보냄: move_to 629 385 5 air
1-26-2024, 오전 11:20:39: kt9020님이 보냄: zmove -1
1-26-2024, 오전 11:20:39: kt9020님이 보냄: move_to 628 385 4 air
1-26-2024, 오전 11:20:39: kt9020님이 보냄: move_to 627 385 4 air
1-26-2024, 오전 11:20:39: kt9020님이 보냄: zmove -1
1-26-2024, 오전 11:20:39: kt9020님이 보냄: move_to 626 385 3 air
1-26-2024, 오전 11:20:39: kt9020님이 보냄: zmove -1
1-26-2024, 오전 11:20:39: kt9020님이 보냄: move_to 625 385 2 air
1-26-2024, 오전 11:20:39: kt9020님이 보냄: move_to 624 385 2 air
1-26-2024, 오전 11:20:39: kt9020님이 보냄: zmove -1
1-26-2024, 오전 11:20:39: kt9020님이 보냄: move_to 623 385 1 air
1-26-2024, 오전 11:20:39: kt9020님이 보냄: zmove -1
1-26-2024, 오전 11:20:39: kt9020님이 보냄: move_to 622 385 0 rocks
1-26-2024, 오전 11:20:39: kt9020님이 보냄: move_to 621 385 0 rocks
1-26-2024, 오전 11:20:39: kt9020님이 보냄: fallstop 1 rocks
1-26-2024, 오전 11:20:39: kt9020님이 보냄: move_to 620 385 0 rocks
1-26-2024, 오전 11:20:39: kt9020님이 보냄: move_to 619 385 0 rocks
1-26-2024, 오전 11:20:39: kt9020님이 보냄: zmove 1
1-26-2024, 오전 11:20:39: kt9020님이 보냄: move_to 618 385 1 air
1-26-2024, 오전 11:20:39: kt9020님이 보냄: zmove 1
1-26-2024, 오전 11:20:39: kt9020님이 보냄: move_to 617 385 2 air
1-26-2024, 오전 11:20:39: kt9020님이 보냄: move_to 616 385 2 air
1-26-2024, 오전 11:20:39: kt9020님이 보냄: zmove 1
1-26-2024, 오전 11:20:39: kt9020님이 보냄: move_to 615 385 3 air
1-26-2024, 오전 11:20:40: kt9020님이 보냄: zmove 1
1-26-2024, 오전 11:20:40: kt9020님이 보냄: move_to 614 385 4 air
1-26-2024, 오전 11:20:40: kt9020님이 보냄: move_to 613 385 4 air
1-26-2024, 오전 11:20:40: kt9020님이 보냄: zmove 1
1-26-2024, 오전 11:20:40: kt9020님이 보냄: move_to 612 385 5 air
1-26-2024, 오전 11:20:40: kt9020님이 보냄: zmove 1
1-26-2024, 오전 11:20:40: kt9020님이 보냄: move_to 611 385 6 air
1-26-2024, 오전 11:20:40: kt9020님이 보냄: move_to 610 385 6 air
1-26-2024, 오전 11:20:40: kt9020님이 보냄: move_to 609 385 6 air
1-26-2024, 오전 11:20:40: kt9020님이 보냄: zmove -1
1-26-2024, 오전 11:20:40: kt9020님이 보냄: move_to 608 385 5 air
1-26-2024, 오전 11:20:40: kt9020님이 보냄: zmove -1
1-26-2024, 오전 11:20:40: kt9020님이 보냄: move_to 607 385 4 air
1-26-2024, 오전 11:20:40: kt9020님이 보냄: move_to 606 385 4 air
1-26-2024, 오전 11:20:40: kt9020님이 보냄: zmove -1
1-26-2024, 오전 11:20:40: kt9020님이 보냄: move_to 605 385 3 air
1-26-2024, 오전 11:20:40: kt9020님이 보냄: zmove -1
1-26-2024, 오전 11:20:40: kt9020님이 보냄: move_to 604 385 2 air
1-26-2024, 오전 11:20:40: kt9020님이 보냄: move_to 603 385 2 air
1-26-2024, 오전 11:20:40: kt9020님이 보냄: zmove -1
1-26-2024, 오전 11:20:40: kt9020님이 보냄: move_to 602 385 1 air
1-26-2024, 오전 11:20:40: kt9020님이 보냄: zmove -1
1-26-2024, 오전 11:20:40: kt9020님이 보냄: move_to 601 385 0 rocks
1-26-2024, 오전 11:20:40: kt9020님이 보냄: move_to 600 385 0 rocks
1-26-2024, 오전 11:20:40: kt9020님이 보냄: fallstop 1 rocks
1-26-2024, 오전 11:20:40: kt9020님이 보냄: move_to 599 385 0 rocks
1-26-2024, 오전 11:20:40: kt9020님이 보냄: move_to 598 385 0 rocks
1-26-2024, 오전 11:20:40: kt9020님이 보냄: move_to 597 385 0 rocks
1-26-2024, 오전 11:20:40: kt9020님이 보냄: zmove 1
1-26-2024, 오전 11:20:40: kt9020님이 보냄: move_to 596 385 1 air
1-26-2024, 오전 11:20:40: kt9020님이 보냄: zmove 1
1-26-2024, 오전 11:20:40: kt9020님이 보냄: move_to 595 385 2 air
1-26-2024, 오전 11:20:40: kt9020님이 보냄: move_to 594 385 2 air
1-26-2024, 오전 11:20:40: kt9020님이 보냄: zmove 1
1-26-2024, 오전 11:20:40: kt9020님이 보냄: move_to 593 385 3 air
1-26-2024, 오전 11:20:40: kt9020님이 보냄: zmove 1
1-26-2024, 오전 11:20:40: kt9020님이 보냄: move_to 592 385 4 air
1-26-2024, 오전 11:20:40: kt9020님이 보냄: move_to 591 385 4 air
1-26-2024, 오전 11:20:40: kt9020님이 보냄: zmove 1
1-26-2024, 오전 11:20:40: kt9020님이 보냄: move_to 590 385 5 air
1-26-2024, 오전 11:20:40: kt9020님이 보냄: zmove 1
1-26-2024, 오전 11:20:40: kt9020님이 보냄: move_to 589 385 6 air
1-26-2024, 오전 11:20:40: kt9020님이 보냄: move_to 588 385 6 air
1-26-2024, 오전 11:20:40: kt9020님이 보냄: move_to 587 385 6 air
1-26-2024, 오전 11:20:40: kt9020님이 보냄: zmove -1
1-26-2024, 오전 11:20:40: kt9020님이 보냄: move_to 586 385 5 air
1-26-2024, 오전 11:20:40: kt9020님이 보냄: zmove -1
1-26-2024, 오전 11:20:40: kt9020님이 보냄: move_to 585 385 4 air
1-26-2024, 오전 11:20:40: kt9020님이 보냄: move_to 584 385 4 air
1-26-2024, 오전 11:20:40: kt9020님이 보냄: zmove -1
1-26-2024, 오전 11:20:40: kt9020님이 보냄: move_to 583 385 3 air
1-26-2024, 오전 11:20:40: kt9020님이 보냄: zmove -1
1-26-2024, 오전 11:20:40: kt9020님이 보냄: move_to 582 385 2 air
1-26-2024, 오전 11:20:40: kt9020님이 보냄: move_to 581 385 2 air
1-26-2024, 오전 11:20:40: kt9020님이 보냄: zmove -1
1-26-2024, 오전 11:20:40: kt9020님이 보냄: move_to 580 385 1 air
1-26-2024, 오전 11:20:40: kt9020님이 보냄: zmove -1
1-26-2024, 오전 11:20:40: kt9020님이 보냄: move_to 579 385 0 rocks
1-26-2024, 오전 11:20:40: kt9020님이 보냄: move_to 578 385 0 rocks
1-26-2024, 오전 11:20:40: kt9020님이 보냄: fallstop 1 rocks
1-26-2024, 오전 11:20:41: kt9020님이 보냄: move_to 577 385 0 rocks
1-26-2024, 오전 11:20:41: kt9020님이 보냄: move_to 576 385 0 rocks
1-26-2024, 오전 11:20:41: kt9020님이 보냄: move_to 575 385 0 rocks
1-26-2024, 오전 11:20:41: kt9020님이 보냄: zmove 1
1-26-2024, 오전 11:20:41: kt9020님이 보냄: move_to 574 385 1 air
1-26-2024, 오전 11:20:41: kt9020님이 보냄: zmove 1
1-26-2024, 오전 11:20:41: kt9020님이 보냄: move_to 573 385 2 air
1-26-2024, 오전 11:20:41: kt9020님이 보냄: move_to 572 385 2 air
1-26-2024, 오전 11:20:41: kt9020님이 보냄: zmove 1
1-26-2024, 오전 11:20:41: kt9020님이 보냄: move_to 571 385 3 air
1-26-2024, 오전 11:20:41: kt9020님이 보냄: zmove 1
1-26-2024, 오전 11:20:41: kt9020님이 보냄: move_to 570 385 4 air
1-26-2024, 오전 11:20:41: kt9020님이 보냄: move_to 569 385 4 air
1-26-2024, 오전 11:20:41: kt9020님이 보냄: zmove 1
1-26-2024, 오전 11:20:41: kt9020님이 보냄: move_to 568 385 5 air
1-26-2024, 오전 11:20:41: kt9020님이 보냄: zmove 1
1-26-2024, 오전 11:20:41: kt9020님이 보냄: move_to 567 385 6 air
1-26-2024, 오전 11:20:41: kt9020님이 보냄: move_to 566 385 6 air
1-26-2024, 오전 11:20:41: kt9020님이 보냄: move_to 565 385 6 air
1-26-2024, 오전 11:20:41: kt9020님이 보냄: zmove -1
1-26-2024, 오전 11:20:41: kt9020님이 보냄: move_to 564 385 5 air
1-26-2024, 오전 11:20:41: kt9020님이 보냄: zmove -1
1-26-2024, 오전 11:20:41: kt9020님이 보냄: move_to 563 385 4 air
1-26-2024, 오전 11:20:41: kt9020님이 보냄: move_to 562 385 4 air
1-26-2024, 오전 11:20:41: kt9020님이 보냄: zmove -1
1-26-2024, 오전 11:20:41: kt9020님이 보냄: move_to 561 385 3 air
1-26-2024, 오전 11:20:41: kt9020님이 보냄: zmove -1
1-26-2024, 오전 11:20:41: kt9020님이 보냄: move_to 560 385 2 air
1-26-2024, 오전 11:20:41: kt9020님이 보냄: move_to 559 385 2 air
1-26-2024, 오전 11:20:41: kt9020님이 보냄: zmove -1
1-26-2024, 오전 11:20:41: kt9020님이 보냄: move_to 558 385 1 air
1-26-2024, 오전 11:20:41: kt9020님이 보냄: zmove -1
1-26-2024, 오전 11:20:41: kt9020님이 보냄: move_to 557 385 0 rocks
1-26-2024, 오전 11:20:41: kt9020님이 보냄: move_to 556 385 0 rocks
1-26-2024, 오전 11:20:41: kt9020님이 보냄: fallstop 1 rocks
1-26-2024, 오전 11:20:41: kt9020님이 보냄: move_to 555 385 0 rocks
1-26-2024, 오전 11:20:41: kt9020님이 보냄: move_to 554 385 0 rocks
1-26-2024, 오전 11:20:41: kt9020님이 보냄: zmove 1
1-26-2024, 오전 11:20:41: kt9020님이 보냄: move_to 553 385 1 air
1-26-2024, 오전 11:20:41: kt9020님이 보냄: move_to 552 385 1 air
1-26-2024, 오전 11:20:41: kt9020님이 보냄: zmove 1
1-26-2024, 오전 11:20:41: kt9020님이 보냄: move_to 551 385 2 air
1-26-2024, 오전 11:20:41: kt9020님이 보냄: zmove 1
1-26-2024, 오전 11:20:41: kt9020님이 보냄: move_to 550 385 3 air
1-26-2024, 오전 11:20:41: kt9020님이 보냄: move_to 549 385 3 air
1-26-2024, 오전 11:20:41: kt9020님이 보냄: zmove 1
1-26-2024, 오전 11:20:41: kt9020님이 보냄: move_to 548 385 4 air
1-26-2024, 오전 11:20:41: kt9020님이 보냄: zmove 1
1-26-2024, 오전 11:20:41: kt9020님이 보냄: move_to 547 385 5 air
1-26-2024, 오전 11:20:41: kt9020님이 보냄: zmove 1
1-26-2024, 오전 11:20:41: kt9020님이 보냄: move_to 546 385 6 air
1-26-2024, 오전 11:20:41: kt9020님이 보냄: move_to 545 385 6 air
1-26-2024, 오전 11:20:41: kt9020님이 보냄: move_to 544 385 6 air
1-26-2024, 오전 11:20:41: kt9020님이 보냄: zmove -1
1-26-2024, 오전 11:20:41: kt9020님이 보냄: move_to 543 385 5 air
1-26-2024, 오전 11:20:41: kt9020님이 보냄: move_to 542 385 5 air
1-26-2024, 오전 11:20:41: kt9020님이 보냄: zmove -1
1-26-2024, 오전 11:20:41: kt9020님이 보냄: move_to 541 385 4 air
1-26-2024, 오전 11:20:41: kt9020님이 보냄: zmove -1
1-26-2024, 오전 11:20:41: kt9020님이 보냄: move_to 540 385 3 air
1-26-2024, 오전 11:20:41: kt9020님이 보냄: move_to 539 385 3 air
1-26-2024, 오전 11:20:42: kt9020님이 보냄: zmove -1
1-26-2024, 오전 11:20:42: kt9020님이 보냄: move_to 538 385 2 air
1-26-2024, 오전 11:20:42: kt9020님이 보냄: zmove -1
1-26-2024, 오전 11:20:42: kt9020님이 보냄: move_to 537 385 1 air
1-26-2024, 오전 11:20:42: kt9020님이 보냄: move_to 536 385 1 air
1-26-2024, 오전 11:20:42: kt9020님이 보냄: zmove -1
1-26-2024, 오전 11:20:42: kt9020님이 보냄: move_to 535 385 0 rocks
1-26-2024, 오전 11:20:42: kt9020님이 보냄: fallstop 1 rocks
1-26-2024, 오전 11:20:42: kt9020님이 보냄: move_to 534 385 0 rocks
1-26-2024, 오전 11:20:42: kt9020님이 보냄: move_to 533 385 0 rocks
1-26-2024, 오전 11:20:42: kt9020님이 보냄: move_to 532 385 0 rocks
1-26-2024, 오전 11:20:42: kt9020님이 보냄: zmove 1
1-26-2024, 오전 11:20:42: kt9020님이 보냄: move_to 531 385 1 air
1-26-2024, 오전 11:20:42: kt9020님이 보냄: zmove 1
1-26-2024, 오전 11:20:42: kt9020님이 보냄: move_to 530 385 2 air
1-26-2024, 오전 11:20:42: kt9020님이 보냄: move_to 529 385 2 air
1-26-2024, 오전 11:20:42: kt9020님이 보냄: zmove 1
1-26-2024, 오전 11:20:42: kt9020님이 보냄: move_to 528 385 3 air
1-26-2024, 오전 11:20:42: kt9020님이 보냄: zmove 1
1-26-2024, 오전 11:20:42: kt9020님이 보냄: move_to 527 385 4 air
1-26-2024, 오전 11:20:42: kt9020님이 보냄: move_to 526 385 4 air
1-26-2024, 오전 11:20:42: kt9020님이 보냄: zmove 1
1-26-2024, 오전 11:20:42: kt9020님이 보냄: move_to 525 385 5 air
1-26-2024, 오전 11:20:42: kt9020님이 보냄: zmove 1
1-26-2024, 오전 11:20:42: kt9020님이 보냄: move_to 524 385 6 air
1-26-2024, 오전 11:20:42: kt9020님이 보냄: move_to 523 385 6 air
1-26-2024, 오전 11:20:42: kt9020님이 보냄: move_to 522 385 6 air
1-26-2024, 오전 11:20:42: kt9020님이 보냄: zmove -1
1-26-2024, 오전 11:20:42: kt9020님이 보냄: move_to 521 385 5 air
1-26-2024, 오전 11:20:42: kt9020님이 보냄: zmove -1
1-26-2024, 오전 11:20:42: kt9020님이 보냄: move_to 520 385 4 air
1-26-2024, 오전 11:20:42: kt9020님이 보냄: move_to 519 385 4 air
1-26-2024, 오전 11:20:42: kt9020님이 보냄: zmove -1
1-26-2024, 오전 11:20:42: kt9020님이 보냄: move_to 518 385 3 air
1-26-2024, 오전 11:20:42: kt9020님이 보냄: zmove -1
1-26-2024, 오전 11:20:42: kt9020님이 보냄: move_to 517 385 2 air
1-26-2024, 오전 11:20:42: kt9020님이 보냄: move_to 516 385 2 air
1-26-2024, 오전 11:20:42: kt9020님이 보냄: zmove -1
1-26-2024, 오전 11:20:42: kt9020님이 보냄: move_to 515 385 1 air
1-26-2024, 오전 11:20:42: kt9020님이 보냄: zmove -1
1-26-2024, 오전 11:20:42: kt9020님이 보냄: move_to 514 385 0 rocks
1-26-2024, 오전 11:20:42: kt9020님이 보냄: move_to 513 385 0 rocks
1-26-2024, 오전 11:20:42: kt9020님이 보냄: fallstop 1 rocks
1-26-2024, 오전 11:20:42: kt9020님이 보냄: move_to 512 385 0 rocks
1-26-2024, 오전 11:20:42: kt9020님이 보냄: move_to 511 385 0 rocks
1-26-2024, 오전 11:20:42: kt9020님이 보냄: zmove 1
1-26-2024, 오전 11:20:42: kt9020님이 보냄: move_to 510 385 1 air
1-26-2024, 오전 11:20:42: kt9020님이 보냄: move_to 509 385 1 air
1-26-2024, 오전 11:20:42: kt9020님이 보냄: zmove 1
1-26-2024, 오전 11:20:42: kt9020님이 보냄: move_to 508 385 2 air
1-26-2024, 오전 11:20:42: kt9020님이 보냄: zmove 1
1-26-2024, 오전 11:20:42: kt9020님이 보냄: move_to 507 385 3 air
1-26-2024, 오전 11:20:42: kt9020님이 보냄: move_to 506 385 3 air
1-26-2024, 오전 11:20:42: kt9020님이 보냄: zmove 1
1-26-2024, 오전 11:20:42: kt9020님이 보냄: move_to 505 385 4 air
1-26-2024, 오전 11:20:42: kt9020님이 보냄: zmove 1
1-26-2024, 오전 11:20:42: kt9020님이 보냄: move_to 504 385 5 air
1-26-2024, 오전 11:20:42: kt9020님이 보냄: move_to 503 385 5 air
1-26-2024, 오전 11:20:43: kt9020님이 보냄: zmove 1
1-26-2024, 오전 11:20:43: kt9020님이 보냄: move_to 502 385 6 air
1-26-2024, 오전 11:20:43: kt9020님이 보냄: move_to 501 385 6 air
1-26-2024, 오전 11:20:43: kt9020님이 보냄: zmove -1
1-26-2024, 오전 11:20:43: kt9020님이 보냄: move_to 500 385 5 air
1-26-2024, 오전 11:20:43: kt9020님이 보냄: move_to 499 385 5 air
1-26-2024, 오전 11:20:43: kt9020님이 보냄: zmove -1
1-26-2024, 오전 11:20:43: kt9020님이 보냄: move_to 498 385 4 air
1-26-2024, 오전 11:20:43: kt9020님이 보냄: zmove -1
1-26-2024, 오전 11:20:43: kt9020님이 보냄: move_to 497 385 3 air
1-26-2024, 오전 11:20:43: kt9020님이 보냄: move_to 496 385 3 air
1-26-2024, 오전 11:20:43: kt9020님이 보냄: zmove -1
1-26-2024, 오전 11:20:43: kt9020님이 보냄: move_to 495 385 2 air
1-26-2024, 오전 11:20:43: kt9020님이 보냄: zmove -1
1-26-2024, 오전 11:20:43: kt9020님이 보냄: move_to 494 385 1 air
1-26-2024, 오전 11:20:43: kt9020님이 보냄: move_to 493 385 1 air
1-26-2024, 오전 11:20:43: kt9020님이 보냄: zmove -1
1-26-2024, 오전 11:20:43: kt9020님이 보냄: move_to 492 385 0 grass
1-26-2024, 오전 11:20:43: kt9020님이 보냄: fallstop 1 grass
1-26-2024, 오전 11:20:43: kt9020님이 보냄: move_to 491 385 0 grass
1-26-2024, 오전 11:20:43: kt9020님이 보냄: move_to 491 384 0 grass
1-26-2024, 오전 11:20:43: kt9020님이 보냄: move_to 491 383 0 grass
1-26-2024, 오전 11:20:43: kt9020님이 보냄: move_to 491 382 0 grass
1-26-2024, 오전 11:20:43: kt9020님이 보냄: move_to 491 381 0 grass
1-26-2024, 오전 11:20:43: kt9020님이 보냄: move_to 491 380 0 grass
1-26-2024, 오전 11:20:43: kt9020님이 보냄: zmove 1
1-26-2024, 오전 11:20:43: kt9020님이 보냄: move_to 491 379 1 air
1-26-2024, 오전 11:20:43: kt9020님이 보냄: zmove 1
1-26-2024, 오전 11:20:43: kt9020님이 보냄: move_to 491 378 2 air
1-26-2024, 오전 11:20:43: kt9020님이 보냄: zmove 1
1-26-2024, 오전 11:20:43: kt9020님이 보냄: move_to 491 377 3 air
1-26-2024, 오전 11:20:43: kt9020님이 보냄: move_to 491 376 3 air
1-26-2024, 오전 11:20:43: kt9020님이 보냄: zmove 1
1-26-2024, 오전 11:20:43: kt9020님이 보냄: move_to 491 375 4 air
1-26-2024, 오전 11:20:43: kt9020님이 보냄: zmove 1
1-26-2024, 오전 11:20:43: kt9020님이 보냄: move_to 491 374 5 air
1-26-2024, 오전 11:20:43: kt9020님이 보냄: move_to 491 373 5 air
1-26-2024, 오전 11:20:43: kt9020님이 보냄: zmove 1
1-26-2024, 오전 11:20:43: kt9020님이 보냄: move_to 491 372 6 air
1-26-2024, 오전 11:20:43: kt9020님이 보냄: move_to 491 371 6 air
1-26-2024, 오전 11:20:43: kt9020님이 보냄: move_to 491 370 6 air
1-26-2024, 오전 11:20:43: kt9020님이 보냄: zmove -1
1-26-2024, 오전 11:20:43: kt9020님이 보냄: move_to 491 369 5 air
1-26-2024, 오전 11:20:43: kt9020님이 보냄: zmove -1
1-26-2024, 오전 11:20:43: kt9020님이 보냄: move_to 491 368 4 air
1-26-2024, 오전 11:20:43: kt9020님이 보냄: move_to 491 367 4 air
1-26-2024, 오전 11:20:43: kt9020님이 보냄: zmove -1
1-26-2024, 오전 11:20:43: kt9020님이 보냄: move_to 491 366 3 air
1-26-2024, 오전 11:20:43: kt9020님이 보냄: zmove -1
1-26-2024, 오전 11:20:43: kt9020님이 보냄: move_to 491 365 2 air
1-26-2024, 오전 11:20:43: kt9020님이 보냄: zmove -1
1-26-2024, 오전 11:20:43: kt9020님이 보냄: move_to 491 364 1 air
1-26-2024, 오전 11:20:43: kt9020님이 보냄: move_to 491 363 1 air
1-26-2024, 오전 11:20:43: kt9020님이 보냄: zmove -1
1-26-2024, 오전 11:20:43: kt9020님이 보냄: move_to 491 362 0 grass
1-26-2024, 오전 11:20:43: kt9020님이 보냄: fallstop 1 grass
1-26-2024, 오전 11:20:43: kt9020님이 보냄: move_to 491 361 0 grass
1-26-2024, 오전 11:20:43: kt9020님이 보냄: move_to 491 360 0 grass
1-26-2024, 오전 11:20:44: kt9020님이 보냄: move_to 491 359 0 grass
1-26-2024, 오전 11:20:44: kt9020님이 보냄: move_to 491 358 0 grass
1-26-2024, 오전 11:20:44: kt9020님이 보냄: zmove 1
1-26-2024, 오전 11:20:44: kt9020님이 보냄: move_to 491 357 1 air
1-26-2024, 오전 11:20:44: kt9020님이 보냄: zmove 1
1-26-2024, 오전 11:20:44: kt9020님이 보냄: move_to 491 356 2 air
1-26-2024, 오전 11:20:44: kt9020님이 보냄: move_to 491 355 2 air
1-26-2024, 오전 11:20:44: kt9020님이 보냄: zmove 1
1-26-2024, 오전 11:20:44: kt9020님이 보냄: move_to 491 354 3 air
1-26-2024, 오전 11:20:44: kt9020님이 보냄: zmove 1
1-26-2024, 오전 11:20:44: kt9020님이 보냄: move_to 491 353 4 air
1-26-2024, 오전 11:20:44: kt9020님이 보냄: move_to 491 352 4 air
1-26-2024, 오전 11:20:44: kt9020님이 보냄: zmove 1
1-26-2024, 오전 11:20:44: kt9020님이 보냄: move_to 491 351 5 air
1-26-2024, 오전 11:20:44: kt9020님이 보냄: zmove 1
1-26-2024, 오전 11:20:44: kt9020님이 보냄: move_to 491 350 6 air
1-26-2024, 오전 11:20:44: kt9020님이 보냄: move_to 491 349 6 air
1-26-2024, 오전 11:20:44: kt9020님이 보냄: move_to 491 348 6 air
1-26-2024, 오전 11:20:44: kt9020님이 보냄: zmove -1
1-26-2024, 오전 11:20:44: kt9020님이 보냄: move_to 491 347 5 air
1-26-2024, 오전 11:20:44: kt9020님이 보냄: zmove -1
1-26-2024, 오전 11:20:44: kt9020님이 보냄: move_to 491 346 4 air
1-26-2024, 오전 11:20:44: kt9020님이 보냄: move_to 491 345 4 air
1-26-2024, 오전 11:20:44: kt9020님이 보냄: zmove -1
1-26-2024, 오전 11:20:44: kt9020님이 보냄: move_to 491 344 3 air
1-26-2024, 오전 11:20:44: kt9020님이 보냄: zmove -1
1-26-2024, 오전 11:20:44: kt9020님이 보냄: move_to 491 343 2 air
1-26-2024, 오전 11:20:44: kt9020님이 보냄: move_to 491 342 2 air
1-26-2024, 오전 11:20:44: kt9020님이 보냄: zmove -1
1-26-2024, 오전 11:20:44: kt9020님이 보냄: move_to 491 341 1 air
1-26-2024, 오전 11:20:44: kt9020님이 보냄: zmove -1
1-26-2024, 오전 11:20:44: kt9020님이 보냄: move_to 491 340 0 grass
1-26-2024, 오전 11:20:44: kt9020님이 보냄: move_to 491 339 0 grass
1-26-2024, 오전 11:20:44: kt9020님이 보냄: fallstop 1 grass
1-26-2024, 오전 11:20:44: kt9020님이 보냄: move_to 491 338 0 grass
1-26-2024, 오전 11:20:44: kt9020님이 보냄: move_to 491 337 0 grass
1-26-2024, 오전 11:20:44: kt9020님이 보냄: zmove 1
1-26-2024, 오전 11:20:44: kt9020님이 보냄: move_to 491 336 1 air
1-26-2024, 오전 11:20:44: kt9020님이 보냄: move_to 491 335 1 air
1-26-2024, 오전 11:20:44: kt9020님이 보냄: zmove 1
1-26-2024, 오전 11:20:44: kt9020님이 보냄: move_to 491 334 2 air
1-26-2024, 오전 11:20:44: kt9020님이 보냄: zmove 1
1-26-2024, 오전 11:20:44: kt9020님이 보냄: move_to 491 333 3 air
1-26-2024, 오전 11:20:44: kt9020님이 보냄: move_to 491 332 3 air
1-26-2024, 오전 11:20:44: kt9020님이 보냄: zmove 1
1-26-2024, 오전 11:20:44: kt9020님이 보냄: move_to 491 331 4 air
1-26-2024, 오전 11:20:44: kt9020님이 보냄: zmove 1
1-26-2024, 오전 11:20:44: kt9020님이 보냄: move_to 491 330 5 air
1-26-2024, 오전 11:20:44: kt9020님이 보냄: move_to 491 329 5 air
1-26-2024, 오전 11:20:44: kt9020님이 보냄: zmove 1
1-26-2024, 오전 11:20:44: kt9020님이 보냄: move_to 491 328 6 air
1-26-2024, 오전 11:20:44: kt9020님이 보냄: move_to 491 327 6 air
1-26-2024, 오전 11:20:44: kt9020님이 보냄: move_to 491 326 6 air
1-26-2024, 오전 11:20:44: kt9020님이 보냄: zmove -1
1-26-2024, 오전 11:20:44: kt9020님이 보냄: move_to 491 325 5 air
1-26-2024, 오전 11:20:44: kt9020님이 보냄: zmove -1
1-26-2024, 오전 11:20:44: kt9020님이 보냄: move_to 491 324 4 air
1-26-2024, 오전 11:20:44: kt9020님이 보냄: zmove -1
1-26-2024, 오전 11:20:44: kt9020님이 보냄: move_to 491 323 3 air
1-26-2024, 오전 11:20:45: kt9020님이 보냄: move_to 491 322 3 air
1-26-2024, 오전 11:20:45: kt9020님이 보냄: zmove -1
1-26-2024, 오전 11:20:45: kt9020님이 보냄: move_to 491 321 2 air
1-26-2024, 오전 11:20:45: kt9020님이 보냄: zmove -1
1-26-2024, 오전 11:20:45: kt9020님이 보냄: move_to 491 320 1 air
1-26-2024, 오전 11:20:45: kt9020님이 보냄: move_to 491 319 1 air
1-26-2024, 오전 11:20:45: kt9020님이 보냄: zmove -1
1-26-2024, 오전 11:20:45: kt9020님이 보냄: move_to 491 318 0 grass
1-26-2024, 오전 11:20:45: kt9020님이 보냄: fallstop 1 grass
1-26-2024, 오전 11:20:45: kt9020님이 보냄: move_to 491 317 0 grass
1-26-2024, 오전 11:20:45: kt9020님이 보냄: move_to 491 316 0 grass
1-26-2024, 오전 11:20:45: kt9020님이 보냄: move_to 491 315 0 grass
1-26-2024, 오전 11:20:45: kt9020님이 보냄: move_to 491 314 0 grass
1-26-2024, 오전 11:20:45: kt9020님이 보냄: move_to 491 313 0 grass
1-26-2024, 오전 11:20:45: kt9020님이 보냄: move_to 491 312 0 grass
1-26-2024, 오전 11:20:45: kt9020님이 보냄: zmove 1
1-26-2024, 오전 11:20:45: kt9020님이 보냄: move_to 491 311 1 air
1-26-2024, 오전 11:20:45: kt9020님이 보냄: zmove 1
1-26-2024, 오전 11:20:45: kt9020님이 보냄: move_to 491 310 2 air
1-26-2024, 오전 11:20:45: kt9020님이 보냄: zmove 1
1-26-2024, 오전 11:20:45: kt9020님이 보냄: move_to 491 309 3 air
1-26-2024, 오전 11:20:45: kt9020님이 보냄: move_to 491 308 3 air
1-26-2024, 오전 11:20:45: kt9020님이 보냄: zmove 1
1-26-2024, 오전 11:20:45: kt9020님이 보냄: move_to 491 307 4 air
1-26-2024, 오전 11:20:45: kt9020님이 보냄: zmove 1
1-26-2024, 오전 11:20:45: kt9020님이 보냄: move_to 491 306 5 air
1-26-2024, 오전 11:20:45: kt9020님이 보냄: move_to 491 305 5 air
1-26-2024, 오전 11:20:45: kt9020님이 보냄: zmove 1
1-26-2024, 오전 11:20:45: kt9020님이 보냄: move_to 491 304 6 air
1-26-2024, 오전 11:20:45: kt9020님이 보냄: move_to 491 303 6 air
1-26-2024, 오전 11:20:45: kt9020님이 보냄: move_to 491 302 6 air
1-26-2024, 오전 11:20:45: kt9020님이 보냄: zmove -1
1-26-2024, 오전 11:20:45: kt9020님이 보냄: move_to 491 301 5 air
1-26-2024, 오전 11:20:45: kt9020님이 보냄: zmove -1
1-26-2024, 오전 11:20:45: kt9020님이 보냄: move_to 491 300 4 air
1-26-2024, 오전 11:20:45: kt9020님이 보냄: move_to 491 299 4 air
1-26-2024, 오전 11:20:45: kt9020님이 보냄: zmove -1
1-26-2024, 오전 11:20:45: kt9020님이 보냄: move_to 491 298 3 air
1-26-2024, 오전 11:20:45: kt9020님이 보냄: zmove -1
1-26-2024, 오전 11:20:45: kt9020님이 보냄: move_to 491 297 2 air
1-26-2024, 오전 11:20:45: kt9020님이 보냄: zmove -1
1-26-2024, 오전 11:20:45: kt9020님이 보냄: move_to 491 296 1 air
1-26-2024, 오전 11:20:45: kt9020님이 보냄: move_to 491 295 1 air
1-26-2024, 오전 11:20:45: kt9020님이 보냄: zmove -1
1-26-2024, 오전 11:20:45: kt9020님이 보냄: move_to 491 294 0 grass
1-26-2024, 오전 11:20:45: kt9020님이 보냄: fallstop 1 grass
1-26-2024, 오전 11:20:45: kt9020님이 보냄: move_to 491 293 0 grass
1-26-2024, 오전 11:20:45: kt9020님이 보냄: move_to 491 292 0 grass
1-26-2024, 오전 11:20:56: kt9020님이 보냄: move_to 491 291 0 grass
1-26-2024, 오전 11:20:56: kt9020님이 보냄: move_to 491 290 0 grass
1-26-2024, 오전 11:20:56: kt9020님이 보냄: move_to 491 289 0 grass
1-26-2024, 오전 11:20:56: kt9020님이 보냄: move_to 491 288 0 grass
1-26-2024, 오전 11:20:56: kt9020님이 보냄: move_to 491 287 0 grass
1-26-2024, 오전 11:20:56: kt9020님이 보냄: move_to 491 286 0 grass
1-26-2024, 오전 11:20:56: kt9020님이 보냄: move_to 492 286 0 grass
1-26-2024, 오전 11:20:56: kt9020님이 보냄: move_to 493 286 0 grass
1-26-2024, 오전 11:20:56: kt9020님이 보냄: move_to 494 286 0 grass
1-26-2024, 오전 11:20:56: kt9020님이 보냄: move_to 495 286 0 grass
1-26-2024, 오전 11:20:56: kt9020님이 보냄: move_to 496 286 0 grass
1-26-2024, 오전 11:20:56: kt9020님이 보냄: zmove 1
1-26-2024, 오전 11:20:56: kt9020님이 보냄: move_to 497 286 1 air
1-26-2024, 오전 11:20:56: kt9020님이 보냄: zmove 1
1-26-2024, 오전 11:20:56: kt9020님이 보냄: move_to 498 286 2 air
1-26-2024, 오전 11:20:56: kt9020님이 보냄: move_to 499 286 2 air
1-26-2024, 오전 11:20:56: kt9020님이 보냄: zmove 1
1-26-2024, 오전 11:20:56: kt9020님이 보냄: move_to 500 286 3 air
1-26-2024, 오전 11:20:56: kt9020님이 보냄: zmove 1
1-26-2024, 오전 11:20:56: kt9020님이 보냄: move_to 501 286 4 air
1-26-2024, 오전 11:20:56: kt9020님이 보냄: move_to 502 286 4 air
1-26-2024, 오전 11:20:56: kt9020님이 보냄: zmove 1
1-26-2024, 오전 11:20:56: kt9020님이 보냄: move_to 503 286 5 air
1-26-2024, 오전 11:20:56: kt9020님이 보냄: zmove 1
1-26-2024, 오전 11:20:56: kt9020님이 보냄: move_to 504 286 6 air
1-26-2024, 오전 11:20:56: kt9020님이 보냄: move_to 505 286 6 air
1-26-2024, 오전 11:20:56: kt9020님이 보냄: move_to 506 286 6 air
1-26-2024, 오전 11:20:56: kt9020님이 보냄: zmove -1
1-26-2024, 오전 11:20:56: kt9020님이 보냄: move_to 507 286 5 air
1-26-2024, 오전 11:20:56: kt9020님이 보냄: zmove -1
1-26-2024, 오전 11:20:56: kt9020님이 보냄: move_to 508 286 4 air
1-26-2024, 오전 11:20:56: kt9020님이 보냄: move_to 509 286 4 air
1-26-2024, 오전 11:20:56: kt9020님이 보냄: zmove -1
1-26-2024, 오전 11:20:56: kt9020님이 보냄: move_to 510 286 3 air
1-26-2024, 오전 11:20:57: kt9020님이 보냄: zmove -1
1-26-2024, 오전 11:20:57: kt9020님이 보냄: move_to 511 286 2 air
1-26-2024, 오전 11:20:57: kt9020님이 보냄: move_to 512 286 2 air
1-26-2024, 오전 11:20:57: kt9020님이 보냄: zmove -1
1-26-2024, 오전 11:20:57: kt9020님이 보냄: move_to 513 286 1 air
1-26-2024, 오전 11:20:57: kt9020님이 보냄: zmove -1
1-26-2024, 오전 11:20:57: kt9020님이 보냄: move_to 514 286 0 rocks
1-26-2024, 오전 11:20:57: kt9020님이 보냄: move_to 515 286 0 rocks
1-26-2024, 오전 11:20:57: kt9020님이 보냄: fallstop 1 rocks