
1-21-2024, 오전 6:46:06: 127.0.0.1에서 보냄: login kt9020 kt9020 1004 /Y6zFy6HK3j88TArol4hUlIcr1k
1-21-2024, 오전 6:46:06: 127.0.0.1에서 보냄: newplayer kt9020 /Y6zFy6HK3j88TArol4hUlIcr1k Catalina16.5.1 D:\sp\street_program.bgt
1-21-2024, 오전 6:46:06: kt9020님이보냄: compinfo 94yjc (KT5820) (경로) D:\sp\street_program.bgt
1-21-2024, 오전 6:46:08: kt9020님이보냄: ping
1-21-2024, 오전 6:46:08: kt9020님이보냄: ping
1-21-2024, 오전 6:46:09: kt9020님이보냄: ping
1-21-2024, 오전 6:46:09: kt9020님이보냄: ping
1-21-2024, 오전 6:46:09: kt9020님이보냄: ping
1-21-2024, 오전 6:46:10: kt9020님이보냄: ping
1-21-2024, 오전 6:46:10: kt9020님이보냄: ping
1-21-2024, 오전 6:46:10: kt9020님이보냄: ping
1-21-2024, 오전 6:46:10: kt9020님이보냄: ping
1-21-2024, 오전 6:46:11: kt9020님이보냄: ping
1-21-2024, 오전 6:46:11: kt9020님이보냄: ping
1-21-2024, 오전 6:46:12: kt9020님이보냄: ping
1-21-2024, 오전 6:46:12: kt9020님이보냄: ping
1-21-2024, 오전 6:46:13: kt9020님이보냄: ping
1-21-2024, 오전 6:46:13: kt9020님이보냄: ping
1-21-2024, 오전 6:46:19: kt9020님이보냄: ping
1-21-2024, 오전 6:46:20: kt9020님이보냄: ping
1-21-2024, 오전 6:46:20: kt9020님이보냄: ping
1-21-2024, 오전 6:46:20: kt9020님이보냄: ping
1-21-2024, 오전 6:46:20: kt9020님이보냄: ping
1-21-2024, 오전 6:46:21: kt9020님이보냄: ping
1-21-2024, 오전 6:46:21: kt9020님이보냄: ping
1-21-2024, 오전 6:46:21: kt9020님이보냄: ping
1-21-2024, 오전 6:46:21: kt9020님이보냄: ping
1-21-2024, 오전 6:46:21: kt9020님이보냄: ping
1-21-2024, 오전 6:46:22: kt9020님이보냄: ping
1-21-2024, 오전 6:46:22: kt9020님이보냄: ping
1-21-2024, 오전 6:46:22: kt9020님이보냄: ping
1-21-2024, 오전 6:46:22: kt9020님이보냄: ping
1-21-2024, 오전 6:46:23: kt9020님이보냄: ping
1-21-2024, 오전 6:46:23: kt9020님이보냄: ping
1-21-2024, 오전 6:46:24: kt9020님이보냄: ping
1-21-2024, 오전 6:46:24: kt9020님이보냄: ping
1-21-2024, 오전 6:46:25: kt9020님이보냄: ping
1-21-2024, 오전 6:46:25: kt9020님이보냄: ping
1-21-2024, 오전 6:46:26: kt9020님이보냄: ping
1-21-2024, 오전 6:46:26: kt9020님이보냄: ping
1-21-2024, 오전 6:46:27: kt9020님이보냄: ping
1-21-2024, 오전 6:46:27: kt9020님이보냄: ping
1-21-2024, 오전 6:46:28: kt9020님이보냄: ping
1-21-2024, 오전 6:46:29: kt9020님이보냄: ping
1-21-2024, 오전 6:48:03: 127.0.0.1에서 보냄: login kt9020 kt9020 1004 /Y6zFy6HK3j88TArol4hUlIcr1k
1-21-2024, 오전 6:48:03: 127.0.0.1에서 보냄: newplayer kt9020 /Y6zFy6HK3j88TArol4hUlIcr1k Catalina16.5.1 D:\sp\street_program.bgt
1-21-2024, 오전 6:48:03: kt9020님이보냄: compinfo 94yjc (KT5820) (경로) D:\sp\street_program.bgt
1-21-2024, 오전 6:52:38: kt9020님이보냄: close
1-21-2024, 오전 6:52:57: kt9020님이보냄: close
1-21-2024, 오전 7:01:21: 127.0.0.1에서 보냄: login kt9020 kt9020 1004 /Y6zFy6HK3j88TArol4hUlIcr1k
1-21-2024, 오전 7:01:21: 127.0.0.1에서 보냄: newplayer kt9020 /Y6zFy6HK3j88TArol4hUlIcr1k Catalina16.5.1 D:\sp\street_program.bgt
1-21-2024, 오전 7:01:21: kt9020님이보냄: compinfo 94yjc (KT5820) (경로) D:\sp\street_program.bgt
1-21-2024, 오전 7:01:49: kt9020님이보냄: close
1-22-2024, 오전 1:45:32: 127.0.0.1에서 보냄: login kt9021 kt9020 1004 /Y6zFy6HK3j88TArol4hUlIcr1k
1-22-2024, 오전 1:45:32: 127.0.0.1에서 보냄: newplayer kt9021 /Y6zFy6HK3j88TArol4hUlIcr1k Catalina16.5.1 D:\sp\street_program.bgt
1-22-2024, 오전 1:45:32: kt9021님이보냄: compinfo 94yjc (KT5820) (경로) D:\sp\street_program.bgt
1-22-2024, 오전 1:45:37: 127.0.0.1에서 보냄: login kt9020 kt9020 1004 /Y6zFy6HK3j88TArol4hUlIcr1k
1-22-2024, 오전 1:45:37: 127.0.0.1에서 보냄: newplayer kt9020 /Y6zFy6HK3j88TArol4hUlIcr1k Catalina16.5.1 D:\sp\street_program.bgt
1-22-2024, 오전 1:45:37: kt9020님이보냄: compinfo 94yjc (KT5820) (경로) D:\sp\street_program.bgt
1-22-2024, 오전 1:45:39: kt9020님이보냄: uptime
1-22-2024, 오전 1:45:40: kt9020님이보냄: serverstats
1-22-2024, 오전 7:02:01: kt9020님이보냄: uptime
1-22-2024, 오전 7:13:47: kt9020님이보냄: close
1-26-2024, 오전 10:58:15: 127.0.0.1에서 보냄: login kt9020 kt9020 1004 /Y6zFy6HK3j88TArol4hUlIcr1k
1-26-2024, 오전 10:58:15: 127.0.0.1에서 보냄: newplayer kt9020 /Y6zFy6HK3j88TArol4hUlIcr1k Catalina16.5.1 D:\sp\street_program.bgt
1-26-2024, 오전 10:58:15: kt9020님이보냄: compinfo 94yjc (KT5820) (경로) D:\sp\street_program.bgt
1-26-2024, 오전 10:58:16: kt9020님이보냄: ping
1-26-2024, 오전 10:58:17: kt9020님이보냄: uptime
1-26-2024, 오전 10:58:17: kt9020님이보냄: ping
1-26-2024, 오전 10:58:17: kt9020님이보냄: ping
1-26-2024, 오전 10:58:18: kt9020님이보냄: ping
1-26-2024, 오전 10:58:18: kt9020님이보냄: ping
1-26-2024, 오전 10:58:18: kt9020님이보냄: ping
1-26-2024, 오전 10:58:18: kt9020님이보냄: ping
1-26-2024, 오전 10:58:18: kt9020님이보냄: ping
1-26-2024, 오전 10:58:18: kt9020님이보냄: ping
1-26-2024, 오전 10:58:18: kt9020님이보냄: ping
1-26-2024, 오전 10:58:18: kt9020님이보냄: ping
1-26-2024, 오전 11:01:28: kt9020님이보냄: ping
1-26-2024, 오전 11:01:29: kt9020님이보냄: ping
1-26-2024, 오전 11:01:29: kt9020님이보냄: ping
1-26-2024, 오전 11:01:29: kt9020님이보냄: ping
1-26-2024, 오전 11:01:30: kt9020님이보냄: ping
1-26-2024, 오전 11:01:30: kt9020님이보냄: ping
1-26-2024, 오전 11:02:18: kt9020님이보냄: ping
1-26-2024, 오전 11:02:18: kt9020님이보냄: ping
1-26-2024, 오전 11:02:19: kt9020님이보냄: ping
1-26-2024, 오전 11:02:19: kt9020님이보냄: ping
1-26-2024, 오전 11:02:19: kt9020님이보냄: ping
1-26-2024, 오전 11:02:21: kt9020님이보냄: ping
1-26-2024, 오전 11:02:22: kt9020님이보냄: ping
1-26-2024, 오전 11:02:24: kt9020님이보냄: ping
1-26-2024, 오전 11:09:30: kt9020님이보냄: ping
1-26-2024, 오전 11:09:31: kt9020님이보냄: ping
1-26-2024, 오전 11:13:02: kt9020님이보냄: ping
1-26-2024, 오전 11:13:31: kt9020님이보냄: ping
1-26-2024, 오전 11:14:52: kt9020님이보냄: ping
1-26-2024, 오전 11:14:52: kt9020님이보냄: ping
1-26-2024, 오전 11:15:06: kt9020님이보냄: ping
1-26-2024, 오전 11:15:07: kt9020님이보냄: ping
1-26-2024, 오전 11:15:17: kt9020님이보냄: ping
1-26-2024, 오전 11:15:17: kt9020님이보냄: ping
1-26-2024, 오전 11:15:17: kt9020님이보냄: ping
1-26-2024, 오전 11:15:18: kt9020님이보냄: ping
1-26-2024, 오전 11:15:34: kt9020님이보냄: ping
1-26-2024, 오전 11:15:35: kt9020님이보냄: ping
1-26-2024, 오전 11:15:56: kt9020님이보냄: ping
1-26-2024, 오전 11:16:18: kt9020님이보냄: ping
1-26-2024, 오전 11:16:19: kt9020님이보냄: ping
1-26-2024, 오전 11:16:54: kt9020님이보냄: ping
1-26-2024, 오전 11:17:48: kt9020님이보냄: ping
1-26-2024, 오전 11:17:49: kt9020님이보냄: ping
1-26-2024, 오전 11:18:49: kt9020님이보냄: ping
1-26-2024, 오전 11:19:16: kt9020님이보냄: ping
1-26-2024, 오전 11:20:45: kt9020님이보냄: ping
1-26-2024, 오전 11:20:58: kt9020님이보냄: ping
1-26-2024, 오전 11:20:58: kt9020님이보냄: ping
1-26-2024, 오전 11:20:59: kt9020님이보냄: ping
1-26-2024, 오전 11:20:59: kt9020님이보냄: ping
1-26-2024, 오전 11:20:59: kt9020님이보냄: ping
1-26-2024, 오전 11:20:59: kt9020님이보냄: ping
1-26-2024, 오전 11:21:00: kt9020님이보냄: ping
1-26-2024, 오전 11:21:00: kt9020님이보냄: ping
1-26-2024, 오전 11:21:00: kt9020님이보냄: ping
1-26-2024, 오전 11:21:00: kt9020님이보냄: ping
1-26-2024, 오전 11:21:00: kt9020님이보냄: ping
1-26-2024, 오전 11:21:00: kt9020님이보냄: ping
1-26-2024, 오전 11:21:01: kt9020님이보냄: ping
1-26-2024, 오전 11:21:01: kt9020님이보냄: ping
1-26-2024, 오전 11:21:01: kt9020님이보냄: ping
1-26-2024, 오전 11:21:01: kt9020님이보냄: ping
1-26-2024, 오전 11:21:01: kt9020님이보냄: ping
1-26-2024, 오전 11:21:02: kt9020님이보냄: ping
1-26-2024, 오전 11:21:02: kt9020님이보냄: ping
1-26-2024, 오전 11:21:02: kt9020님이보냄: ping
1-26-2024, 오전 11:21:06: kt9020님이보냄: ping
1-26-2024, 오전 11:21:06: kt9020님이보냄: ping
1-26-2024, 오전 11:21:07: kt9020님이보냄: ping
1-26-2024, 오전 11:21:07: kt9020님이보냄: ping
1-26-2024, 오전 11:21:07: kt9020님이보냄: ping