
1-21-2024, 오전 6:46:31: kt9020님이 보냄: /서버속
1-21-2024, 오전 6:46:44: kt9020님이 보냄: /로봇창 awsn 1 kt9020 0 0
1-21-2024, 오전 6:47:52: kt9020님이 보냄: /서버제부팅
1-21-2024, 오전 6:47:55: kt9020님이 보냄: /서버재부팅
1-21-2024, 오전 6:50:15: kt9020님이 보냄: /차량초
1-21-2024, 오전 6:51:53: kt9020님이 보냄: /충
1-21-2024, 오전 6:52:02: kt9020님이 보냄: /지뢰
1-21-2024, 오전 6:52:07: kt9020님이 보냄: /충
1-21-2024, 오전 6:52:14: kt9020님이 보냄: /함정파
1-21-2024, 오전 6:52:21: kt9020님이 보냄: /충
1-21-2024, 오전 6:52:27: kt9020님이 보냄: /함정파
1-21-2024, 오전 6:52:31: kt9020님이 보냄: //충
1-21-2024, 오전 6:52:35: kt9020님이 보냄: /충
1-22-2024, 오전 1:45:44: kt9020님이 보냄: /최소버
1-22-2024, 오전 3:40:07: kt9021님이 보냄: /가 미니게임
1-22-2024, 오전 3:40:12: kt9020님이 보냄: /가 미니게임
1-22-2024, 오전 3:40:43: kt9021님이 보냄: /추적사운드
1-22-2024, 오전 3:41:21: kt9021님이 보냄: /추적사운드
1-22-2024, 오전 3:41:25: kt9021님이 보냄: /추적사운드
1-22-2024, 오전 3:41:28: kt9021님이 보냄: /추적사운드
1-22-2024, 오전 3:41:29: kt9021님이 보냄: /추적사운드
1-22-2024, 오전 3:42:09: kt9021님이 보냄: /주변보기
1-22-2024, 오전 3:42:10: kt9021님이 보냄: /주변보기
1-22-2024, 오전 3:42:17: kt9021님이 보냄: /이동 /a @kt9020
1-22-2024, 오전 3:42:19: kt9020님이 보냄: /주변보기
1-22-2024, 오전 3:42:20: kt9020님이 보냄: /주변보기
1-22-2024, 오전 3:42:23: kt9020님이 보냄: /주변보기
1-22-2024, 오전 3:42:24: kt9020님이 보냄: /주변보기
1-22-2024, 오전 3:42:25: kt9020님이 보냄: /추적사운드
1-22-2024, 오전 3:42:35: kt9020님이 보냄: /추적사운드
1-22-2024, 오전 3:42:36: kt9020님이 보냄: /추적사운드
1-22-2024, 오전 3:43:35: kt9021님이 보냄: /추적사운드
1-22-2024, 오전 3:43:36: kt9021님이 보냄: /추적사운드
1-22-2024, 오전 3:43:37: kt9021님이 보냄: /추적사운드
1-22-2024, 오전 3:43:38: kt9021님이 보냄: /추적사운드
1-22-2024, 오전 3:44:13: kt9020님이 보냄: /추적사운드
1-22-2024, 오전 3:44:14: kt9020님이 보냄: /추적사운드
1-22-2024, 오전 3:44:29: kt9020님이 보냄: /추적사운드
1-22-2024, 오전 3:44:30: kt9020님이 보냄: /추적사운드
1-22-2024, 오전 7:10:04: kt9021님이 보냄: /게임말 f
1-26-2024, 오전 10:58:22: kt9020님이 보냄: /서버설정 루프속도 2
1-26-2024, 오전 10:58:25: kt9020님이 보냄: /서버속
1-26-2024, 오전 10:58:31: kt9020님이 보냄: /가 메인
1-26-2024, 오전 11:01:02: kt9020님이 보냄: /로봇창 ivan 10 kt9020 0 0
ivan 10 1 0 0 0 메인
1-26-2024, 오전 11:01:21: kt9020님이 보냄: /지뢰 10000
1-26-2024, 오전 11:01:42: kt9020님이 보냄: /폭
1-26-2024, 오전 11:02:13: kt9020님이 보냄: /지뢰 10000
1-26-2024, 오전 11:02:38: kt9020님이 보냄: /화재
1-26-2024, 오전 11:03:10: kt9020님이 보냄: /옷
1-26-2024, 오전 11:03:17: kt9020님이 보냄: /옷
1-26-2024, 오전 11:03:26: kt9020님이 보냄: /화재
1-26-2024, 오전 11:03:27: kt9020님이 보냄: /옷
1-26-2024, 오전 11:06:26: kt9020님이 보냄: /옷
1-26-2024, 오전 11:06:31: kt9020님이 보냄: /옷
1-26-2024, 오전 11:06:34: kt9020님이 보냄: /화재
1-26-2024, 오전 11:06:40: kt9020님이 보냄: /로봇창 ivan 10 kt9020 0 0 0 메인
1-26-2024, 오전 11:07:10: kt9020님이 보냄: /로봇창 x0 1 kt9020 0 0
1-26-2024, 오전 11:07:33: kt9020님이 보냄: /로봇창 enes 1 kt9020 0 0
1-26-2024, 오전 11:07:44: kt9020님이 보냄: /로봇창 ivan 10 kt9020 0 0 0 메인
1-26-2024, 오전 11:07:55: kt9020님이 보냄: /로봇창 ivan 10 1 0 0 0 메인
1-26-2024, 오전 11:08:15: kt9020님이 보냄: /로봇창 ivan 10 1 0 0 0 메인
1-26-2024, 오전 11:08:26: kt9020님이 보냄: /로봇창 ivan 10 kt9020 0 0 0 메인
1-26-2024, 오전 11:09:18: kt9020님이 보냄: /로봇창 ivan 30 kt9020 0 0 0 메인
1-26-2024, 오전 11:09:28: kt9020님이 보냄: /로봇창 ivan 10 1 0 500 0 메인
1-26-2024, 오전 11:09:42: kt9020님이 보냄: /지뢰 10000
1-26-2024, 오전 11:10:12: kt9020님이 보냄: /옷
1-26-2024, 오전 11:14:31: kt9020님이 보냄: /로봇창 ivan 10 1 0 0 0 메인
1-26-2024, 오전 11:14:41: kt9020님이 보냄: /폭
1-26-2024, 오전 11:14:58: kt9020님이 보냄: /함정
1-26-2024, 오전 11:15:01: kt9020님이 보냄: /ic
1-26-2024, 오전 11:15:13: kt9020님이 보냄: /지뢰 50000
1-26-2024, 오전 11:15:24: kt9020님이 보냄: /로봇창 ivan 5 1 0 0 0 메인
1-26-2024, 오전 11:15:28: kt9020님이 보냄: /옷
1-26-2024, 오전 11:15:36: kt9020님이 보냄: /옷
1-26-2024, 오전 11:15:52: kt9020님이 보냄: /옷
1-26-2024, 오전 11:15:54: kt9020님이 보냄: /화재
1-26-2024, 오전 11:16:01: kt9020님이 보냄: /로봇창 ivan 1 kt9020 0 0
1-26-2024, 오전 11:17:04: kt9020님이 보냄: /로봇창 ivan 1 kt9020 0 0
1-26-2024, 오전 11:17:39: kt9020님이 보냄: /서버설정 루프속도 5
1-26-2024, 오전 11:17:48: kt9020님이 보냄: /화재
1-26-2024, 오전 11:17:56: kt9020님이 보냄: /로봇창 ivan 2 1 0 0 0 메인
1-26-2024, 오전 11:18:04: kt9020님이 보냄: /로봇창 ivan 3 kt9020 0 0
1-26-2024, 오전 11:18:43: kt9020님이 보냄: /함정파 3000
1-26-2024, 오전 11:19:16: kt9020님이 보냄: /화재
1-26-2024, 오전 11:20:56: kt9020님이 보냄: /함정
1-26-2024, 오전 11:21:04: kt9020님이 보냄: /ic
1-26-2024, 오전 11:21:09: kt9020님이 보냄: /서버속
1-26-2024, 오전 11:21:16: kt9020님이 보냄: /셧