
1-7-2024, 오전 1:23:17: 서버가 시작되었습니다.
1-7-2024, 오전 1:29:22: 서버가 시작되었습니다.
1-7-2024, 오전 2:10:02: 서버가 시작되었습니다.
1-7-2024, 오전 2:12:50: 서버가 시작되었습니다.
1-7-2024, 오전 2:21:26: 서버가 시작되었습니다.
1-7-2024, 오후 6:07:23: 서버가 시작되었습니다.
1-21-2024, 오전 6:45:12: 서버가 시작되었습니다.
1-21-2024, 오전 6:46:06: kt9020님이 로그인합니다.
1-21-2024, 오전 6:48:00: 서버가 시작되었습니다.
1-21-2024, 오전 6:48:03: kt9020님이 로그인합니다.
1-21-2024, 오전 6:52:57: kt9020님의 접속이 해제되었습니다.
1-21-2024, 오전 7:01:21: kt9020님이 로그인합니다.
1-21-2024, 오전 7:01:49: kt9020님의 접속이 해제되었습니다.
1-22-2024, 오전 1:44:56: 서버가 시작되었습니다.
1-22-2024, 오전 1:45:19: 서버가 시작되었습니다.
1-22-2024, 오전 1:45:32: kt9021님이 로그인합니다.
1-22-2024, 오전 1:45:37: kt9020님이 로그인합니다.
1-22-2024, 오전 2:13:15: kt9021님이 입문자를 졸업했습니다.
1-22-2024, 오전 7:13:47: kt9020님의 접속이 해제되었습니다.
1-26-2024, 오전 10:58:12: 서버가 시작되었습니다.
1-26-2024, 오전 10:58:15: kt9020님이 로그인합니다.
1-29-2024, 오전 9:18:04: 서버가 시작되었습니다.